2.4954 	WARNING 	User requested fullscreen with size [1440  810], but screen is actually [1920, 1080]. Using actual size
2.7450 	EXP 	Created window1 = Window(allowGUI=False, allowStencil=False, args=UNKNOWN, autoLog=True, bitsMode=UNKNOWN, blendMode='avg', color=array([ 0.,  0.,  0.]), colorSpace='rgb', fullscr=UNKNOWN, gamma=None, kwargs=UNKNOWN, lms=UNKNOWN, monitor=<psychopy.monitors.calibTools.Monitor object at 0x7fe9c19be9b0>, multiSample=False, name='window1', numSamples=2, pos=[0.0, 0.0], screen=0, size=array([1920, 1080]), stereo=False, units='norm', useFBO=True, useRetina=False, viewOri=0.0, viewPos=None, viewScale=None, waitBlanking=True, winType='pyglet')
2.7451 	EXP 	window1: recordFrameIntervals = False
2.7501 	EXP 	window1: recordFrameIntervals = True
2.7551 	EXP 	window1: recordFrameIntervals = False
2.8059 	EXP 	Created instText = TextStim(__class__=<class 'psychopy.visual.text.TextStim'>, alignHoriz='center', alignVert='center', antialias=True, autoLog=True, bold=False, color='white', colorSpace='named', contrast=1.0, depth=0.0, flipHoriz=False, flipVert=False, font='Arial', fontFiles=[], height=0.1, italic=False, name='instText', opacity=1.0, ori=0, pos=array([ 0.,  0.]), rgb=array([ 255.,  255.,  255.]), text='What is your user code?\n', units='norm', win=Window(...), wrapWidth=1)
2.8107 	EXP 	Created target = TextStim(__class__=<class 'psychopy.visual.text.TextStim'>, alignHoriz='center', alignVert='center', antialias=True, autoLog=True, bold=False, color='white', colorSpace='named', contrast=1.0, depth=0.0, flipHoriz=False, flipVert=False, font='Arial', fontFiles=[], height=0.1, italic=False, name='target', opacity=1.0, ori=0, pos=array([ 0.,  0.]), rgb=array([ 255.,  255.,  255.]), text='default text', units='norm', win=Window(...), wrapWidth=1)
2.8139 	EXP 	Sound  set volume 1.000
2.8146 	WARNING 	Requested image 'robot_imgs/pepper' not found but similar filename 'robot_imgs/pepper.png' exists. This will be used instead but changing the filename is advised.
2.9026 	EXP 	Created image = ImageStim(__class__=<class 'psychopy.visual.image.ImageStim'>, autoLog=True, color=array([ 1.,  1.,  1.]), colorSpace='rgb', contrast=1.0, depth=-3.0, flipHoriz=False, flipVert=False, image='robot_imgs/pepper', interpolate=True, mask=None, maskParams=None, name='image', opacity=1.0, ori=0.0, pos=array([ 0.,  0.]), size=array([ 256.        ,  316.66666667]), texRes=128, units='pix', win=Window(...))
2.9030 	WARNING 	Requested image 'robot_imgs/pr2' not found but similar filename 'robot_imgs/pr2.png' exists. This will be used instead but changing the filename is advised.
2.9542 	EXP 	Created image_2 = ImageStim(__class__=<class 'psychopy.visual.image.ImageStim'>, autoLog=True, color=array([ 1.,  1.,  1.]), colorSpace='rgb', contrast=1.0, depth=-4.0, flipHoriz=False, flipVert=False, image='robot_imgs/pr2', interpolate=True, mask=None, maskParams=None, name='image_2', opacity=1.0, ori=0.0, pos=array([ 206.,    0.]), size=array([ 256.        ,  316.66666667]), texRes=128, units='pix', win=Window(...))
2.9563 	EXP 	instText: autoDraw = True
3.6779 	DATA 	Keypress: down
3.6881 	EXP 	Imported sounds.xlsx as conditions, 14 conditions, 5 params
3.6884 	EXP 	Created sequence: random, trialTypes=14, nReps=1, seed=None
3.6887 	EXP 	New trial (rep=0, index=0): OrderedDict([('task_1', 'sounds/pepper_sydney/sentence_05.wav'), ('task_1_raw', 2), ('task_1_duration', 3), ('task_2', 'sounds/pepper_sydney/sentence_02.wav'), ('dummy', 'sounds/pepper_sydney/sentence_05.wav')])
3.6997 	EXP 	instText: autoDraw = False
3.6997 	EXP 	target: text = 'sounds/pepper_sydney/sentence_02.wav'
3.6997 	EXP 	image: autoDraw = True
3.6997 	EXP 	image_2: autoDraw = True
4.1903 	EXP 	target: autoDraw = True
7.9638 	DATA 	Keypress: down
7.9659 	EXP 	New trial (rep=0, index=1): OrderedDict([('task_1', 'sounds/pepper_sydney/sentence_16.wav'), ('task_1_raw', 1), ('task_1_duration', 2), ('task_2', None), ('dummy', 'sounds/pepper_sydney/sentence_05.wav')])
7.9718 	EXP 	target: autoDraw = False
7.9718 	EXP 	image: autoDraw = False
7.9718 	EXP 	image_2: autoDraw = False
7.9718 	EXP 	target: text = 'sounds/pepper_sydney/sentence_02.wav'
7.9718 	EXP 	image: autoDraw = True
7.9718 	EXP 	image_2: autoDraw = True
8.4676 	EXP 	target: autoDraw = True
8.6356 	DATA 	Keypress: down
8.6361 	EXP 	New trial (rep=0, index=2): OrderedDict([('task_1', 'sounds/pepper_sydney/sentence_09.wav'), ('task_1_raw', 2), ('task_1_duration', 3), ('task_2', None), ('dummy', 'sounds/pepper_sydney/sentence_05.wav')])
8.6418 	EXP 	target: autoDraw = False
8.6418 	EXP 	image: autoDraw = False
8.6418 	EXP 	image_2: autoDraw = False
8.6418 	EXP 	target: text = 'sounds/pepper_sydney/sentence_02.wav'
8.6418 	EXP 	image: autoDraw = True
8.6418 	EXP 	image_2: autoDraw = True
9.1380 	EXP 	target: autoDraw = True
9.2917 	DATA 	Keypress: down
9.2930 	EXP 	New trial (rep=0, index=3): OrderedDict([('task_1', 'sounds/pepper_sydney/sentence_04.wav'), ('task_1_raw', 1), ('task_1_duration', 2), ('task_2', 'sounds/pepper_sydney/sentence_01.wav'), ('dummy', 'sounds/pepper_sydney/sentence_05.wav')])
9.3004 	EXP 	target: autoDraw = False
9.3004 	EXP 	image: autoDraw = False
9.3004 	EXP 	image_2: autoDraw = False
9.3004 	EXP 	target: text = 'sounds/pepper_sydney/sentence_01.wav'
9.3004 	EXP 	image: autoDraw = True
9.3004 	EXP 	image_2: autoDraw = True
9.5122 	DATA 	Keypress: escape
9.5217 	EXP 	window1: mouseVisible = True
2.3718 	WARNING 	User requested fullscreen with size [1440  810], but screen is actually [1920, 1080]. Using actual size
2.6105 	EXP 	Created window1 = Window(allowGUI=False, allowStencil=False, args=UNKNOWN, autoLog=True, bitsMode=UNKNOWN, blendMode='avg', color=array([ 0.,  0.,  0.]), colorSpace='rgb', fullscr=UNKNOWN, gamma=None, kwargs=UNKNOWN, lms=UNKNOWN, monitor=<psychopy.monitors.calibTools.Monitor object at 0x7fb3932ae9b0>, multiSample=False, name='window1', numSamples=2, pos=[0.0, 0.0], screen=0, size=array([1920, 1080]), stereo=False, units='norm', useFBO=True, useRetina=False, viewOri=0.0, viewPos=None, viewScale=None, waitBlanking=True, winType='pyglet')
2.6106 	EXP 	window1: recordFrameIntervals = False
2.6153 	EXP 	window1: recordFrameIntervals = True
2.6181 	WARNING 	t of last frame was 0.60ms (=1/1678)
2.6202 	EXP 	window1: recordFrameIntervals = False
2.6699 	EXP 	Created instText = TextStim(__class__=<class 'psychopy.visual.text.TextStim'>, alignHoriz='center', alignVert='center', antialias=True, autoLog=True, bold=False, color='white', colorSpace='named', contrast=1.0, depth=0.0, flipHoriz=False, flipVert=False, font='Arial', fontFiles=[], height=0.1, italic=False, name='instText', opacity=1.0, ori=0, pos=array([ 0.,  0.]), rgb=array([ 255.,  255.,  255.]), text='What is your user code?\n', units='norm', win=Window(...), wrapWidth=1)
2.6749 	EXP 	Created target = TextStim(__class__=<class 'psychopy.visual.text.TextStim'>, alignHoriz='center', alignVert='center', antialias=True, autoLog=True, bold=False, color='white', colorSpace='named', contrast=1.0, depth=0.0, flipHoriz=False, flipVert=False, font='Arial', fontFiles=[], height=0.1, italic=False, name='target', opacity=1.0, ori=0, pos=array([ 0.,  0.]), rgb=array([ 255.,  255.,  255.]), text='default text', units='norm', win=Window(...), wrapWidth=1)
2.6787 	EXP 	Sound  set volume 1.000
2.6794 	WARNING 	Requested image 'robot_imgs/pepper' not found but similar filename 'robot_imgs/pepper.png' exists. This will be used instead but changing the filename is advised.
2.7682 	EXP 	Created image = ImageStim(__class__=<class 'psychopy.visual.image.ImageStim'>, autoLog=True, color=array([ 1.,  1.,  1.]), colorSpace='rgb', contrast=1.0, depth=-3.0, flipHoriz=False, flipVert=False, image='robot_imgs/pepper', interpolate=True, mask=None, maskParams=None, name='image', opacity=1.0, ori=0.0, pos=array([ 0.,  0.]), size=array([ 256.        ,  316.66666667]), texRes=128, units='pix', win=Window(...))
2.7686 	WARNING 	Requested image 'robot_imgs/pr2' not found but similar filename 'robot_imgs/pr2.png' exists. This will be used instead but changing the filename is advised.
2.8270 	EXP 	Created image_2 = ImageStim(__class__=<class 'psychopy.visual.image.ImageStim'>, autoLog=True, color=array([ 1.,  1.,  1.]), colorSpace='rgb', contrast=1.0, depth=-4.0, flipHoriz=False, flipVert=False, image='robot_imgs/pr2', interpolate=True, mask=None, maskParams=None, name='image_2', opacity=1.0, ori=0.0, pos=array([-306.,    0.]), size=array([ 256.        ,  316.66666667]), texRes=128, units='pix', win=Window(...))
2.8293 	EXP 	instText: autoDraw = True
3.2517 	DATA 	Keypress: down
3.2606 	EXP 	Imported sounds.xlsx as conditions, 14 conditions, 5 params
3.2610 	EXP 	Created sequence: random, trialTypes=14, nReps=1, seed=None
3.2614 	EXP 	New trial (rep=0, index=0): OrderedDict([('task_1', 'sounds/pepper_sydney/sentence_05.wav'), ('task_1_raw', 2), ('task_1_duration', 3), ('task_2', 'sounds/pepper_sydney/sentence_02.wav'), ('dummy', 'sounds/pepper_sydney/sentence_05.wav')])
3.2724 	EXP 	instText: autoDraw = False
3.2724 	EXP 	target: text = 'sounds/pepper_sydney/sentence_02.wav'
3.2724 	EXP 	image: autoDraw = True
3.2724 	EXP 	image_2: autoDraw = True
3.7627 	EXP 	target: autoDraw = True
18.0319 	DATA 	Keypress: down
18.0335 	EXP 	New trial (rep=0, index=1): OrderedDict([('task_1', 'sounds/pepper_sydney/sentence_16.wav'), ('task_1_raw', 1), ('task_1_duration', 2), ('task_2', None), ('dummy', 'sounds/pepper_sydney/sentence_05.wav')])
18.0397 	EXP 	target: autoDraw = False
18.0397 	EXP 	image: autoDraw = False
18.0397 	EXP 	image_2: autoDraw = False
18.0397 	EXP 	target: text = 'sounds/pepper_sydney/sentence_02.wav'
18.0397 	EXP 	image: autoDraw = True
18.0397 	EXP 	image_2: autoDraw = True
18.5347 	EXP 	target: autoDraw = True
19.0386 	DATA 	Keypress: escape
19.0442 	EXP 	window1: mouseVisible = True
