2.9865 	WARNING 	User requested fullscreen with size [1440  810], but screen is actually [2880, 1620]. Using actual size
4.3739 	EXP 	Created window1 = Window(allowGUI=False, allowStencil=False, args=UNKNOWN, autoLog=True, bitsMode=UNKNOWN, blendMode='avg', color=array([0., 0., 0.]), colorSpace='rgb', fullscr=UNKNOWN, gamma=None, kwargs=UNKNOWN, lms=UNKNOWN, monitor=<psychopy.monitors.calibTools.Monitor object at 0x0000000012BE8748>, multiSample=False, name='window1', numSamples=2, pos=[0, 0], screen=0, size=array([2880, 1620]), stereo=False, units=u'norm', useFBO=True, useRetina=False, viewOri=0.0, viewPos=None, viewScale=None, waitBlanking=True, winType=u'pyglet')
4.3740 	EXP 	window1: recordFrameIntervals = False
4.5390 	EXP 	window1: recordFrameIntervals = True
4.7225 	EXP 	window1: recordFrameIntervals = False
4.8150 	EXP 	Created instText = TextStim(alignHoriz='center', alignVert='center', antialias=True, autoLog=True, bold=False, color='white', colorSpace='named', contrast=1.0, depth=0.0, flipHoriz=False, flipVert=False, font='Arial', fontFiles=[], height=0.1, italic=False, name='instText', opacity=1.0, ori=0, pos=array([0., 0.]), rgb=array([255., 255., 255.]), text='What is your user code?\n', units=u'norm', win=Window(...), wrapWidth=1)
4.8241 	EXP 	Created target = TextStim(alignHoriz='center', alignVert='center', antialias=True, autoLog=True, bold=False, color=array([1., 1., 1.]), colorSpace='rgb', contrast=1.0, depth=0.0, flipHoriz=False, flipVert=False, font='Arial', fontFiles=[], height=0.1, italic=False, name='target', opacity=1.0, ori=0, pos=array([0., 0.]), rgb=array([1., 1., 1.]), text='default text', units=u'norm', win=Window(...), wrapWidth=1)
4.8843 	EXP 	Sound  set volume 1.000
4.8974 	EXP 	instText: autoDraw = True
5.5241 	DATA 	Keypress: down
5.5734 	EXP 	Imported sounds\sounds.xlsx as conditions, 14 conditions, 6 params
5.5740 	EXP 	Created sequence: random, trialTypes=14, nReps=1, seed=None
5.5746 	EXP 	New trial (rep=0, index=0): OrderedDict([(u'task_1', u'sounds/pepper_sydney/sentence_09'), (u'task_1_raw', 2), (u'task_1_duration', 3), (u'task_2', None), (u'task_2_raw', None), (u'task_2_duration', None)])
5.5945 	EXP 	instText: autoDraw = False
5.5945 	EXP 	target: color = 'white (named)'
5.5945 	EXP 	target: text = 'listen'
6.1069 	EXP 	target: autoDraw = True
9.1755 	DATA 	Keypress: down
9.1778 	EXP 	New trial (rep=0, index=1): OrderedDict([(u'task_1', u'sounds/pepper_sydney/sentence_14'), (u'task_1_raw', 1), (u'task_1_duration', 2), (u'task_2', None), (u'task_2_raw', None), (u'task_2_duration', None)])
9.1939 	EXP 	target: autoDraw = False
9.1939 	EXP 	target: color = 'white (named)'
9.1939 	EXP 	target: text = 'listen'
9.7089 	EXP 	target: autoDraw = True
11.6585 	DATA 	Keypress: down
11.6591 	EXP 	New trial (rep=0, index=2): OrderedDict([(u'task_1', u'sounds/pepper_sydney/sentence_07'), (u'task_1_raw', 2), (u'task_1_duration', 3), (u'task_2', None), (u'task_2_raw', None), (u'task_2_duration', None)])
11.6748 	EXP 	target: autoDraw = False
11.6748 	EXP 	target: color = 'white (named)'
11.6748 	EXP 	target: text = 'listen'
12.1768 	EXP 	target: autoDraw = True
12.8143 	DATA 	Keypress: down
12.8161 	EXP 	New trial (rep=0, index=3): OrderedDict([(u'task_1', u'sounds/pepper_sydney/sentence_12'), (u'task_1_raw', 2), (u'task_1_duration', 3), (u'task_2', None), (u'task_2_raw', None), (u'task_2_duration', None)])
12.8315 	EXP 	target: autoDraw = False
12.8315 	EXP 	target: color = 'white (named)'
12.8315 	EXP 	target: text = 'listen'
13.3442 	EXP 	target: autoDraw = True
14.0613 	DATA 	Keypress: escape
14.1379 	EXP 	window1: mouseVisible = True
2.2797 	WARNING 	User requested fullscreen with size [1440  810], but screen is actually [2880, 1620]. Using actual size
5.0509 	WARNING 	Couldn't measure a consistent frame rate.
  - Is your graphics card set to sync to vertical blank?
  - Are you running other processes on your computer?

5.0520 	EXP 	Created window1 = Window(allowGUI=False, allowStencil=False, args=UNKNOWN, autoLog=True, bitsMode=UNKNOWN, blendMode='avg', color=array([0., 0., 0.]), colorSpace='rgb', fullscr=UNKNOWN, gamma=None, kwargs=UNKNOWN, lms=UNKNOWN, monitor=<psychopy.monitors.calibTools.Monitor object at 0x0000000012C2D748>, multiSample=False, name='window1', numSamples=2, pos=[0, 0], screen=0, size=array([2880, 1620]), stereo=False, units=u'norm', useFBO=True, useRetina=False, viewOri=0.0, viewPos=None, viewScale=None, waitBlanking=True, winType=u'pyglet')
5.0521 	EXP 	window1: recordFrameIntervals = False
5.2630 	EXP 	window1: recordFrameIntervals = True
5.3278 	WARNING 	t of last frame was 27.20ms (=1/36)
5.4111 	WARNING 	t of last frame was 27.31ms (=1/36)
5.4946 	WARNING 	t of last frame was 27.67ms (=1/36)
5.5780 	WARNING 	t of last frame was 27.45ms (=1/36)
5.6447 	WARNING 	Multiple dropped frames have occurred - I'll stop bothering you about them!
7.2942 	WARNING 	Couldn't measure a consistent frame rate.
  - Is your graphics card set to sync to vertical blank?
  - Are you running other processes on your computer?

7.3822 	EXP 	Created instText = TextStim(alignHoriz='center', alignVert='center', antialias=True, autoLog=True, bold=False, color='white', colorSpace='named', contrast=1.0, depth=0.0, flipHoriz=False, flipVert=False, font='Arial', fontFiles=[], height=0.1, italic=False, name='instText', opacity=1.0, ori=0, pos=array([0., 0.]), rgb=array([255., 255., 255.]), text='What is your user code?\n', units=u'norm', win=Window(...), wrapWidth=1)
7.3910 	EXP 	Created target = TextStim(alignHoriz='center', alignVert='center', antialias=True, autoLog=True, bold=False, color=array([1., 1., 1.]), colorSpace='rgb', contrast=1.0, depth=0.0, flipHoriz=False, flipVert=False, font='Arial', fontFiles=[], height=0.1, italic=False, name='target', opacity=1.0, ori=0, pos=array([0., 0.]), rgb=array([1., 1., 1.]), text='default text', units=u'norm', win=Window(...), wrapWidth=1)
7.4545 	EXP 	Sound  set volume 1.000
7.4691 	EXP 	instText: autoDraw = True
7.9007 	DATA 	Keypress: down
7.9498 	EXP 	Imported sounds\sounds.xlsx as conditions, 14 conditions, 6 params
7.9504 	EXP 	Created sequence: random, trialTypes=14, nReps=1, seed=None
7.9509 	EXP 	New trial (rep=0, index=0): OrderedDict([(u'task_1', u'sounds/pepper_sydney/sentence_16'), (u'task_1_raw', 1), (u'task_1_duration', 2), (u'task_2', None), (u'task_2_raw', None), (u'task_2_duration', None)])
8.0085 	EXP 	window1: mouseVisible = True
