2.5354 	WARNING 	User requested fullscreen with size [1440  810], but screen is actually [1920, 1080]. Using actual size
2.7811 	EXP 	Created window1 = Window(allowGUI=False, allowStencil=False, args=UNKNOWN, autoLog=True, bitsMode=UNKNOWN, blendMode='avg', color=array([ 0.,  0.,  0.]), colorSpace='rgb', fullscr=UNKNOWN, gamma=None, kwargs=UNKNOWN, lms=UNKNOWN, monitor=<psychopy.monitors.calibTools.Monitor object at 0x7f43df66f860>, multiSample=False, name='window1', numSamples=2, pos=[0.0, 0.0], screen=0, size=array([1920, 1080]), stereo=False, units='norm', useFBO=True, useRetina=False, viewOri=0.0, viewPos=None, viewScale=None, waitBlanking=True, winType='pyglet')
2.7812 	EXP 	window1: recordFrameIntervals = False
2.7858 	EXP 	window1: recordFrameIntervals = True
2.7910 	EXP 	window1: recordFrameIntervals = False
2.8346 	EXP 	Created instText = TextStim(__class__=<class 'psychopy.visual.text.TextStim'>, alignHoriz='center', alignVert='center', antialias=True, autoLog=True, bold=False, color='white', colorSpace='named', contrast=1.0, depth=0.0, flipHoriz=False, flipVert=False, font='Arial', fontFiles=[], height=0.1, italic=False, name='instText', opacity=1.0, ori=0, pos=array([ 0.,  0.]), rgb=array([ 255.,  255.,  255.]), text='What is your user code?\n', units='norm', win=Window(...), wrapWidth=1)
2.8391 	EXP 	Created target = TextStim(__class__=<class 'psychopy.visual.text.TextStim'>, alignHoriz='center', alignVert='center', antialias=True, autoLog=True, bold=False, color='white', colorSpace='named', contrast=1.0, depth=0.0, flipHoriz=False, flipVert=False, font='Arial', fontFiles=[], height=0.1, italic=False, name='target', opacity=1.0, ori=0, pos=array([ 0.,  0.]), rgb=array([ 255.,  255.,  255.]), text='default text', units='norm', win=Window(...), wrapWidth=1)
2.8823 	EXP 	Sound  set volume 1.000
2.8842 	EXP 	instText: autoDraw = True
4.1880 	DATA 	Keypress: down
4.1975 	EXP 	Imported sounds.xlsx as conditions, 14 conditions, 7 params
4.1979 	EXP 	Created sequence: random, trialTypes=14, nReps=1, seed=None
4.1983 	EXP 	New trial (rep=0, index=0): OrderedDict([('voice1', 'sounds/pepper_sydney/sentence_04.wav'), ('task_1_raw', 2), ('task_1_duration', 3), ('task_2', None), ('task_2_raw', None), ('task_2_duration', None), ('old', 'sounds/pepper_sydney/sentence_10.wav')])
4.2096 	EXP 	instText: autoDraw = False
4.2096 	EXP 	target: text = 'sounds/pepper_sydney/sentence_04.wav'
4.6997 	EXP 	target: autoDraw = True
6.7377 	DATA 	Keypress: down
6.7383 	EXP 	New trial (rep=0, index=1): OrderedDict([('voice1', 'sounds/pepper_sydney/sentence_04.wav'), ('task_1_raw', 2), ('task_1_duration', 3), ('task_2', None), ('task_2_raw', None), ('task_2_duration', None), ('old', 'sounds/pepper_sydney/sentence_12.wav')])
6.7395 	EXP 	target: autoDraw = False
6.7395 	EXP 	target: text = 'sounds/pepper_sydney/sentence_04.wav'
7.2392 	EXP 	target: autoDraw = True
9.0767 	DATA 	Keypress: down
9.0777 	EXP 	New trial (rep=0, index=2): OrderedDict([('voice1', 'sounds/pepper_sydney/sentence_04.wav'), ('task_1_raw', 1), ('task_1_duration', 2), ('task_2', None), ('task_2_raw', None), ('task_2_duration', None), ('old', 'sounds/pepper_sydney/sentence_08.wav')])
9.0787 	EXP 	target: autoDraw = False
9.0787 	EXP 	target: text = 'sounds/pepper_sydney/sentence_04.wav'
9.5791 	EXP 	target: autoDraw = True
11.2859 	DATA 	Keypress: down
11.2863 	EXP 	New trial (rep=0, index=3): OrderedDict([('voice1', 'sounds/pepper_sydney/sentence_04.wav'), ('task_1_raw', 1), ('task_1_duration', 2), ('task_2', None), ('task_2_raw', None), ('task_2_duration', None), ('old', 'sounds/pepper_sydney/sentence_11.wav')])
11.2875 	EXP 	target: autoDraw = False
11.2875 	EXP 	target: text = 'sounds/pepper_sydney/sentence_04.wav'
11.7880 	EXP 	target: autoDraw = True
14.0358 	DATA 	Keypress: down
14.0364 	EXP 	New trial (rep=0, index=4): OrderedDict([('voice1', 'sounds/pepper_sydney/sentence_04.wav'), ('task_1_raw', 2), ('task_1_duration', 3), ('task_2', None), ('task_2_raw', None), ('task_2_duration', None), ('old', 'sounds/pepper_sydney/sentence_09.wav')])
14.0377 	EXP 	target: autoDraw = False
14.0377 	EXP 	target: text = 'sounds/pepper_sydney/sentence_04.wav'
14.5375 	EXP 	target: autoDraw = True
14.8569 	DATA 	Keypress: escape
14.8621 	EXP 	window1: mouseVisible = True
