2.6841 	WARNING 	User requested fullscreen with size [1440  810], but screen is actually [2880, 1620]. Using actual size
3.9891 	EXP 	Created window1 = Window(allowGUI=False, allowStencil=False, args=UNKNOWN, autoLog=True, bitsMode=UNKNOWN, blendMode='avg', color=array([0., 0., 0.]), colorSpace='rgb', fullscr=UNKNOWN, gamma=None, kwargs=UNKNOWN, lms=UNKNOWN, monitor=<psychopy.monitors.calibTools.Monitor object at 0x000000001365B710>, multiSample=False, name='window1', numSamples=2, pos=[0, 0], screen=0, size=array([2880, 1620]), stereo=False, units=u'norm', useFBO=True, useRetina=False, viewOri=0.0, viewPos=None, viewScale=None, waitBlanking=True, winType=u'pyglet')
3.9892 	EXP 	window1: recordFrameIntervals = False
4.1685 	EXP 	window1: recordFrameIntervals = True
4.3536 	EXP 	window1: recordFrameIntervals = False
4.4484 	EXP 	Created instText = TextStim(alignHoriz='center', alignVert='center', antialias=True, autoLog=True, bold=False, color='white', colorSpace='named', contrast=1.0, depth=0.0, flipHoriz=False, flipVert=False, font='Arial', fontFiles=[], height=0.1, italic=False, name='instText', opacity=1.0, ori=0, pos=array([0., 0.]), rgb=array([255., 255., 255.]), text='What is your user code?\n', units=u'norm', win=Window(...), wrapWidth=1)
4.4572 	EXP 	Created target = TextStim(alignHoriz='center', alignVert='center', antialias=True, autoLog=True, bold=False, color=array([1., 1., 1.]), colorSpace='rgb', contrast=1.0, depth=0.0, flipHoriz=False, flipVert=False, font='Arial', fontFiles=[], height=0.1, italic=False, name='target', opacity=1.0, ori=0, pos=array([0., 0.]), rgb=array([1., 1., 1.]), text='default text', units=u'norm', win=Window(...), wrapWidth=1)
4.5041 	EXP 	Sound  set volume 1.000
4.5200 	EXP 	instText: autoDraw = True
4.9396 	DATA 	Keypress: down
4.9411 	EXP 	Created sequence: random, trialTypes=1, nReps=1, seed=None
4.9422 	EXP 	New trial (rep=0, index=0): None
4.9750 	EXP 	instText: autoDraw = False
4.9750 	EXP 	target: color = 'white (named)'
4.9750 	EXP 	target: text = 'listen'
5.4762 	EXP 	target: autoDraw = True
8.8575 	DATA 	Keypress: down
8.9551 	EXP 	window1: mouseVisible = True
2.5864 	WARNING 	User requested fullscreen with size [1440  810], but screen is actually [2880, 1620]. Using actual size
5.3599 	WARNING 	Couldn't measure a consistent frame rate.
  - Is your graphics card set to sync to vertical blank?
  - Are you running other processes on your computer?

5.3610 	EXP 	Created window1 = Window(allowGUI=False, allowStencil=False, args=UNKNOWN, autoLog=True, bitsMode=UNKNOWN, blendMode='avg', color=array([0., 0., 0.]), colorSpace='rgb', fullscr=UNKNOWN, gamma=None, kwargs=UNKNOWN, lms=UNKNOWN, monitor=<psychopy.monitors.calibTools.Monitor object at 0x00000000128EB710>, multiSample=False, name='window1', numSamples=2, pos=[0, 0], screen=0, size=array([2880, 1620]), stereo=False, units=u'norm', useFBO=True, useRetina=False, viewOri=0.0, viewPos=None, viewScale=None, waitBlanking=True, winType=u'pyglet')
5.3611 	EXP 	window1: recordFrameIntervals = False
5.5634 	EXP 	window1: recordFrameIntervals = True
5.6098 	WARNING 	t of last frame was 27.76ms (=1/36)
5.6931 	WARNING 	t of last frame was 27.29ms (=1/36)
5.7765 	WARNING 	t of last frame was 27.37ms (=1/36)
5.8590 	WARNING 	t of last frame was 26.40ms (=1/37)
5.9599 	WARNING 	Multiple dropped frames have occurred - I'll stop bothering you about them!
7.6486 	WARNING 	Couldn't measure a consistent frame rate.
  - Is your graphics card set to sync to vertical blank?
  - Are you running other processes on your computer?

7.7402 	EXP 	Created instText = TextStim(alignHoriz='center', alignVert='center', antialias=True, autoLog=True, bold=False, color='white', colorSpace='named', contrast=1.0, depth=0.0, flipHoriz=False, flipVert=False, font='Arial', fontFiles=[], height=0.1, italic=False, name='instText', opacity=1.0, ori=0, pos=array([0., 0.]), rgb=array([255., 255., 255.]), text='What is your user code?\n', units=u'norm', win=Window(...), wrapWidth=1)
7.7490 	EXP 	Created target = TextStim(alignHoriz='center', alignVert='center', antialias=True, autoLog=True, bold=False, color=array([1., 1., 1.]), colorSpace='rgb', contrast=1.0, depth=0.0, flipHoriz=False, flipVert=False, font='Arial', fontFiles=[], height=0.1, italic=False, name='target', opacity=1.0, ori=0, pos=array([0., 0.]), rgb=array([1., 1., 1.]), text='default text', units=u'norm', win=Window(...), wrapWidth=1)
7.7909 	EXP 	Sound  set volume 1.000
7.8048 	EXP 	instText: autoDraw = True
8.3961 	DATA 	Keypress: down
8.3976 	EXP 	Created sequence: random, trialTypes=1, nReps=1, seed=None
8.3988 	EXP 	New trial (rep=0, index=0): None
8.4318 	EXP 	instText: autoDraw = False
8.4318 	EXP 	target: color = 'white (named)'
8.4318 	EXP 	target: text = 'listen'
8.9459 	EXP 	target: autoDraw = True
11.6147 	DATA 	Keypress: down
11.7235 	EXP 	window1: mouseVisible = True
