2.9394 	WARNING 	User requested fullscreen with size [1440  810], but screen is actually [2880, 1620]. Using actual size
4.8096 	EXP 	Created window1 = Window(allowGUI=False, allowStencil=False, args=UNKNOWN, autoLog=True, bitsMode=UNKNOWN, blendMode='avg', color=array([0., 0., 0.]), colorSpace='rgb', fullscr=UNKNOWN, gamma=None, kwargs=UNKNOWN, lms=UNKNOWN, monitor=<psychopy.monitors.calibTools.Monitor object at 0x0000000013307710>, multiSample=False, name='window1', numSamples=2, pos=[0, 0], screen=0, size=array([2880, 1620]), stereo=False, units=u'norm', useFBO=True, useRetina=False, viewOri=0.0, viewPos=None, viewScale=None, waitBlanking=True, winType=u'pyglet')
4.8097 	EXP 	window1: recordFrameIntervals = False
4.9749 	EXP 	window1: recordFrameIntervals = True
5.1585 	EXP 	window1: recordFrameIntervals = False
5.2449 	EXP 	Created instText = TextStim(alignHoriz='center', alignVert='center', antialias=True, autoLog=True, bold=False, color=u'white', colorSpace='named', contrast=1.0, depth=0.0, flipHoriz=False, flipVert=False, font=u'Arial', fontFiles=[], height=0.1, italic=False, name='instText', opacity=1.0, ori=0, pos=array([0., 0.]), rgb=array([255., 255., 255.]), text='What is your user code?\n', units=u'norm', win=Window(...), wrapWidth=1)
5.2450 	ERROR 	Unknown colorSpace: None
5.2538 	EXP 	Created target = TextStim(alignHoriz='center', alignVert='center', antialias=True, autoLog=True, bold=False, color=None, colorSpace=None, contrast=1.0, depth=0.0, flipHoriz=False, flipVert=False, font=u'Arial', fontFiles=[], height=0.1, italic=False, name='target', opacity=1.0, ori=0, pos=array([0., 0.]), rgb=None, text='default text', units=u'norm', win=Window(...), wrapWidth=1)
5.3157 	EXP 	Sound  set volume 1.000
5.3164 	WARNING 	Requested image u'robot_imgs/pr2' not found but similar filename u'robot_imgs/pr2.png' exists. This will be used instead but changing the filename is advised.
5.3432 	EXP 	Created image = ImageStim(autoLog=True, color=array([1., 1., 1.]), colorSpace='rgb', contrast=1.0, depth=-3.0, flipHoriz=False, flipVert=False, image=u'robot_imgs/pr2', interpolate=True, mask=None, maskParams=None, name='image', opacity=1.0, ori=0.0, pos=array([-0.3,  0. ]), size=array([0.53333333, 1.17283951]), texRes=128, units=u'norm', win=Window(...))
5.3437 	WARNING 	Requested image u'robot_imgs/pr2' not found but similar filename u'robot_imgs/pr2.png' exists. This will be used instead but changing the filename is advised.
5.3707 	EXP 	Created image_2 = ImageStim(autoLog=True, color=array([1., 1., 1.]), colorSpace='rgb', contrast=1.0, depth=-4.0, flipHoriz=False, flipVert=False, image=u'robot_imgs/pr2', interpolate=True, mask=None, maskParams=None, name='image_2', opacity=1.0, ori=0.0, pos=array([0., 0.]), size=array([180., 280.]), texRes=128, units='pix', win=Window(...))
5.3711 	WARNING 	Requested image u'robot_imgs/pr2' not found but similar filename u'robot_imgs/pr2.png' exists. This will be used instead but changing the filename is advised.
5.3982 	EXP 	Created image_3 = ImageStim(autoLog=True, color=array([1., 1., 1.]), colorSpace='rgb', contrast=1.0, depth=-5.0, flipHoriz=False, flipVert=False, image=u'robot_imgs/pr2', interpolate=True, mask=None, maskParams=None, name='image_3', opacity=1.0, ori=0.0, pos=array([-0.66,  0.  ]), size=array([0.53333333, 1.17283951]), texRes=128, units=u'norm', win=Window(...))
5.4108 	EXP 	instText: autoDraw = True
5.8134 	DATA 	Keypress: down
5.8504 	EXP 	Imported sounds\sounds.xlsx as conditions, 14 conditions, 6 params
5.8510 	EXP 	Created sequence: random, trialTypes=14, nReps=1, seed=None
5.8516 	EXP 	New trial (rep=0, index=0): OrderedDict([(u'task_1', u'pepper_sydney/sentence_11'), (u'task_1_raw', 1), (u'task_1_duration', 2), (u'task_2', None), (u'task_2_raw', None), (u'task_2_duration', None)])
5.9181 	EXP 	window1: mouseVisible = True
3.0022 	WARNING 	User requested fullscreen with size [1440  810], but screen is actually [2880, 1620]. Using actual size
5.8434 	WARNING 	Couldn't measure a consistent frame rate.
  - Is your graphics card set to sync to vertical blank?
  - Are you running other processes on your computer?

5.8446 	EXP 	Created window1 = Window(allowGUI=False, allowStencil=False, args=UNKNOWN, autoLog=True, bitsMode=UNKNOWN, blendMode='avg', color=array([0., 0., 0.]), colorSpace='rgb', fullscr=UNKNOWN, gamma=None, kwargs=UNKNOWN, lms=UNKNOWN, monitor=<psychopy.monitors.calibTools.Monitor object at 0x0000000012B64710>, multiSample=False, name='window1', numSamples=2, pos=[0, 0], screen=0, size=array([2880, 1620]), stereo=False, units=u'norm', useFBO=True, useRetina=False, viewOri=0.0, viewPos=None, viewScale=None, waitBlanking=True, winType=u'pyglet')
5.8447 	EXP 	window1: recordFrameIntervals = False
6.0602 	EXP 	window1: recordFrameIntervals = True
6.1270 	WARNING 	t of last frame was 20.20ms (=1/49)
6.1539 	WARNING 	t of last frame was 26.84ms (=1/37)
6.2207 	WARNING 	t of last frame was 27.80ms (=1/35)
6.2874 	WARNING 	t of last frame was 27.63ms (=1/36)
6.3541 	WARNING 	Multiple dropped frames have occurred - I'll stop bothering you about them!
8.2777 	WARNING 	Couldn't measure a consistent frame rate.
  - Is your graphics card set to sync to vertical blank?
  - Are you running other processes on your computer?

8.3666 	EXP 	Created instText = TextStim(alignHoriz='center', alignVert='center', antialias=True, autoLog=True, bold=False, color=u'white', colorSpace='named', contrast=1.0, depth=0.0, flipHoriz=False, flipVert=False, font=u'Arial', fontFiles=[], height=0.1, italic=False, name='instText', opacity=1.0, ori=0, pos=array([0., 0.]), rgb=array([255., 255., 255.]), text='What is your user code?\n', units=u'norm', win=Window(...), wrapWidth=1)
8.3667 	ERROR 	Unknown colorSpace: None
8.3749 	EXP 	Created target = TextStim(alignHoriz='center', alignVert='center', antialias=True, autoLog=True, bold=False, color=None, colorSpace=None, contrast=1.0, depth=0.0, flipHoriz=False, flipVert=False, font=u'Arial', fontFiles=[], height=0.1, italic=False, name='target', opacity=1.0, ori=0, pos=array([0., 0.]), rgb=None, text='default text', units=u'norm', win=Window(...), wrapWidth=1)
8.4178 	EXP 	Sound  set volume 1.000
8.4186 	WARNING 	Requested image u'robot_imgs/pr2' not found but similar filename u'robot_imgs/pr2.png' exists. This will be used instead but changing the filename is advised.
8.4640 	EXP 	Created image = ImageStim(autoLog=True, color=array([1., 1., 1.]), colorSpace='rgb', contrast=1.0, depth=-3.0, flipHoriz=False, flipVert=False, image=u'robot_imgs/pr2', interpolate=True, mask=None, maskParams=None, name='image', opacity=1.0, ori=0.0, pos=array([-0.3,  0. ]), size=array([0.53333333, 1.17283951]), texRes=128, units=u'norm', win=Window(...))
8.4644 	WARNING 	Requested image u'robot_imgs/pr2' not found but similar filename u'robot_imgs/pr2.png' exists. This will be used instead but changing the filename is advised.
8.4879 	EXP 	Created image_2 = ImageStim(autoLog=True, color=array([1., 1., 1.]), colorSpace='rgb', contrast=1.0, depth=-4.0, flipHoriz=False, flipVert=False, image=u'robot_imgs/pr2', interpolate=True, mask=None, maskParams=None, name='image_2', opacity=1.0, ori=0.0, pos=array([0., 0.]), size=array([180., 280.]), texRes=128, units='pix', win=Window(...))
8.4884 	WARNING 	Requested image u'robot_imgs/pr2' not found but similar filename u'robot_imgs/pr2.png' exists. This will be used instead but changing the filename is advised.
8.5121 	EXP 	Created image_3 = ImageStim(autoLog=True, color=array([1., 1., 1.]), colorSpace='rgb', contrast=1.0, depth=-5.0, flipHoriz=False, flipVert=False, image=u'robot_imgs/pr2', interpolate=True, mask=None, maskParams=None, name='image_3', opacity=1.0, ori=0.0, pos=array([-0.66,  0.  ]), size=array([0.53333333, 1.17283951]), texRes=128, units=u'norm', win=Window(...))
8.5259 	EXP 	instText: autoDraw = True
8.8307 	DATA 	Keypress: down
8.8327 	EXP 	Created sequence: random, trialTypes=1, nReps=1, seed=None
8.8334 	EXP 	New trial (rep=0, index=0): None
8.9202 	EXP 	window1: mouseVisible = True
