2.0162 	WARNING 	User requested fullscreen with size [1440  810], but screen is actually [1920, 1080]. Using actual size
2.2665 	EXP 	Created window1 = Window(allowGUI=False, allowStencil=False, args=UNKNOWN, autoLog=True, bitsMode=UNKNOWN, blendMode='avg', color=array([ 0.,  0.,  0.]), colorSpace='rgb', fullscr=UNKNOWN, gamma=None, kwargs=UNKNOWN, lms=UNKNOWN, monitor=<psychopy.monitors.calibTools.Monitor object at 0x7f75098e8860>, multiSample=False, name='window1', numSamples=2, pos=[0.0, 0.0], screen=0, size=array([1920, 1080]), stereo=False, units='norm', useFBO=True, useRetina=False, viewOri=0.0, viewPos=None, viewScale=None, waitBlanking=True, winType='pyglet')
2.2666 	EXP 	window1: recordFrameIntervals = False
2.2721 	EXP 	window1: recordFrameIntervals = True
2.2774 	WARNING 	t of last frame was 0.76ms (=1/1312)
2.2780 	EXP 	window1: recordFrameIntervals = False
2.3213 	EXP 	Created instText = TextStim(__class__=<class 'psychopy.visual.text.TextStim'>, alignHoriz='center', alignVert='center', antialias=True, autoLog=True, bold=False, color='white', colorSpace='named', contrast=1.0, depth=0.0, flipHoriz=False, flipVert=False, font='Arial', fontFiles=[], height=0.1, italic=False, name='instText', opacity=1.0, ori=0, pos=array([ 0.,  0.]), rgb=array([ 255.,  255.,  255.]), text='What is your user code?\n', units='norm', win=Window(...), wrapWidth=1)
2.3256 	EXP 	Created target = TextStim(__class__=<class 'psychopy.visual.text.TextStim'>, alignHoriz='center', alignVert='center', antialias=True, autoLog=True, bold=False, color='white', colorSpace='named', contrast=1.0, depth=0.0, flipHoriz=False, flipVert=False, font='Arial', fontFiles=[], height=0.1, italic=False, name='target', opacity=1.0, ori=0, pos=array([ 0.,  0.]), rgb=array([ 255.,  255.,  255.]), text='default text', units='norm', win=Window(...), wrapWidth=1)
2.3287 	EXP 	Sound  set volume 1.000
2.3307 	EXP 	instText: autoDraw = True
3.3764 	DATA 	Keypress: down
3.3848 	EXP 	Imported sounds.xlsx as conditions, 14 conditions, 7 params
3.3851 	EXP 	Created sequence: random, trialTypes=14, nReps=1, seed=None
3.3854 	EXP 	New trial (rep=0, index=0): OrderedDict([('voice1', 'sounds/pepper_sydney/sentence_17.wav'), ('task_1_raw', 1), ('task_1_duration', 2), ('task_2', None), ('task_2_raw', None), ('task_2_duration', None), ('old', None)])
3.3951 	EXP 	instText: autoDraw = False
3.3951 	EXP 	target: text = 'sounds/pepper_sydney/sentence_17.wav'
3.8866 	EXP 	target: autoDraw = True
5.4898 	DATA 	Keypress: down
5.4909 	EXP 	New trial (rep=0, index=1): OrderedDict([('voice1', 'sounds/pepper_sydney/sentence_13.wav'), ('task_1_raw', 1), ('task_1_duration', 2), ('task_2', None), ('task_2_raw', None), ('task_2_duration', None), ('old', None)])
5.4969 	EXP 	target: autoDraw = False
5.4969 	EXP 	target: text = 'sounds/pepper_sydney/sentence_13.wav'
5.9920 	EXP 	target: autoDraw = True
7.8636 	DATA 	Keypress: down
7.8651 	EXP 	New trial (rep=0, index=2): OrderedDict([('voice1', 'sounds/pepper_sydney/sentence_10.wav'), ('task_1_raw', 2), ('task_1_duration', 3), ('task_2', None), ('task_2_raw', None), ('task_2_duration', None), ('old', None)])
7.8710 	EXP 	target: autoDraw = False
7.8710 	EXP 	target: text = 'sounds/pepper_sydney/sentence_10.wav'
8.3664 	EXP 	target: autoDraw = True
10.1878 	DATA 	Keypress: down
10.1883 	EXP 	New trial (rep=0, index=3): OrderedDict([('voice1', 'sounds/pepper_sydney/sentence_07.wav'), ('task_1_raw', 2), ('task_1_duration', 3), ('task_2', None), ('task_2_raw', None), ('task_2_duration', None), ('old', None)])
10.1939 	EXP 	target: autoDraw = False
10.1939 	EXP 	target: text = 'sounds/pepper_sydney/sentence_07.wav'
10.6895 	EXP 	target: autoDraw = True
12.6068 	DATA 	Keypress: down
12.6073 	EXP 	New trial (rep=0, index=4): OrderedDict([('voice1', 'sounds/pepper_sydney/sentence_06.wav'), ('task_1_raw', 1), ('task_1_duration', 2), ('task_2', 'pepper_sydney/sentence_03'), ('task_2_raw', 3.0), ('task_2_duration', 4.0), ('old', None)])
12.6132 	EXP 	target: autoDraw = False
12.6132 	EXP 	target: text = 'sounds/pepper_sydney/sentence_06.wav'
13.1086 	EXP 	target: autoDraw = True
14.2748 	DATA 	Keypress: down
14.2753 	EXP 	New trial (rep=0, index=5): OrderedDict([('voice1', 'sounds/pepper_sydney/sentence_04.wav'), ('task_1_raw', 1), ('task_1_duration', 2), ('task_2', 'pepper_sydney/sentence_01'), ('task_2_raw', 2.0), ('task_2_duration', 3.0), ('old', None)])
14.2819 	EXP 	target: autoDraw = False
14.2819 	EXP 	target: text = 'sounds/pepper_sydney/sentence_04.wav'
14.7770 	EXP 	target: autoDraw = True
17.4601 	DATA 	Keypress: down
17.4607 	EXP 	New trial (rep=0, index=6): OrderedDict([('voice1', 'sounds/pepper_sydney/sentence_08.wav'), ('task_1_raw', 1), ('task_1_duration', 2), ('task_2', None), ('task_2_raw', None), ('task_2_duration', None), ('old', None)])
17.4669 	EXP 	target: autoDraw = False
17.4669 	EXP 	target: text = 'sounds/pepper_sydney/sentence_08.wav'
17.9620 	EXP 	target: autoDraw = True
19.7393 	DATA 	Keypress: down
19.7398 	EXP 	New trial (rep=0, index=7): OrderedDict([('voice1', 'sounds/pepper_sydney/sentence_09.wav'), ('task_1_raw', 2), ('task_1_duration', 3), ('task_2', None), ('task_2_raw', None), ('task_2_duration', None), ('old', None)])
19.7461 	EXP 	target: autoDraw = False
19.7461 	EXP 	target: text = 'sounds/pepper_sydney/sentence_09.wav'
20.2418 	EXP 	target: autoDraw = True
21.1966 	DATA 	Keypress: down
21.1975 	EXP 	New trial (rep=0, index=8): OrderedDict([('voice1', 'sounds/pepper_sydney/sentence_15.wav'), ('task_1_raw', 1), ('task_1_duration', 2), ('task_2', None), ('task_2_raw', None), ('task_2_duration', None), ('old', None)])
21.2034 	EXP 	target: autoDraw = False
21.2034 	EXP 	target: text = 'sounds/pepper_sydney/sentence_15.wav'
21.6988 	EXP 	target: autoDraw = True
23.7259 	DATA 	Keypress: down
23.7264 	EXP 	New trial (rep=0, index=9): OrderedDict([('voice1', 'sounds/pepper_sydney/sentence_12.wav'), ('task_1_raw', 2), ('task_1_duration', 3), ('task_2', None), ('task_2_raw', None), ('task_2_duration', None), ('old', None)])
23.7367 	EXP 	target: autoDraw = False
23.7367 	EXP 	target: text = 'sounds/pepper_sydney/sentence_12.wav'
24.2280 	EXP 	target: autoDraw = True
25.3086 	DATA 	Keypress: escape
25.3649 	EXP 	window1: mouseVisible = True
4.4149 	WARNING 	User requested fullscreen with size [1440  810], but screen is actually [1920, 1080]. Using actual size
4.6477 	EXP 	Created window1 = Window(allowGUI=False, allowStencil=False, args=UNKNOWN, autoLog=True, bitsMode=UNKNOWN, blendMode='avg', color=array([ 0.,  0.,  0.]), colorSpace='rgb', fullscr=UNKNOWN, gamma=None, kwargs=UNKNOWN, lms=UNKNOWN, monitor=<psychopy.monitors.calibTools.Monitor object at 0x7f3778196860>, multiSample=False, name='window1', numSamples=2, pos=[0.0, 0.0], screen=0, size=array([1920, 1080]), stereo=False, units='norm', useFBO=True, useRetina=False, viewOri=0.0, viewPos=None, viewScale=None, waitBlanking=True, winType='pyglet')
4.6477 	EXP 	window1: recordFrameIntervals = False
4.6521 	EXP 	window1: recordFrameIntervals = True
4.6564 	EXP 	window1: recordFrameIntervals = False
4.7014 	EXP 	Created instText = TextStim(__class__=<class 'psychopy.visual.text.TextStim'>, alignHoriz='center', alignVert='center', antialias=True, autoLog=True, bold=False, color='white', colorSpace='named', contrast=1.0, depth=0.0, flipHoriz=False, flipVert=False, font='Arial', fontFiles=[], height=0.1, italic=False, name='instText', opacity=1.0, ori=0, pos=array([ 0.,  0.]), rgb=array([ 255.,  255.,  255.]), text='What is your user code?\n', units='norm', win=Window(...), wrapWidth=1)
4.7056 	EXP 	Created target = TextStim(__class__=<class 'psychopy.visual.text.TextStim'>, alignHoriz='center', alignVert='center', antialias=True, autoLog=True, bold=False, color='white', colorSpace='named', contrast=1.0, depth=0.0, flipHoriz=False, flipVert=False, font='Arial', fontFiles=[], height=0.1, italic=False, name='target', opacity=1.0, ori=0, pos=array([ 0.,  0.]), rgb=array([ 255.,  255.,  255.]), text='default text', units='norm', win=Window(...), wrapWidth=1)
4.7089 	EXP 	Sound  set volume 1.000
4.7110 	EXP 	instText: autoDraw = True
5.7335 	DATA 	Keypress: down
5.7428 	EXP 	Imported sounds.xlsx as conditions, 14 conditions, 7 params
5.7432 	EXP 	Created sequence: random, trialTypes=14, nReps=1, seed=None
5.7435 	EXP 	New trial (rep=0, index=0): OrderedDict([('voice1', 'sounds/pepper_sydney/sentence_06.wav'), ('task_1_raw', 1), ('task_1_duration', 2), ('task_2', 'pepper_sydney/sentence_03'), ('task_2_raw', 3.0), ('task_2_duration', 4.0), ('old', None)])
5.7534 	EXP 	instText: autoDraw = False
5.7534 	EXP 	target: text = 'sounds/pepper_sydney/sentence_06.wav'
6.2452 	EXP 	target: autoDraw = True
7.4010 	DATA 	Keypress: down
7.4020 	EXP 	New trial (rep=0, index=1): OrderedDict([('voice1', 'sounds/pepper_sydney/sentence_16.wav'), ('task_1_raw', 1), ('task_1_duration', 2), ('task_2', None), ('task_2_raw', None), ('task_2_duration', None), ('old', None)])
7.4076 	EXP 	target: autoDraw = False
7.4076 	EXP 	target: text = 'sounds/pepper_sydney/sentence_16.wav'
7.9032 	EXP 	target: autoDraw = True
10.4111 	DATA 	Keypress: down
10.4119 	EXP 	New trial (rep=0, index=2): OrderedDict([('voice1', 'sounds/pepper_sydney/sentence_15.wav'), ('task_1_raw', 1), ('task_1_duration', 2), ('task_2', None), ('task_2_raw', None), ('task_2_duration', None), ('old', None)])
10.4178 	EXP 	target: autoDraw = False
10.4178 	EXP 	target: text = 'sounds/pepper_sydney/sentence_15.wav'
10.9132 	EXP 	target: autoDraw = True
12.7100 	DATA 	Keypress: down
12.7109 	EXP 	New trial (rep=0, index=3): OrderedDict([('voice1', 'sounds/pepper_sydney/sentence_10.wav'), ('task_1_raw', 2), ('task_1_duration', 3), ('task_2', None), ('task_2_raw', None), ('task_2_duration', None), ('old', None)])
12.7166 	EXP 	target: autoDraw = False
12.7166 	EXP 	target: text = 'sounds/pepper_sydney/sentence_10.wav'
13.2124 	EXP 	target: autoDraw = True
14.7288 	DATA 	Keypress: escape
14.7380 	EXP 	window1: mouseVisible = True
