2.6559 	WARNING 	User requested fullscreen with size [1440  810], but screen is actually [2880, 1620]. Using actual size
4.0048 	EXP 	Created window1 = Window(allowGUI=False, allowStencil=False, args=UNKNOWN, autoLog=True, bitsMode=UNKNOWN, blendMode='avg', color=array([0., 0., 0.]), colorSpace='rgb', fullscr=UNKNOWN, gamma=None, kwargs=UNKNOWN, lms=UNKNOWN, monitor=<psychopy.monitors.calibTools.Monitor object at 0x0000000013100710>, multiSample=False, name='window1', numSamples=2, pos=[0, 0], screen=0, size=array([2880, 1620]), stereo=False, units=u'norm', useFBO=True, useRetina=False, viewOri=0.0, viewPos=None, viewScale=None, waitBlanking=True, winType=u'pyglet')
4.0049 	EXP 	window1: recordFrameIntervals = False
4.1696 	EXP 	window1: recordFrameIntervals = True
4.3143 	WARNING 	t of last frame was 26.93ms (=1/37)
4.3359 	WARNING 	t of last frame was 21.58ms (=1/46)
4.4471 	WARNING 	t of last frame was 24.85ms (=1/40)
4.4696 	WARNING 	t of last frame was 22.49ms (=1/44)
4.5642 	WARNING 	Multiple dropped frames have occurred - I'll stop bothering you about them!
5.3876 	EXP 	window1: recordFrameIntervals = False
5.4820 	EXP 	Created instText = TextStim(alignHoriz='center', alignVert='center', antialias=True, autoLog=True, bold=False, color=u'white', colorSpace='named', contrast=1.0, depth=0.0, flipHoriz=False, flipVert=False, font=u'Arial', fontFiles=[], height=0.1, italic=False, name='instText', opacity=1.0, ori=0, pos=array([0., 0.]), rgb=array([255., 255., 255.]), text='What is your user code?\n', units=u'norm', win=Window(...), wrapWidth=1)
5.4820 	ERROR 	Unknown colorSpace: None
5.4905 	EXP 	Created target = TextStim(alignHoriz='center', alignVert='center', antialias=True, autoLog=True, bold=False, color=None, colorSpace=None, contrast=1.0, depth=0.0, flipHoriz=False, flipVert=False, font=u'Arial', fontFiles=[], height=0.1, italic=False, name='target', opacity=1.0, ori=0, pos=array([0., 0.]), rgb=None, text='default text', units=u'norm', win=Window(...), wrapWidth=1)
5.5348 	EXP 	Sound  set volume 1.000
5.5355 	WARNING 	Requested image u'robot_imgs/pr2' not found but similar filename u'robot_imgs/pr2.png' exists. This will be used instead but changing the filename is advised.
5.5655 	EXP 	Created image = ImageStim(autoLog=True, color=array([1., 1., 1.]), colorSpace='rgb', contrast=1.0, depth=-3.0, flipHoriz=False, flipVert=False, image=u'robot_imgs/pr2', interpolate=True, mask=None, maskParams=None, name='image', opacity=1.0, ori=0.0, pos=array([-0.3,  0. ]), size=array([0.53333333, 1.17283951]), texRes=128, units=u'norm', win=Window(...))
5.5667 	WARNING 	Requested image u'robot_imgs/pr2' not found but similar filename u'robot_imgs/pr2.png' exists. This will be used instead but changing the filename is advised.
5.5901 	EXP 	Created image_2 = ImageStim(autoLog=True, color=array([1., 1., 1.]), colorSpace='rgb', contrast=1.0, depth=-4.0, flipHoriz=False, flipVert=False, image=u'robot_imgs/pr2', interpolate=True, mask=None, maskParams=None, name='image_2', opacity=1.0, ori=0.0, pos=array([0., 0.]), size=array([180., 280.]), texRes=128, units='pix', win=Window(...))
5.5906 	WARNING 	Requested image u'robot_imgs/pr2' not found but similar filename u'robot_imgs/pr2.png' exists. This will be used instead but changing the filename is advised.
5.6176 	EXP 	Created image_3 = ImageStim(autoLog=True, color=array([1., 1., 1.]), colorSpace='rgb', contrast=1.0, depth=-5.0, flipHoriz=False, flipVert=False, image=u'robot_imgs/pr2', interpolate=True, mask=None, maskParams=None, name='image_3', opacity=1.0, ori=0.0, pos=array([-0.66,  0.  ]), size=array([0.53333333, 1.17283951]), texRes=128, units=u'norm', win=Window(...))
5.6310 	EXP 	instText: autoDraw = True
6.1726 	DATA 	Keypress: down
6.2148 	EXP 	Imported sounds\sounds.xlsx as conditions, 14 conditions, 6 params
6.2154 	EXP 	Created sequence: random, trialTypes=14, nReps=1, seed=None
6.2166 	EXP 	New trial (rep=0, index=0): OrderedDict([(u'task_1', u'pepper_sydney/sentence_13'), (u'task_1_raw', 1), (u'task_1_duration', 2), (u'task_2', None), (u'task_2_raw', None), (u'task_2_duration', None)])
6.2829 	EXP 	window1: mouseVisible = True
