3.1446 	WARNING 	User requested fullscreen with size [1440  810], but screen is actually [2880, 1620]. Using actual size
5.0258 	DATA 	Keypress: down
5.0584 	EXP 	Created window1 = Window(allowGUI=False, allowStencil=False, args=UNKNOWN, autoLog=True, bitsMode=UNKNOWN, blendMode='avg', color=array([0., 0., 0.]), colorSpace='rgb', fullscr=UNKNOWN, gamma=None, kwargs=UNKNOWN, lms=UNKNOWN, monitor=<psychopy.monitors.calibTools.Monitor object at 0x0000000012BA7710>, multiSample=False, name='window1', numSamples=2, pos=[0, 0], screen=0, size=array([2880, 1620]), stereo=False, units=u'norm', useFBO=True, useRetina=False, viewOri=0.0, viewPos=None, viewScale=None, waitBlanking=True, winType=u'pyglet')
5.0585 	EXP 	window1: recordFrameIntervals = False
5.2249 	EXP 	window1: recordFrameIntervals = True
5.4086 	EXP 	window1: recordFrameIntervals = False
5.5000 	EXP 	Created instText = TextStim(alignHoriz='center', alignVert='center', antialias=True, autoLog=True, bold=False, color=u'white', colorSpace='named', contrast=1.0, depth=0.0, flipHoriz=False, flipVert=False, font=u'Arial', fontFiles=[], height=0.1, italic=False, name='instText', opacity=1.0, ori=0, pos=array([0., 0.]), rgb=array([255., 255., 255.]), text='What is your user code?\n', units=u'norm', win=Window(...), wrapWidth=1)
5.5088 	EXP 	Created target = TextStim(alignHoriz='center', alignVert='center', antialias=True, autoLog=True, bold=False, color=array([1., 1., 1.]), colorSpace='rgb', contrast=1.0, depth=0.0, flipHoriz=False, flipVert=False, font=u'Arial', fontFiles=[], height=0.1, italic=False, name='target', opacity=1.0, ori=0, pos=array([0., 0.]), rgb=array([1., 1., 1.]), text='default text', units=u'norm', win=Window(...), wrapWidth=1)
5.5520 	EXP 	Sound  set volume 1.000
5.5527 	WARNING 	Requested image u'robot_img/pr2' not found but similar filename u'robot_img/pr2.jpg' exists. This will be used instead but changing the filename is advised.
5.5583 	EXP 	Created image = ImageStim(autoLog=True, color=array([1., 1., 1.]), colorSpace='rgb', contrast=1.0, depth=-3.0, flipHoriz=False, flipVert=False, image=u'robot_img/pr2', interpolate=True, mask=None, maskParams=None, name='image', opacity=1.0, ori=0.0, pos=array([-0.3,  0. ]), size=array([0.125     , 0.34567901]), texRes=128, units=u'norm', win=Window(...))
5.5587 	WARNING 	Requested image u'robot_img/pr2' not found but similar filename u'robot_img/pr2.jpg' exists. This will be used instead but changing the filename is advised.
5.5617 	EXP 	Created image_2 = ImageStim(autoLog=True, color=array([1., 1., 1.]), colorSpace='rgb', contrast=1.0, depth=-4.0, flipHoriz=False, flipVert=False, image=u'robot_img/pr2', interpolate=True, mask=None, maskParams=None, name='image_2', opacity=1.0, ori=0.0, pos=array([0., 0.]), size=array([0.64, 1.  ]), texRes=128, units=u'norm', win=Window(...))
5.5622 	WARNING 	Requested image u'robot_img/pr2' not found but similar filename u'robot_img/pr2.jpg' exists. This will be used instead but changing the filename is advised.
5.5647 	EXP 	Created image_3 = ImageStim(autoLog=True, color=array([1., 1., 1.]), colorSpace='rgb', contrast=1.0, depth=-5.0, flipHoriz=False, flipVert=False, image=u'robot_img/pr2', interpolate=True, mask=None, maskParams=None, name='image_3', opacity=1.0, ori=0.0, pos=array([-0.66,  0.  ]), size=array([0.125     , 0.34567901]), texRes=128, units=u'norm', win=Window(...))
5.5779 	EXP 	instText: autoDraw = True
6.1692 	DATA 	Keypress: down
6.1820 	EXP 	Imported conditions.xlsx as conditions, 6 conditions, 4 params
6.1824 	EXP 	Created sequence: random, trialTypes=6, nReps=1, seed=None
6.1827 	EXP 	New trial (rep=0, index=0): OrderedDict([(u'word', u'green'), (u'colour', u'green'), (u'congruent', 1), (u'corrAns', u'down')])
6.2028 	EXP 	instText: autoDraw = False
6.2028 	EXP 	target: color = u'green (named)'
6.2028 	EXP 	target: text = u'green'
6.2028 	EXP 	image: autoDraw = True
6.2028 	EXP 	image_2: autoDraw = True
6.2028 	EXP 	image_3: autoDraw = True
6.7127 	EXP 	target: autoDraw = True
10.7097 	EXP 	target: autoDraw = False
16.4809 	DATA 	Keypress: down
16.4821 	EXP 	New trial (rep=0, index=1): OrderedDict([(u'word', u'red'), (u'colour', u'green'), (u'congruent', 0), (u'corrAns', u'down')])
16.5019 	EXP 	target: autoDraw = False
16.5019 	EXP 	image: autoDraw = False
16.5019 	EXP 	image_2: autoDraw = False
16.5019 	EXP 	image_3: autoDraw = False
16.5019 	EXP 	target: color = u'green (named)'
16.5019 	EXP 	target: text = u'red'
16.5019 	EXP 	image: autoDraw = True
16.5019 	EXP 	image_2: autoDraw = True
16.5019 	EXP 	image_3: autoDraw = True
17.0148 	EXP 	target: autoDraw = True
17.3646 	DATA 	Keypress: up
18.3825 	DATA 	Keypress: escape
18.4483 	EXP 	window1: mouseVisible = True
