3.0448 	WARNING 	User requested fullscreen with size [1440  810], but screen is actually [1920, 1080]. Using actual size
3.2726 	EXP 	Created window1 = Window(allowGUI=False, allowStencil=False, args=UNKNOWN, autoLog=True, bitsMode=UNKNOWN, blendMode='avg', color=array([ 0.,  0.,  0.]), colorSpace='rgb', fullscr=UNKNOWN, gamma=None, kwargs=UNKNOWN, lms=UNKNOWN, monitor=<psychopy.monitors.calibTools.Monitor object at 0x7ffb206f2860>, multiSample=False, name='window1', numSamples=2, pos=[0.0, 0.0], screen=0, size=array([1920, 1080]), stereo=False, units='norm', useFBO=True, useRetina=False, viewOri=0.0, viewPos=None, viewScale=None, waitBlanking=True, winType='pyglet')
3.2727 	EXP 	window1: recordFrameIntervals = False
3.2776 	EXP 	window1: recordFrameIntervals = True
3.2822 	EXP 	window1: recordFrameIntervals = False
3.3279 	EXP 	Created instText = TextStim(__class__=<class 'psychopy.visual.text.TextStim'>, alignHoriz='center', alignVert='center', antialias=True, autoLog=True, bold=False, color='white', colorSpace='named', contrast=1.0, depth=0.0, flipHoriz=False, flipVert=False, font='Arial', fontFiles=[], height=0.1, italic=False, name='instText', opacity=1.0, ori=0, pos=array([ 0.,  0.]), rgb=array([ 255.,  255.,  255.]), text='What is your user code?\n', units='norm', win=Window(...), wrapWidth=1)
3.3324 	EXP 	Created target = TextStim(__class__=<class 'psychopy.visual.text.TextStim'>, alignHoriz='center', alignVert='center', antialias=True, autoLog=True, bold=False, color='white', colorSpace='named', contrast=1.0, depth=0.0, flipHoriz=False, flipVert=False, font='Arial', fontFiles=[], height=0.1, italic=False, name='target', opacity=1.0, ori=0, pos=array([ 0.,  0.]), rgb=array([ 255.,  255.,  255.]), text='default text', units='norm', win=Window(...), wrapWidth=1)
3.3360 	EXP 	Sound  set volume 1.000
3.3379 	EXP 	instText: autoDraw = True
5.1210 	DATA 	Keypress: down
5.1291 	EXP 	Imported sounds.xlsx as conditions, 14 conditions, 4 params
5.1295 	EXP 	Created sequence: random, trialTypes=14, nReps=1, seed=None
5.1298 	EXP 	New trial (rep=0, index=0): OrderedDict([('voice1', 'sounds/pepper_sydney/sentence_06.wav'), ('task_1_raw', 1), ('task_1_duration', 2), ('test', 'sounds/pepper_sydney/sentence_05.wav')])
5.1404 	EXP 	instText: autoDraw = False
5.1404 	EXP 	target: text = 'sounds/pepper_sydney/sentence_06.wav'
5.6312 	EXP 	target: autoDraw = True
10.3151 	DATA 	Keypress: down
10.3157 	EXP 	New trial (rep=0, index=1): OrderedDict([('voice1', 'sounds/pepper_sydney/sentence_15.wav'), ('task_1_raw', 1), ('task_1_duration', 2), ('test', 'sounds/pepper_sydney/sentence_05.wav')])
10.3218 	EXP 	target: autoDraw = False
10.3218 	EXP 	target: text = 'sounds/pepper_sydney/sentence_15.wav'
10.8169 	EXP 	target: autoDraw = True
14.4173 	DATA 	Keypress: down
14.4182 	EXP 	New trial (rep=0, index=2): OrderedDict([('voice1', 'sounds/pepper_sydney/sentence_12.wav'), ('task_1_raw', 2), ('task_1_duration', 3), ('test', 'sounds/pepper_sydney/sentence_05.wav')])
14.4241 	EXP 	target: autoDraw = False
14.4241 	EXP 	target: text = 'sounds/pepper_sydney/sentence_12.wav'
14.9196 	EXP 	target: autoDraw = True
16.5210 	DATA 	Keypress: down
16.5215 	EXP 	New trial (rep=0, index=3): OrderedDict([('voice1', 'sounds/pepper_sydney/sentence_17.wav'), ('task_1_raw', 1), ('task_1_duration', 2), ('test', 'sounds/pepper_sydney/sentence_05.wav')])
16.5283 	EXP 	target: autoDraw = False
16.5283 	EXP 	target: text = 'sounds/pepper_sydney/sentence_17.wav'
17.0228 	EXP 	target: autoDraw = True
18.0790 	DATA 	Keypress: down
18.0795 	EXP 	New trial (rep=0, index=4): OrderedDict([('voice1', 'sounds/pepper_sydney/sentence_14.wav'), ('task_1_raw', 1), ('task_1_duration', 2), ('test', 'sounds/pepper_sydney/sentence_05.wav')])
18.0853 	EXP 	target: autoDraw = False
18.0853 	EXP 	target: text = 'sounds/pepper_sydney/sentence_14.wav'
18.5807 	EXP 	target: autoDraw = True
20.0673 	DATA 	Keypress: down
20.0682 	EXP 	New trial (rep=0, index=5): OrderedDict([('voice1', 'sounds/pepper_sydney/sentence_07.wav'), ('task_1_raw', 2), ('task_1_duration', 3), ('test', 'sounds/pepper_sydney/sentence_05.wav')])
20.0738 	EXP 	target: autoDraw = False
20.0738 	EXP 	target: text = 'sounds/pepper_sydney/sentence_07.wav'
20.5693 	EXP 	target: autoDraw = True
21.6658 	DATA 	Keypress: down
21.6668 	EXP 	New trial (rep=0, index=6): OrderedDict([('voice1', 'sounds/pepper_sydney/sentence_04.wav'), ('task_1_raw', 1), ('task_1_duration', 2), ('test', 'sounds/pepper_sydney/sentence_05.wav')])
21.6729 	EXP 	target: autoDraw = False
21.6729 	EXP 	target: text = 'sounds/pepper_sydney/sentence_04.wav'
22.1685 	EXP 	target: autoDraw = True
23.3387 	DATA 	Keypress: down
23.3392 	EXP 	New trial (rep=0, index=7): OrderedDict([('voice1', 'sounds/pepper_sydney/sentence_13.wav'), ('task_1_raw', 1), ('task_1_duration', 2), ('test', 'sounds/pepper_sydney/sentence_05.wav')])
23.3452 	EXP 	target: autoDraw = False
23.3452 	EXP 	target: text = 'sounds/pepper_sydney/sentence_13.wav'
23.8402 	EXP 	target: autoDraw = True
24.8315 	DATA 	Keypress: down
24.8324 	EXP 	New trial (rep=0, index=8): OrderedDict([('voice1', 'sounds/pepper_sydney/sentence_08.wav'), ('task_1_raw', 1), ('task_1_duration', 2), ('test', 'sounds/pepper_sydney/sentence_05.wav')])
24.8392 	EXP 	target: autoDraw = False
24.8392 	EXP 	target: text = 'sounds/pepper_sydney/sentence_08.wav'
25.3340 	EXP 	target: autoDraw = True
25.9587 	DATA 	Keypress: down
25.9592 	EXP 	New trial (rep=0, index=9): OrderedDict([('voice1', 'sounds/pepper_sydney/sentence_16.wav'), ('task_1_raw', 1), ('task_1_duration', 2), ('test', 'sounds/pepper_sydney/sentence_05.wav')])
25.9696 	EXP 	target: autoDraw = False
25.9696 	EXP 	target: text = 'sounds/pepper_sydney/sentence_16.wav'
26.4607 	EXP 	target: autoDraw = True
27.6216 	DATA 	Keypress: down
27.6224 	EXP 	New trial (rep=0, index=10): OrderedDict([('voice1', 'sounds/pepper_sydney/sentence_05.wav'), ('task_1_raw', 2), ('task_1_duration', 3), ('test', 'sounds/pepper_sydney/sentence_05.wav')])
27.6280 	EXP 	target: autoDraw = False
27.6280 	EXP 	target: text = 'sounds/pepper_sydney/sentence_05.wav'
28.1241 	EXP 	target: autoDraw = True
29.4694 	DATA 	Keypress: escape
29.5250 	EXP 	window1: mouseVisible = True
