2.4343 	WARNING 	User requested fullscreen with size [1440  810], but screen is actually [2880, 1620]. Using actual size
5.2235 	WARNING 	Couldn't measure a consistent frame rate.
  - Is your graphics card set to sync to vertical blank?
  - Are you running other processes on your computer?

5.2248 	EXP 	Created window1 = Window(allowGUI=False, allowStencil=False, args=UNKNOWN, autoLog=True, bitsMode=UNKNOWN, blendMode='avg', color=array([0., 0., 0.]), colorSpace='rgb', fullscr=UNKNOWN, gamma=None, kwargs=UNKNOWN, lms=UNKNOWN, monitor=<psychopy.monitors.calibTools.Monitor object at 0x00000000128FC780>, multiSample=False, name='window1', numSamples=2, pos=[0, 0], screen=0, size=array([2880, 1620]), stereo=False, units=u'norm', useFBO=True, useRetina=False, viewOri=0.0, viewPos=None, viewScale=None, waitBlanking=True, winType=u'pyglet')
5.2249 	EXP 	window1: recordFrameIntervals = False
5.4361 	EXP 	window1: recordFrameIntervals = True
5.5192 	WARNING 	t of last frame was 27.41ms (=1/36)
5.6023 	WARNING 	t of last frame was 26.42ms (=1/37)
5.6861 	WARNING 	t of last frame was 27.89ms (=1/35)
5.7694 	WARNING 	t of last frame was 27.58ms (=1/36)
5.8529 	WARNING 	Multiple dropped frames have occurred - I'll stop bothering you about them!
7.5266 	WARNING 	Couldn't measure a consistent frame rate.
  - Is your graphics card set to sync to vertical blank?
  - Are you running other processes on your computer?

7.5998 	EXP 	Created instText = TextStim(alignHoriz='center', alignVert='center', antialias=True, autoLog=True, bold=False, color='white', colorSpace='named', contrast=1.0, depth=0.0, flipHoriz=False, flipVert=False, font='Arial', fontFiles=[], height=0.1, italic=False, name='instText', opacity=1.0, ori=0, pos=array([0., 0.]), rgb=array([255., 255., 255.]), text='What is your user code?\n', units=u'norm', win=Window(...), wrapWidth=1)
7.6082 	EXP 	Created target = TextStim(alignHoriz='center', alignVert='center', antialias=True, autoLog=True, bold=False, color='white', colorSpace='named', contrast=1.0, depth=0.0, flipHoriz=False, flipVert=False, font='Arial', fontFiles=[], height=0.1, italic=False, name='target', opacity=1.0, ori=0, pos=array([0., 0.]), rgb=array([255., 255., 255.]), text='default text', units=u'norm', win=Window(...), wrapWidth=1)
7.6522 	EXP 	Sound  set volume 1.000
7.6663 	EXP 	instText: autoDraw = True
8.1394 	DATA 	Keypress: s
8.1539 	EXP 	Imported sounds.xlsx as conditions, 14 conditions, 7 params
8.1543 	EXP 	Created sequence: random, trialTypes=14, nReps=1, seed=None
8.1547 	EXP 	New trial (rep=0, index=0): OrderedDict([(u'voice1', u'sounds/pepper_sydney/sentence_04.wav'), (u'task_1_raw', 1), (u'task_1_duration', 2), (u'task_2', None), (u'task_2_raw', None), (u'task_2_duration', None), (u'old', u'sounds/pepper_sydney/sentence_15.wav')])
8.1955 	EXP 	instText: autoDraw = False
8.1955 	EXP 	target: text = u'sounds/pepper_sydney/sentence_04.wav'
8.6886 	EXP 	target: autoDraw = True
10.5264 	DATA 	Keypress: s
12.6941 	EXP 	target: autoDraw = False
12.7416 	DATA 	Keypress: x
13.6958 	DATA 	Keypress: x
14.7436 	DATA 	Keypress: right
14.7467 	EXP 	New trial (rep=0, index=1): OrderedDict([(u'voice1', u'sounds/pepper_sydney/sentence_04.wav'), (u'task_1_raw', 2), (u'task_1_duration', 3), (u'task_2', u'pepper_sydney/sentence_02'), (u'task_2_raw', 6.0), (u'task_2_duration', 7.0), (u'old', u'sounds/pepper_sydney/sentence_05.wav')])
14.7640 	EXP 	target: autoDraw = False
14.7640 	EXP 	target: text = u'sounds/pepper_sydney/sentence_04.wav'
14.9922 	DATA 	Keypress: down
15.1930 	DATA 	Keypress: down
15.2811 	EXP 	target: autoDraw = True
16.7516 	DATA 	Keypress: escape
16.8378 	EXP 	window1: mouseVisible = True
