2.5856 	WARNING 	User requested fullscreen with size [1440  810], but screen is actually [2880, 1620]. Using actual size
5.3430 	WARNING 	Couldn't measure a consistent frame rate.
  - Is your graphics card set to sync to vertical blank?
  - Are you running other processes on your computer?

5.3442 	EXP 	Created window1 = Window(allowGUI=False, allowStencil=False, args=UNKNOWN, autoLog=True, bitsMode=UNKNOWN, blendMode='avg', color=array([0., 0., 0.]), colorSpace='rgb', fullscr=UNKNOWN, gamma=None, kwargs=UNKNOWN, lms=UNKNOWN, monitor=<psychopy.monitors.calibTools.Monitor object at 0x0000000012EE3710>, multiSample=False, name='window1', numSamples=2, pos=[0, 0], screen=0, size=array([2880, 1620]), stereo=False, units=u'norm', useFBO=True, useRetina=False, viewOri=0.0, viewPos=None, viewScale=None, waitBlanking=True, winType=u'pyglet')
5.3443 	EXP 	window1: recordFrameIntervals = False
5.5485 	EXP 	window1: recordFrameIntervals = True
5.6592 	WARNING 	t of last frame was 28.16ms (=1/35)
5.7427 	WARNING 	t of last frame was 26.85ms (=1/37)
5.8261 	WARNING 	t of last frame was 27.54ms (=1/36)
5.9095 	WARNING 	t of last frame was 27.15ms (=1/36)
5.9937 	WARNING 	Multiple dropped frames have occurred - I'll stop bothering you about them!
7.6442 	WARNING 	Couldn't measure a consistent frame rate.
  - Is your graphics card set to sync to vertical blank?
  - Are you running other processes on your computer?

7.7402 	EXP 	Created instText = TextStim(alignHoriz='center', alignVert='center', antialias=True, autoLog=True, bold=False, color='white', colorSpace='named', contrast=1.0, depth=0.0, flipHoriz=False, flipVert=False, font='Arial', fontFiles=[], height=0.1, italic=False, name='instText', opacity=1.0, ori=0, pos=array([0., 0.]), rgb=array([255., 255., 255.]), text='What is your user code?\n', units=u'norm', win=Window(...), wrapWidth=1)
7.7486 	EXP 	Created target = TextStim(alignHoriz='center', alignVert='center', antialias=True, autoLog=True, bold=False, color=u'white', colorSpace='named', contrast=1.0, depth=0.0, flipHoriz=False, flipVert=False, font=u'Arial', fontFiles=[], height=0.1, italic=False, name='target', opacity=1.0, ori=0, pos=array([0., 0.]), rgb=array([255., 255., 255.]), text='default text', units=u'norm', win=Window(...), wrapWidth=1)
7.7977 	EXP 	Sound  set volume 1.000
7.8125 	EXP 	instText: autoDraw = True
8.2964 	DATA 	Keypress: down
8.3466 	EXP 	Imported sounds.xlsx as conditions, 14 conditions, 7 params
8.3472 	EXP 	Created sequence: random, trialTypes=14, nReps=1, seed=None
8.3478 	EXP 	New trial (rep=0, index=0): OrderedDict([(u'voice1', u'sounds/pepper_sydney/sentence_04.wav'), (u'task_1_raw', 1), (u'task_1_duration', 2), (u'task_2', None), (u'task_2_raw', None), (u'task_2_duration', None), (u'old', u'sounds/pepper_sydney/sentence_16.wav')])
8.4330 	EXP 	window1: mouseVisible = True
