2.6949 	WARNING 	User requested fullscreen with size [1440  810], but screen is actually [2880, 1620]. Using actual size
4.1090 	EXP 	Created window1 = Window(allowGUI=False, allowStencil=False, args=UNKNOWN, autoLog=True, bitsMode=UNKNOWN, blendMode='avg', color=array([0., 0., 0.]), colorSpace='rgb', fullscr=UNKNOWN, gamma=None, kwargs=UNKNOWN, lms=UNKNOWN, monitor=<psychopy.monitors.calibTools.Monitor object at 0x0000000013272710>, multiSample=False, name='window1', numSamples=2, pos=[0, 0], screen=0, size=array([2880, 1620]), stereo=False, units=u'norm', useFBO=True, useRetina=False, viewOri=0.0, viewPos=None, viewScale=None, waitBlanking=True, winType=u'pyglet')
4.1090 	EXP 	window1: recordFrameIntervals = False
4.2753 	EXP 	window1: recordFrameIntervals = True
4.4590 	EXP 	window1: recordFrameIntervals = False
4.5249 	EXP 	Created instText = TextStim(alignHoriz='center', alignVert='center', antialias=True, autoLog=True, bold=False, color=u'white', colorSpace='named', contrast=1.0, depth=0.0, flipHoriz=False, flipVert=False, font=u'Arial', fontFiles=[], height=0.1, italic=False, name='instText', opacity=1.0, ori=0, pos=array([0., 0.]), rgb=array([255., 255., 255.]), text='What is your user code?\n', units=u'norm', win=Window(...), wrapWidth=1)
4.5336 	EXP 	Created target = TextStim(alignHoriz='center', alignVert='center', antialias=True, autoLog=True, bold=False, color=array([1., 1., 1.]), colorSpace='rgb', contrast=1.0, depth=0.0, flipHoriz=False, flipVert=False, font=u'Arial', fontFiles=[], height=0.1, italic=False, name='target', opacity=1.0, ori=0, pos=array([0., 0.]), rgb=array([1., 1., 1.]), text='default text', units=u'norm', win=Window(...), wrapWidth=1)
4.5751 	EXP 	Sound  set volume 1.000
4.5758 	WARNING 	Requested image u'robot_img/pr2' not found but similar filename u'robot_img/pr2.jpg' exists. This will be used instead but changing the filename is advised.
4.5814 	EXP 	Created image = ImageStim(autoLog=True, color=array([1., 1., 1.]), colorSpace='rgb', contrast=1.0, depth=-3.0, flipHoriz=False, flipVert=False, image=u'robot_img/pr2', interpolate=True, mask=None, maskParams=None, name='image', opacity=1.0, ori=0.0, pos=array([-0.3,  0. ]), size=array([0.125     , 0.34567901]), texRes=128, units=u'norm', win=Window(...))
4.5818 	WARNING 	Requested image u'robot_img/pr2' not found but similar filename u'robot_img/pr2.jpg' exists. This will be used instead but changing the filename is advised.
4.5848 	EXP 	Created image_2 = ImageStim(autoLog=True, color=array([1., 1., 1.]), colorSpace='rgb', contrast=1.0, depth=-4.0, flipHoriz=False, flipVert=False, image=u'robot_img/pr2', interpolate=True, mask=None, maskParams=None, name='image_2', opacity=1.0, ori=0.0, pos=array([0., 0.]), size=array([1., 1.]), texRes=128, units=u'norm', win=Window(...))
4.5852 	WARNING 	Requested image u'robot_img/pr2' not found but similar filename u'robot_img/pr2.jpg' exists. This will be used instead but changing the filename is advised.
4.5873 	EXP 	Created image_3 = ImageStim(autoLog=True, color=array([1., 1., 1.]), colorSpace='rgb', contrast=1.0, depth=-5.0, flipHoriz=False, flipVert=False, image=u'robot_img/pr2', interpolate=True, mask=None, maskParams=None, name='image_3', opacity=1.0, ori=0.0, pos=array([-0.66,  0.  ]), size=array([0.125     , 0.34567901]), texRes=128, units=u'norm', win=Window(...))
4.6002 	EXP 	instText: autoDraw = True
4.8940 	DATA 	Keypress: down
4.9284 	EXP 	Imported conditions.xlsx as conditions, 6 conditions, 4 params
4.9291 	EXP 	Created sequence: random, trialTypes=6, nReps=1, seed=None
4.9295 	EXP 	New trial (rep=0, index=0): OrderedDict([(u'word', u'blue'), (u'colour', u'blue'), (u'congruent', 1), (u'corrAns', u'right')])
4.9486 	EXP 	instText: autoDraw = False
4.9486 	EXP 	target: color = u'blue (named)'
4.9486 	EXP 	target: text = u'blue'
4.9486 	EXP 	image: autoDraw = True
4.9486 	EXP 	image_2: autoDraw = True
4.9486 	EXP 	image_3: autoDraw = True
5.4663 	EXP 	target: autoDraw = True
9.4532 	EXP 	target: autoDraw = False
11.3980 	DATA 	Keypress: down
11.4008 	EXP 	New trial (rep=0, index=1): OrderedDict([(u'word', u'red'), (u'colour', u'green'), (u'congruent', 0), (u'corrAns', u'down')])
11.4276 	EXP 	target: autoDraw = False
11.4276 	EXP 	image: autoDraw = False
11.4276 	EXP 	image_2: autoDraw = False
11.4276 	EXP 	image_3: autoDraw = False
11.4276 	EXP 	target: color = u'green (named)'
11.4276 	EXP 	target: text = u'red'
11.4276 	EXP 	image: autoDraw = True
11.4276 	EXP 	image_2: autoDraw = True
11.4276 	EXP 	image_3: autoDraw = True
11.9363 	EXP 	target: autoDraw = True
12.7482 	DATA 	Keypress: escape
12.7956 	EXP 	window1: mouseVisible = True
