2.7782 	WARNING 	User requested fullscreen with size [1440  810], but screen is actually [2880, 1620]. Using actual size
4.7682 	EXP 	Created window1 = Window(allowGUI=False, allowStencil=False, args=UNKNOWN, autoLog=True, bitsMode=UNKNOWN, blendMode='avg', color=array([0., 0., 0.]), colorSpace='rgb', fullscr=UNKNOWN, gamma=None, kwargs=UNKNOWN, lms=UNKNOWN, monitor=<psychopy.monitors.calibTools.Monitor object at 0x0000000012DA66D8>, multiSample=False, name='window1', numSamples=2, pos=[0, 0], screen=0, size=array([2880, 1620]), stereo=False, units=u'norm', useFBO=True, useRetina=False, viewOri=0.0, viewPos=None, viewScale=None, waitBlanking=True, winType=u'pyglet')
4.7682 	EXP 	window1: recordFrameIntervals = False
4.9341 	EXP 	window1: recordFrameIntervals = True
5.1180 	EXP 	window1: recordFrameIntervals = False
5.2187 	EXP 	Created instText = TextStim(alignHoriz='center', alignVert='center', antialias=True, autoLog=True, bold=False, color=u'white', colorSpace='named', contrast=1.0, depth=0.0, flipHoriz=False, flipVert=False, font=u'Arial', fontFiles=[], height=0.1, italic=False, name='instText', opacity=1.0, ori=0, pos=array([0., 0.]), rgb=array([255., 255., 255.]), text=newstr(...), units=u'norm', win=Window(...), wrapWidth=1)
5.2270 	EXP 	Created target = TextStim(alignHoriz='center', alignVert='center', antialias=True, autoLog=True, bold=False, color=array([1., 1., 1.]), colorSpace='rgb', contrast=1.0, depth=0.0, flipHoriz=False, flipVert=False, font=u'Arial', fontFiles=[], height=0.1, italic=False, name='target', opacity=1.0, ori=0, pos=array([0., 0.]), rgb=array([1., 1., 1.]), text='default text', units=u'norm', win=Window(...), wrapWidth=1)
5.2404 	EXP 	instText: autoDraw = True
5.5411 	DATA 	Keypress: down
5.5544 	EXP 	Imported conditions.xlsx as conditions, 6 conditions, 4 params
5.5547 	EXP 	Created sequence: random, trialTypes=6, nReps=1, seed=None
5.5550 	EXP 	New trial (rep=0, index=0): OrderedDict([(u'word', u'green'), (u'colour', u'green'), (u'congruent', 1), (u'corrAns', u'down')])
5.5706 	EXP 	instText: autoDraw = False
5.5706 	EXP 	target: color = u'green (named)'
5.5706 	EXP 	target: text = u'green'
6.0853 	EXP 	target: autoDraw = True
6.3197 	DATA 	Keypress: down
6.3206 	EXP 	New trial (rep=0, index=1): OrderedDict([(u'word', u'blue'), (u'colour', u'red'), (u'congruent', 0), (u'corrAns', u'left')])
6.3397 	EXP 	target: autoDraw = False
6.3397 	EXP 	target: color = u'red (named)'
6.3397 	EXP 	target: text = u'blue'
6.8520 	EXP 	target: autoDraw = True
7.1531 	DATA 	Keypress: down
7.1538 	EXP 	New trial (rep=0, index=2): OrderedDict([(u'word', u'red'), (u'colour', u'green'), (u'congruent', 0), (u'corrAns', u'down')])
7.1728 	EXP 	target: autoDraw = False
7.1728 	EXP 	target: color = u'green (named)'
7.1728 	EXP 	target: text = u'red'
7.6891 	EXP 	target: autoDraw = True
8.0205 	DATA 	Keypress: down
8.0212 	EXP 	New trial (rep=0, index=3): OrderedDict([(u'word', u'green'), (u'colour', u'blue'), (u'congruent', 0), (u'corrAns', u'right')])
8.0404 	EXP 	target: autoDraw = False
8.0404 	EXP 	target: color = u'blue (named)'
8.0404 	EXP 	target: text = u'green'
8.5553 	EXP 	target: autoDraw = True
8.8534 	DATA 	Keypress: down
8.8541 	EXP 	New trial (rep=0, index=4): OrderedDict([(u'word', u'blue'), (u'colour', u'blue'), (u'congruent', 1), (u'corrAns', u'right')])
8.8736 	EXP 	target: autoDraw = False
8.8736 	EXP 	target: color = u'blue (named)'
8.8736 	EXP 	target: text = u'blue'
9.3877 	EXP 	target: autoDraw = True
9.6723 	DATA 	Keypress: down
9.6743 	EXP 	New trial (rep=0, index=5): OrderedDict([(u'word', u'red'), (u'colour', u'red'), (u'congruent', 1), (u'corrAns', u'left')])
9.6968 	EXP 	target: autoDraw = False
9.6968 	EXP 	target: color = u'red (named)'
9.6968 	EXP 	target: text = u'red'
10.2058 	EXP 	target: autoDraw = True
10.5381 	DATA 	Keypress: down
10.6378 	EXP 	window1: mouseVisible = True
