1.8888 	WARNING 	User requested fullscreen with size [1440  810], but screen is actually [1920, 1080]. Using actual size
2.1217 	EXP 	Created window1 = Window(allowGUI=False, allowStencil=False, args=UNKNOWN, autoLog=True, bitsMode=UNKNOWN, blendMode='avg', color=array([ 0.,  0.,  0.]), colorSpace='rgb', fullscr=UNKNOWN, gamma=None, kwargs=UNKNOWN, lms=UNKNOWN, monitor=<psychopy.monitors.calibTools.Monitor object at 0x7fcb7bfb6898>, multiSample=False, name='window1', numSamples=2, pos=[0.0, 0.0], screen=0, size=array([1920, 1080]), stereo=False, units='norm', useFBO=True, useRetina=False, viewOri=0.0, viewPos=None, viewScale=None, waitBlanking=True, winType='pyglet')
2.1217 	EXP 	window1: recordFrameIntervals = False
2.1268 	EXP 	window1: recordFrameIntervals = True
2.1318 	EXP 	window1: recordFrameIntervals = False
2.1756 	EXP 	Created instText = TextStim(__class__=<class 'psychopy.visual.text.TextStim'>, alignHoriz='center', alignVert='center', antialias=True, autoLog=True, bold=False, color='white', colorSpace='named', contrast=1.0, depth=0.0, flipHoriz=False, flipVert=False, font='Arial', fontFiles=[], height=0.1, italic=False, name='instText', opacity=1.0, ori=0, pos=array([ 0.,  0.]), rgb=array([ 255.,  255.,  255.]), text='What is your user code?\n', units='norm', win=Window(...), wrapWidth=1)
2.1801 	EXP 	Created target = TextStim(__class__=<class 'psychopy.visual.text.TextStim'>, alignHoriz='center', alignVert='center', antialias=True, autoLog=True, bold=False, color='white', colorSpace='named', contrast=1.0, depth=0.0, flipHoriz=False, flipVert=False, font='Arial', fontFiles=[], height=0.1, italic=False, name='target', opacity=1.0, ori=0, pos=array([ 0.,  0.]), rgb=array([ 255.,  255.,  255.]), text='default text', units='norm', win=Window(...), wrapWidth=1)
2.1837 	EXP 	Sound  set volume 1.000
2.1857 	EXP 	instText: autoDraw = True
3.3507 	DATA 	Keypress: down
3.3601 	EXP 	Imported sounds.xlsx as conditions, 14 conditions, 7 params
3.3605 	EXP 	Created sequence: random, trialTypes=14, nReps=1, seed=None
3.3609 	EXP 	New trial (rep=0, index=0): OrderedDict([('voice1', 'sounds/pepper_sydney/sentence_05.wav'), ('task_1_raw', 2), ('task_1_duration', 3), ('task_2', 'sounds/pepper_sydney/sentence_02'), ('task_2_raw', 6.0), ('task_2_duration', 7.0), ('old', None)])
3.3721 	EXP 	instText: autoDraw = False
3.3721 	EXP 	target: text = 'sounds/pepper_sydney/sentence_05.wav'
3.8620 	EXP 	target: autoDraw = True
10.5511 	DATA 	Keypress: down
10.5518 	EXP 	New trial (rep=0, index=1): OrderedDict([('voice1', 'sounds/pepper_sydney/sentence_04.wav'), ('task_1_raw', 1), ('task_1_duration', 2), ('task_2', 'sounds/pepper_sydney/sentence_01'), ('task_2_raw', 2.0), ('task_2_duration', 3.0), ('old', None)])
10.5578 	EXP 	target: autoDraw = False
10.5578 	EXP 	target: text = 'sounds/pepper_sydney/sentence_04.wav'
11.0528 	EXP 	target: autoDraw = True
13.7167 	DATA 	Keypress: down
13.7178 	EXP 	New trial (rep=0, index=2): OrderedDict([('voice1', 'sounds/pepper_sydney/sentence_13.wav'), ('task_1_raw', 1), ('task_1_duration', 2), ('task_2', None), ('task_2_raw', None), ('task_2_duration', None), ('old', None)])
13.7236 	EXP 	target: autoDraw = False
13.7236 	EXP 	target: text = 'sounds/pepper_sydney/sentence_13.wav'
14.2193 	EXP 	target: autoDraw = True
18.5547 	DATA 	Keypress: down
18.5557 	EXP 	New trial (rep=0, index=3): OrderedDict([('voice1', 'sounds/pepper_sydney/sentence_11.wav'), ('task_1_raw', 1), ('task_1_duration', 2), ('task_2', None), ('task_2_raw', None), ('task_2_duration', None), ('old', None)])
18.5610 	EXP 	target: autoDraw = False
18.5610 	EXP 	target: text = 'sounds/pepper_sydney/sentence_11.wav'
19.0568 	EXP 	target: autoDraw = True
21.2394 	DATA 	Keypress: down
21.2403 	EXP 	New trial (rep=0, index=4): OrderedDict([('voice1', 'sounds/pepper_sydney/sentence_16.wav'), ('task_1_raw', 1), ('task_1_duration', 2), ('task_2', None), ('task_2_raw', None), ('task_2_duration', None), ('old', None)])
21.2467 	EXP 	target: autoDraw = False
21.2467 	EXP 	target: text = 'sounds/pepper_sydney/sentence_16.wav'
21.7418 	EXP 	target: autoDraw = True
22.6469 	DATA 	Keypress: down
22.6473 	EXP 	New trial (rep=0, index=5): OrderedDict([('voice1', 'sounds/pepper_sydney/sentence_17.wav'), ('task_1_raw', 1), ('task_1_duration', 2), ('task_2', None), ('task_2_raw', None), ('task_2_duration', None), ('old', None)])
22.6531 	EXP 	target: autoDraw = False
22.6531 	EXP 	target: text = 'sounds/pepper_sydney/sentence_17.wav'
23.1487 	EXP 	target: autoDraw = True
23.4931 	DATA 	Keypress: escape
23.5022 	EXP 	window1: mouseVisible = True
