2.6739 	WARNING 	User requested fullscreen with size [1440  810], but screen is actually [2880, 1620]. Using actual size
5.4358 	WARNING 	Couldn't measure a consistent frame rate.
  - Is your graphics card set to sync to vertical blank?
  - Are you running other processes on your computer?

5.4369 	EXP 	Created window1 = Window(allowGUI=False, allowStencil=False, args=UNKNOWN, autoLog=True, bitsMode=UNKNOWN, blendMode='avg', color=array([0., 0., 0.]), colorSpace='rgb', fullscr=UNKNOWN, gamma=None, kwargs=UNKNOWN, lms=UNKNOWN, monitor=<psychopy.monitors.calibTools.Monitor object at 0x0000000012FB0710>, multiSample=False, name='window1', numSamples=2, pos=[0, 0], screen=0, size=array([2880, 1620]), stereo=False, units=u'norm', useFBO=True, useRetina=False, viewOri=0.0, viewPos=None, viewScale=None, waitBlanking=True, winType=u'pyglet')
5.4370 	EXP 	window1: recordFrameIntervals = False
5.6415 	EXP 	window1: recordFrameIntervals = True
5.7522 	WARNING 	t of last frame was 27.28ms (=1/36)
5.8356 	WARNING 	t of last frame was 27.33ms (=1/36)
5.9338 	WARNING 	t of last frame was 24.91ms (=1/40)
6.0341 	WARNING 	t of last frame was 25.52ms (=1/39)
6.1282 	WARNING 	Multiple dropped frames have occurred - I'll stop bothering you about them!
6.3168 	EXP 	window1: recordFrameIntervals = True
6.3949 	EXP 	Created instText = TextStim(alignHoriz='center', alignVert='center', antialias=True, autoLog=True, bold=False, color=u'white', colorSpace='named', contrast=1.0, depth=0.0, flipHoriz=False, flipVert=False, font=u'Arial', fontFiles=[], height=0.1, italic=False, name='instText', opacity=1.0, ori=0, pos=array([0., 0.]), rgb=array([255., 255., 255.]), text='What is your user code?\n', units=u'norm', win=Window(...), wrapWidth=1)
6.4038 	EXP 	Created target = TextStim(alignHoriz='center', alignVert='center', antialias=True, autoLog=True, bold=False, color=array([1., 1., 1.]), colorSpace='rgb', contrast=1.0, depth=0.0, flipHoriz=False, flipVert=False, font=u'Arial', fontFiles=[], height=0.1, italic=False, name='target', opacity=1.0, ori=0, pos=array([0., 0.]), rgb=array([1., 1., 1.]), text='default text', units=u'norm', win=Window(...), wrapWidth=1)
6.4510 	EXP 	Sound  set volume 1.000
6.4518 	WARNING 	Requested image u'robot_img/pr2' not found but similar filename u'robot_img/pr2.jpg' exists. This will be used instead but changing the filename is advised.
6.4602 	EXP 	Created image = ImageStim(autoLog=True, color=array([1., 1., 1.]), colorSpace='rgb', contrast=1.0, depth=-3.0, flipHoriz=False, flipVert=False, image=u'robot_img/pr2', interpolate=True, mask=None, maskParams=None, name='image', opacity=1.0, ori=0.0, pos=array([-0.3,  0. ]), size=array([0.18, 0.28]), texRes=128, units=u'norm', win=Window(...))
6.4607 	WARNING 	Requested image u'robot_img/pr2' not found but similar filename u'robot_img/pr2.jpg' exists. This will be used instead but changing the filename is advised.
6.4636 	EXP 	Created image_2 = ImageStim(autoLog=True, color=array([1., 1., 1.]), colorSpace='rgb', contrast=1.0, depth=-4.0, flipHoriz=False, flipVert=False, image=u'robot_img/pr2', interpolate=True, mask=None, maskParams=None, name='image_2', opacity=1.0, ori=0.0, pos=array([0., 0.]), size=array([0.125     , 0.34567901]), texRes=128, units=u'norm', win=Window(...))
6.4640 	WARNING 	Requested image u'robot_img/pr2' not found but similar filename u'robot_img/pr2.jpg' exists. This will be used instead but changing the filename is advised.
6.4671 	EXP 	Created image_3 = ImageStim(autoLog=True, color=array([1., 1., 1.]), colorSpace='rgb', contrast=1.0, depth=-5.0, flipHoriz=False, flipVert=False, image=u'robot_img/pr2', interpolate=True, mask=None, maskParams=None, name='image_3', opacity=1.0, ori=0.0, pos=array([-0.66,  0.  ]), size=array([0.125     , 0.34567901]), texRes=128, units=u'norm', win=Window(...))
6.4807 	EXP 	instText: autoDraw = True
6.9372 	DATA 	Keypress: down
6.9672 	EXP 	Imported conditions.xlsx as conditions, 6 conditions, 4 params
6.9677 	EXP 	Created sequence: random, trialTypes=6, nReps=1, seed=None
6.9683 	EXP 	New trial (rep=0, index=0): OrderedDict([(u'word', u'green'), (u'colour', u'blue'), (u'congruent', 0), (u'corrAns', u'right')])
6.9931 	EXP 	instText: autoDraw = False
6.9931 	EXP 	target: color = u'blue (named)'
6.9931 	EXP 	target: text = u'green'
6.9931 	EXP 	image: autoDraw = True
6.9931 	EXP 	image_2: autoDraw = True
6.9931 	EXP 	image_3: autoDraw = True
7.5019 	EXP 	target: autoDraw = True
11.4899 	EXP 	target: autoDraw = False
14.6894 	DATA 	Keypress: escape
14.7524 	EXP 	window1: mouseVisible = True
