2.2754 	WARNING 	User requested fullscreen with size [1440  810], but screen is actually [2880, 1620]. Using actual size
3.3220 	EXP 	Created window1 = Window(allowGUI=False, allowStencil=False, args=UNKNOWN, autoLog=True, bitsMode=UNKNOWN, blendMode='avg', color=array([0., 0., 0.]), colorSpace='rgb', fullscr=UNKNOWN, gamma=None, kwargs=UNKNOWN, lms=UNKNOWN, monitor=<psychopy.monitors.calibTools.Monitor object at 0x0000000013749710>, multiSample=False, name='window1', numSamples=2, pos=[0, 0], screen=0, size=array([2880, 1620]), stereo=False, units=u'norm', useFBO=True, useRetina=False, viewOri=0.0, viewPos=None, viewScale=None, waitBlanking=True, winType=u'pyglet')
3.3221 	EXP 	window1: recordFrameIntervals = False
3.4972 	EXP 	window1: recordFrameIntervals = True
3.6811 	EXP 	window1: recordFrameIntervals = False
3.7700 	EXP 	Created instText = TextStim(alignHoriz='center', alignVert='center', antialias=True, autoLog=True, bold=False, color=u'white', colorSpace='named', contrast=1.0, depth=0.0, flipHoriz=False, flipVert=False, font=u'Arial', fontFiles=[], height=0.1, italic=False, name='instText', opacity=1.0, ori=0, pos=array([0., 0.]), rgb=array([255., 255., 255.]), text='What is your user code?\n', units=u'norm', win=Window(...), wrapWidth=1)
3.7786 	EXP 	Created target = TextStim(alignHoriz='center', alignVert='center', antialias=True, autoLog=True, bold=False, color=array([1., 1., 1.]), colorSpace='rgb', contrast=1.0, depth=0.0, flipHoriz=False, flipVert=False, font=u'Arial', fontFiles=[], height=0.1, italic=False, name='target', opacity=1.0, ori=0, pos=array([0., 0.]), rgb=array([1., 1., 1.]), text='default text', units=u'norm', win=Window(...), wrapWidth=1)
3.8216 	EXP 	Sound  set volume 1.000
3.8224 	WARNING 	Requested image u'robot_img/pr2' not found but similar filename u'robot_img/pr2.jpg' exists. This will be used instead but changing the filename is advised.
3.8274 	EXP 	Created image = ImageStim(autoLog=True, color=array([1., 1., 1.]), colorSpace='rgb', contrast=1.0, depth=-3.0, flipHoriz=False, flipVert=False, image=u'robot_img/pr2', interpolate=True, mask=None, maskParams=None, name='image', opacity=1.0, ori=0.0, pos=array([0., 0.]), size=array([0.125     , 0.34567901]), texRes=128, units=u'norm', win=Window(...))
3.8279 	WARNING 	Requested image u'robot_img/pepper' not found but similar filename u'robot_img/pepper.png' exists. This will be used instead but changing the filename is advised.
3.8424 	EXP 	Created image_2 = ImageStim(autoLog=True, color=array([1., 1., 1.]), colorSpace='rgb', contrast=1.0, depth=-4.0, flipHoriz=False, flipVert=False, image=u'robot_img/pepper', interpolate=True, mask=None, maskParams=None, name='image_2', opacity=1.0, ori=0.0, pos=array([1., 1.]), size=array([1., 1.]), texRes=128, units=u'norm', win=Window(...))
3.8606 	EXP 	instText: autoDraw = True
4.2984 	DATA 	Keypress: down
4.3125 	EXP 	Imported conditions.xlsx as conditions, 6 conditions, 4 params
4.3128 	EXP 	Created sequence: random, trialTypes=6, nReps=1, seed=None
4.3133 	EXP 	New trial (rep=0, index=0): OrderedDict([(u'word', u'blue'), (u'colour', u'red'), (u'congruent', 0), (u'corrAns', u'left')])
4.3325 	EXP 	instText: autoDraw = False
4.3325 	EXP 	target: color = u'red (named)'
4.3325 	EXP 	target: text = u'blue'
4.3325 	EXP 	image: autoDraw = True
4.3325 	EXP 	image_2: autoDraw = True
4.8334 	EXP 	target: autoDraw = True
8.8216 	EXP 	target: autoDraw = False
10.7475 	DATA 	Keypress: down
10.7502 	EXP 	New trial (rep=0, index=1): OrderedDict([(u'word', u'red'), (u'colour', u'red'), (u'congruent', 1), (u'corrAns', u'left')])
10.7745 	EXP 	target: autoDraw = False
10.7745 	EXP 	image: autoDraw = False
10.7745 	EXP 	image_2: autoDraw = False
10.7745 	EXP 	target: color = u'red (named)'
10.7745 	EXP 	target: text = u'red'
10.7745 	EXP 	image: autoDraw = True
10.7745 	EXP 	image_2: autoDraw = True
11.2855 	EXP 	target: autoDraw = True
12.0201 	DATA 	Keypress: escape
12.1209 	EXP 	window1: mouseVisible = True
2.2805 	WARNING 	User requested fullscreen with size [1440  810], but screen is actually [2880, 1620]. Using actual size
5.1075 	WARNING 	Couldn't measure a consistent frame rate.
  - Is your graphics card set to sync to vertical blank?
  - Are you running other processes on your computer?

5.1084 	EXP 	Created window1 = Window(allowGUI=False, allowStencil=False, args=UNKNOWN, autoLog=True, bitsMode=UNKNOWN, blendMode='avg', color=array([0., 0., 0.]), colorSpace='rgb', fullscr=UNKNOWN, gamma=None, kwargs=UNKNOWN, lms=UNKNOWN, monitor=<psychopy.monitors.calibTools.Monitor object at 0x0000000013899710>, multiSample=False, name='window1', numSamples=2, pos=[0, 0], screen=0, size=array([2880, 1620]), stereo=False, units=u'norm', useFBO=True, useRetina=False, viewOri=0.0, viewPos=None, viewScale=None, waitBlanking=True, winType=u'pyglet')
5.1085 	EXP 	window1: recordFrameIntervals = False
5.3246 	EXP 	window1: recordFrameIntervals = True
5.3720 	WARNING 	t of last frame was 27.82ms (=1/35)
5.4387 	WARNING 	t of last frame was 27.69ms (=1/36)
5.5054 	WARNING 	t of last frame was 27.65ms (=1/36)
5.5722 	WARNING 	t of last frame was 27.80ms (=1/35)
5.6388 	WARNING 	Multiple dropped frames have occurred - I'll stop bothering you about them!
7.0360 	EXP 	window1: recordFrameIntervals = True
7.1289 	EXP 	Created instText = TextStim(alignHoriz='center', alignVert='center', antialias=True, autoLog=True, bold=False, color=u'white', colorSpace='named', contrast=1.0, depth=0.0, flipHoriz=False, flipVert=False, font=u'Arial', fontFiles=[], height=0.1, italic=False, name='instText', opacity=1.0, ori=0, pos=array([0., 0.]), rgb=array([255., 255., 255.]), text='What is your user code?\n', units=u'norm', win=Window(...), wrapWidth=1)
7.1372 	EXP 	Created target = TextStim(alignHoriz='center', alignVert='center', antialias=True, autoLog=True, bold=False, color=array([1., 1., 1.]), colorSpace='rgb', contrast=1.0, depth=0.0, flipHoriz=False, flipVert=False, font=u'Arial', fontFiles=[], height=0.1, italic=False, name='target', opacity=1.0, ori=0, pos=array([0., 0.]), rgb=array([1., 1., 1.]), text='default text', units=u'norm', win=Window(...), wrapWidth=1)
7.1790 	EXP 	Sound  set volume 1.000
7.1796 	WARNING 	Requested image u'robot_img/pr2' not found but similar filename u'robot_img/pr2.jpg' exists. This will be used instead but changing the filename is advised.
7.1844 	EXP 	Created image = ImageStim(autoLog=True, color=array([1., 1., 1.]), colorSpace='rgb', contrast=1.0, depth=-3.0, flipHoriz=False, flipVert=False, image=u'robot_img/pr2', interpolate=True, mask=None, maskParams=None, name='image', opacity=1.0, ori=0.0, pos=array([0., 0.]), size=array([0.125     , 0.34567901]), texRes=128, units=u'norm', win=Window(...))
7.1848 	WARNING 	Requested image u'robot_img/pr2' not found but similar filename u'robot_img/pr2.jpg' exists. This will be used instead but changing the filename is advised.
7.1875 	EXP 	Created image_2 = ImageStim(autoLog=True, color=array([1., 1., 1.]), colorSpace='rgb', contrast=1.0, depth=-4.0, flipHoriz=False, flipVert=False, image=u'robot_img/pr2', interpolate=True, mask=None, maskParams=None, name='image_2', opacity=1.0, ori=0.0, pos=array([1., 1.]), size=array([1., 1.]), texRes=128, units=u'norm', win=Window(...))
7.2002 	EXP 	instText: autoDraw = True
7.6145 	DATA 	Keypress: down
7.6377 	EXP 	Imported conditions.xlsx as conditions, 6 conditions, 4 params
7.6383 	EXP 	Created sequence: random, trialTypes=6, nReps=1, seed=None
7.6389 	EXP 	New trial (rep=0, index=0): OrderedDict([(u'word', u'blue'), (u'colour', u'blue'), (u'congruent', 1), (u'corrAns', u'right')])
7.6618 	EXP 	instText: autoDraw = False
7.6618 	EXP 	target: color = u'blue (named)'
7.6618 	EXP 	target: text = u'blue'
7.6618 	EXP 	image: autoDraw = True
7.6618 	EXP 	image_2: autoDraw = True
8.1735 	EXP 	target: autoDraw = True
10.7073 	DATA 	Keypress: escape
10.7469 	EXP 	window1: mouseVisible = True
