1.6268 	WARNING 	User requested fullscreen with size [1440  810], but screen is actually [1920, 1080]. Using actual size
1.8606 	EXP 	Created window1 = Window(allowGUI=False, allowStencil=False, args=UNKNOWN, autoLog=True, bitsMode=UNKNOWN, blendMode='avg', color=array([ 0.,  0.,  0.]), colorSpace='rgb', fullscr=UNKNOWN, gamma=None, kwargs=UNKNOWN, lms=UNKNOWN, monitor=<psychopy.monitors.calibTools.Monitor object at 0x7f09bb46d860>, multiSample=False, name='window1', numSamples=2, pos=[0.0, 0.0], screen=0, size=array([1920, 1080]), stereo=False, units='norm', useFBO=True, useRetina=False, viewOri=0.0, viewPos=None, viewScale=None, waitBlanking=True, winType='pyglet')
1.8607 	EXP 	window1: recordFrameIntervals = False
1.8656 	EXP 	window1: recordFrameIntervals = True
1.8701 	EXP 	window1: recordFrameIntervals = False
1.9146 	EXP 	Created instText = TextStim(__class__=<class 'psychopy.visual.text.TextStim'>, alignHoriz='center', alignVert='center', antialias=True, autoLog=True, bold=False, color='white', colorSpace='named', contrast=1.0, depth=0.0, flipHoriz=False, flipVert=False, font='Arial', fontFiles=[], height=0.1, italic=False, name='instText', opacity=1.0, ori=0, pos=array([ 0.,  0.]), rgb=array([ 255.,  255.,  255.]), text='What is your user code?\n', units='norm', win=Window(...), wrapWidth=1)
1.9187 	EXP 	Created target = TextStim(__class__=<class 'psychopy.visual.text.TextStim'>, alignHoriz='center', alignVert='center', antialias=True, autoLog=True, bold=False, color='white', colorSpace='named', contrast=1.0, depth=0.0, flipHoriz=False, flipVert=False, font='Arial', fontFiles=[], height=0.1, italic=False, name='target', opacity=1.0, ori=0, pos=array([ 0.,  0.]), rgb=array([ 255.,  255.,  255.]), text='default text', units='norm', win=Window(...), wrapWidth=1)
1.9222 	EXP 	Sound  set volume 1.000
1.9242 	EXP 	instText: autoDraw = True
2.6314 	DATA 	Keypress: down
2.6392 	EXP 	Imported sounds.xlsx as conditions, 14 conditions, 4 params
2.6395 	EXP 	Created sequence: random, trialTypes=14, nReps=1, seed=None
2.6399 	EXP 	New trial (rep=0, index=0): OrderedDict([('voice1', 'sounds/pepper_sydney/sentence_17.wav'), ('task_1_raw', 1), ('task_1_duration', 2), ('test', 'sounds/pepper_sydney/sentence_05.wav')])
2.6494 	EXP 	instText: autoDraw = False
2.6494 	EXP 	target: text = 'sounds/pepper_sydney/sentence_17.wav'
3.1412 	EXP 	target: autoDraw = True
4.9702 	DATA 	Keypress: down
4.9708 	EXP 	New trial (rep=0, index=1): OrderedDict([('voice1', 'sounds/pepper_sydney/sentence_13.wav'), ('task_1_raw', 1), ('task_1_duration', 2), ('test', 'sounds/pepper_sydney/sentence_05.wav')])
4.9766 	EXP 	target: autoDraw = False
4.9766 	EXP 	target: text = 'sounds/pepper_sydney/sentence_13.wav'
5.4720 	EXP 	target: autoDraw = True
7.5250 	DATA 	Keypress: down
7.5254 	EXP 	New trial (rep=0, index=2): OrderedDict([('voice1', 'sounds/pepper_sydney/sentence_11.wav'), ('task_1_raw', 1), ('task_1_duration', 2), ('test', 'sounds/pepper_sydney/sentence_05.wav')])
7.5310 	EXP 	target: autoDraw = False
7.5310 	EXP 	target: text = 'sounds/pepper_sydney/sentence_11.wav'
8.0269 	EXP 	target: autoDraw = True
9.7686 	DATA 	Keypress: down
9.7695 	EXP 	New trial (rep=0, index=3): OrderedDict([('voice1', 'sounds/pepper_sydney/sentence_07.wav'), ('task_1_raw', 2), ('task_1_duration', 3), ('test', 'sounds/pepper_sydney/sentence_05.wav')])
9.7760 	EXP 	target: autoDraw = False
9.7760 	EXP 	target: text = 'sounds/pepper_sydney/sentence_07.wav'
10.2712 	EXP 	target: autoDraw = True
11.4771 	DATA 	Keypress: down
11.4785 	EXP 	New trial (rep=0, index=4): OrderedDict([('voice1', 'sounds/pepper_sydney/sentence_10.wav'), ('task_1_raw', 2), ('task_1_duration', 3), ('test', 'sounds/pepper_sydney/sentence_05.wav')])
11.4840 	EXP 	target: autoDraw = False
11.4840 	EXP 	target: text = 'sounds/pepper_sydney/sentence_10.wav'
11.9799 	EXP 	target: autoDraw = True
13.3355 	DATA 	Keypress: down
13.3360 	EXP 	New trial (rep=0, index=5): OrderedDict([('voice1', 'sounds/pepper_sydney/sentence_16.wav'), ('task_1_raw', 1), ('task_1_duration', 2), ('test', 'sounds/pepper_sydney/sentence_05.wav')])
13.3425 	EXP 	target: autoDraw = False
13.3425 	EXP 	target: text = 'sounds/pepper_sydney/sentence_16.wav'
13.8378 	EXP 	target: autoDraw = True
15.2888 	DATA 	Keypress: down
15.2897 	EXP 	New trial (rep=0, index=6): OrderedDict([('voice1', 'sounds/pepper_sydney/sentence_15.wav'), ('task_1_raw', 1), ('task_1_duration', 2), ('test', 'sounds/pepper_sydney/sentence_05.wav')])
15.2962 	EXP 	target: autoDraw = False
15.2962 	EXP 	target: text = 'sounds/pepper_sydney/sentence_15.wav'
15.7918 	EXP 	target: autoDraw = True
108.6469 	DATA 	Keypress: down
108.6474 	EXP 	New trial (rep=0, index=7): OrderedDict([('voice1', 'sounds/pepper_sydney/sentence_05.wav'), ('task_1_raw', 2), ('task_1_duration', 3), ('test', 'sounds/pepper_sydney/sentence_05.wav')])
108.6537 	EXP 	target: autoDraw = False
108.6537 	EXP 	target: text = 'sounds/pepper_sydney/sentence_05.wav'
109.1497 	EXP 	target: autoDraw = True
110.6355 	DATA 	Keypress: down
110.6360 	EXP 	New trial (rep=0, index=8): OrderedDict([('voice1', 'sounds/pepper_sydney/sentence_12.wav'), ('task_1_raw', 2), ('task_1_duration', 3), ('test', 'sounds/pepper_sydney/sentence_05.wav')])
110.6431 	EXP 	target: autoDraw = False
110.6431 	EXP 	target: text = 'sounds/pepper_sydney/sentence_12.wav'
111.1376 	EXP 	target: autoDraw = True
112.8244 	DATA 	Keypress: down
112.8248 	EXP 	New trial (rep=0, index=9): OrderedDict([('voice1', 'sounds/pepper_sydney/sentence_08.wav'), ('task_1_raw', 1), ('task_1_duration', 2), ('test', 'sounds/pepper_sydney/sentence_05.wav')])
112.8358 	EXP 	target: autoDraw = False
112.8358 	EXP 	target: text = 'sounds/pepper_sydney/sentence_08.wav'
113.3270 	EXP 	target: autoDraw = True
114.1220 	DATA 	Keypress: down
114.1224 	EXP 	New trial (rep=0, index=10): OrderedDict([('voice1', 'sounds/pepper_sydney/sentence_09.wav'), ('task_1_raw', 2), ('task_1_duration', 3), ('test', 'sounds/pepper_sydney/sentence_05.wav')])
114.1284 	EXP 	target: autoDraw = False
114.1284 	EXP 	target: text = 'sounds/pepper_sydney/sentence_09.wav'
114.6236 	EXP 	target: autoDraw = True
114.8979 	DATA 	Keypress: down
114.8988 	EXP 	New trial (rep=0, index=11): OrderedDict([('voice1', 'sounds/pepper_sydney/sentence_14.wav'), ('task_1_raw', 1), ('task_1_duration', 2), ('test', 'sounds/pepper_sydney/sentence_05.wav')])
114.9047 	EXP 	target: autoDraw = False
114.9047 	EXP 	target: text = 'sounds/pepper_sydney/sentence_14.wav'
115.4002 	EXP 	target: autoDraw = True
115.6544 	DATA 	Keypress: down
115.6549 	EXP 	New trial (rep=0, index=12): OrderedDict([('voice1', 'sounds/pepper_sydney/sentence_06.wav'), ('task_1_raw', 1), ('task_1_duration', 2), ('test', 'sounds/pepper_sydney/sentence_05.wav')])
115.6605 	EXP 	target: autoDraw = False
115.6605 	EXP 	target: text = 'sounds/pepper_sydney/sentence_06.wav'
116.1564 	EXP 	target: autoDraw = True
116.4155 	DATA 	Keypress: down
116.4166 	EXP 	New trial (rep=0, index=13): OrderedDict([('voice1', 'sounds/pepper_sydney/sentence_04.wav'), ('task_1_raw', 1), ('task_1_duration', 2), ('test', 'sounds/pepper_sydney/sentence_05.wav')])
116.4228 	EXP 	target: autoDraw = False
116.4228 	EXP 	target: text = 'sounds/pepper_sydney/sentence_04.wav'
116.9182 	EXP 	target: autoDraw = True
117.1719 	DATA 	Keypress: down
117.2283 	EXP 	window1: mouseVisible = True
