2.7826 	WARNING 	User requested fullscreen with size [1440  810], but screen is actually [2880, 1620]. Using actual size
5.3968 	EXP 	Created window1 = Window(allowGUI=False, allowStencil=False, args=UNKNOWN, autoLog=True, bitsMode=UNKNOWN, blendMode='avg', color=array([0., 0., 0.]), colorSpace='rgb', fullscr=UNKNOWN, gamma=None, kwargs=UNKNOWN, lms=UNKNOWN, monitor=<psychopy.monitors.calibTools.Monitor object at 0x0000000013690710>, multiSample=False, name='window1', numSamples=2, pos=[0, 0], screen=0, size=array([2880, 1620]), stereo=False, units=u'norm', useFBO=True, useRetina=False, viewOri=0.0, viewPos=None, viewScale=None, waitBlanking=True, winType=u'pyglet')
5.3970 	EXP 	window1: recordFrameIntervals = False
5.5612 	EXP 	window1: recordFrameIntervals = True
5.7450 	EXP 	window1: recordFrameIntervals = False
5.8173 	EXP 	Created instText = TextStim(alignHoriz='center', alignVert='center', antialias=True, autoLog=True, bold=False, color=u'white', colorSpace='named', contrast=1.0, depth=0.0, flipHoriz=False, flipVert=False, font=u'Arial', fontFiles=[], height=0.1, italic=False, name='instText', opacity=1.0, ori=0, pos=array([0., 0.]), rgb=array([255., 255., 255.]), text='What is your user code?\n', units=u'norm', win=Window(...), wrapWidth=1)
5.8258 	EXP 	Created target = TextStim(alignHoriz='center', alignVert='center', antialias=True, autoLog=True, bold=False, color=array([1., 1., 1.]), colorSpace='rgb', contrast=1.0, depth=0.0, flipHoriz=False, flipVert=False, font=u'Arial', fontFiles=[], height=0.1, italic=False, name='target', opacity=1.0, ori=0, pos=array([0., 0.]), rgb=array([1., 1., 1.]), text='default text', units=u'norm', win=Window(...), wrapWidth=1)
5.8680 	EXP 	Sound  set volume 1.000
5.8686 	WARNING 	Requested image u'robot_img/pr2' not found but similar filename u'robot_img/pr2.jpg' exists. This will be used instead but changing the filename is advised.
5.8741 	EXP 	Created image = ImageStim(autoLog=True, color=array([1., 1., 1.]), colorSpace='rgb', contrast=1.0, depth=-3.0, flipHoriz=False, flipVert=False, image=u'robot_img/pr2', interpolate=True, mask=None, maskParams=None, name='image', opacity=1.0, ori=0.0, pos=array([-0.3,  0. ]), size=array([1.8, 2.8]), texRes=128, units=u'norm', win=Window(...))
5.8746 	WARNING 	Requested image u'robot_img/pr2' not found but similar filename u'robot_img/pr2.jpg' exists. This will be used instead but changing the filename is advised.
5.8772 	EXP 	Created image_2 = ImageStim(autoLog=True, color=array([1., 1., 1.]), colorSpace='rgb', contrast=1.0, depth=-4.0, flipHoriz=False, flipVert=False, image=u'robot_img/pr2', interpolate=True, mask=None, maskParams=None, name='image_2', opacity=1.0, ori=0.0, pos=array([0., 0.]), size=array([180., 280.]), texRes=128, units='pix', win=Window(...))
5.8776 	WARNING 	Requested image u'robot_img/pr2' not found but similar filename u'robot_img/pr2.jpg' exists. This will be used instead but changing the filename is advised.
5.8801 	EXP 	Created image_3 = ImageStim(autoLog=True, color=array([1., 1., 1.]), colorSpace='rgb', contrast=1.0, depth=-5.0, flipHoriz=False, flipVert=False, image=u'robot_img/pr2', interpolate=True, mask=None, maskParams=None, name='image_3', opacity=1.0, ori=0.0, pos=array([-0.66,  0.  ]), size=array([0.125     , 0.34567901]), texRes=128, units=u'norm', win=Window(...))
5.8940 	EXP 	instText: autoDraw = True
6.4675 	DATA 	Keypress: down
6.4821 	EXP 	Imported conditions.xlsx as conditions, 6 conditions, 4 params
6.4825 	EXP 	Created sequence: random, trialTypes=6, nReps=1, seed=None
6.4828 	EXP 	New trial (rep=0, index=0): OrderedDict([(u'word', u'blue'), (u'colour', u'red'), (u'congruent', 0), (u'corrAns', u'left')])
6.5062 	EXP 	instText: autoDraw = False
6.5062 	EXP 	target: color = u'red (named)'
6.5062 	EXP 	target: text = u'blue'
6.5062 	EXP 	image: autoDraw = True
6.5062 	EXP 	image_2: autoDraw = True
6.5062 	EXP 	image_3: autoDraw = True
7.0260 	EXP 	target: autoDraw = True
7.6514 	DATA 	Keypress: down
7.6526 	EXP 	New trial (rep=0, index=1): OrderedDict([(u'word', u'red'), (u'colour', u'red'), (u'congruent', 1), (u'corrAns', u'left')])
7.6731 	EXP 	target: autoDraw = False
7.6731 	EXP 	image: autoDraw = False
7.6731 	EXP 	image_2: autoDraw = False
7.6731 	EXP 	image_3: autoDraw = False
7.6731 	EXP 	target: color = u'red (named)'
7.6731 	EXP 	target: text = u'red'
7.6731 	EXP 	image: autoDraw = True
7.6731 	EXP 	image_2: autoDraw = True
7.6731 	EXP 	image_3: autoDraw = True
8.1831 	EXP 	target: autoDraw = True
8.2057 	DATA 	Keypress: down
8.2064 	EXP 	New trial (rep=0, index=2): OrderedDict([(u'word', u'green'), (u'colour', u'blue'), (u'congruent', 0), (u'corrAns', u'right')])
8.2331 	EXP 	target: autoDraw = False
8.2331 	EXP 	image: autoDraw = False
8.2331 	EXP 	image_2: autoDraw = False
8.2331 	EXP 	image_3: autoDraw = False
8.2331 	EXP 	target: color = u'blue (named)'
8.2331 	EXP 	target: text = u'green'
8.2331 	EXP 	image: autoDraw = True
8.2331 	EXP 	image_2: autoDraw = True
8.2331 	EXP 	image_3: autoDraw = True
8.7459 	EXP 	target: autoDraw = True
9.0070 	DATA 	Keypress: up
10.5306 	DATA 	Keypress: escape
10.6184 	EXP 	window1: mouseVisible = True
