2.4675 	WARNING 	User requested fullscreen with size [1440  810], but screen is actually [1920, 1080]. Using actual size
2.7014 	EXP 	Created window1 = Window(allowGUI=False, allowStencil=False, args=UNKNOWN, autoLog=True, bitsMode=UNKNOWN, blendMode='avg', color=array([ 0.,  0.,  0.]), colorSpace='rgb', fullscr=UNKNOWN, gamma=None, kwargs=UNKNOWN, lms=UNKNOWN, monitor=<psychopy.monitors.calibTools.Monitor object at 0x7fd25e930860>, multiSample=False, name='window1', numSamples=2, pos=[0.0, 0.0], screen=0, size=array([1920, 1080]), stereo=False, units='norm', useFBO=True, useRetina=False, viewOri=0.0, viewPos=None, viewScale=None, waitBlanking=True, winType='pyglet')
2.7014 	EXP 	window1: recordFrameIntervals = False
2.7064 	EXP 	window1: recordFrameIntervals = True
2.7115 	EXP 	window1: recordFrameIntervals = False
2.7553 	EXP 	Created instText = TextStim(__class__=<class 'psychopy.visual.text.TextStim'>, alignHoriz='center', alignVert='center', antialias=True, autoLog=True, bold=False, color='white', colorSpace='named', contrast=1.0, depth=0.0, flipHoriz=False, flipVert=False, font='Arial', fontFiles=[], height=0.1, italic=False, name='instText', opacity=1.0, ori=0, pos=array([ 0.,  0.]), rgb=array([ 255.,  255.,  255.]), text='What is your user code?\n', units='norm', win=Window(...), wrapWidth=1)
2.7597 	EXP 	Created target = TextStim(__class__=<class 'psychopy.visual.text.TextStim'>, alignHoriz='center', alignVert='center', antialias=True, autoLog=True, bold=False, color='white', colorSpace='named', contrast=1.0, depth=0.0, flipHoriz=False, flipVert=False, font='Arial', fontFiles=[], height=0.1, italic=False, name='target', opacity=1.0, ori=0, pos=array([ 0.,  0.]), rgb=array([ 255.,  255.,  255.]), text='default text', units='norm', win=Window(...), wrapWidth=1)
2.7631 	EXP 	Sound  set volume 1.000
2.7650 	EXP 	instText: autoDraw = True
3.7463 	DATA 	Keypress: down
3.7551 	EXP 	Imported sounds.xlsx as conditions, 14 conditions, 7 params
3.7554 	EXP 	Created sequence: random, trialTypes=14, nReps=1, seed=None
3.7557 	EXP 	New trial (rep=0, index=0): OrderedDict([('voice1', 'sounds/pepper_sydney/sentence_17.wav'), ('task_1_raw', 1), ('task_1_duration', 2), ('task_2', None), ('task_2_raw', None), ('task_2_duration', None), ('old', None)])
3.7657 	EXP 	instText: autoDraw = False
3.7657 	EXP 	target: text = 'sounds/pepper_sydney/sentence_17.wav'
4.2570 	EXP 	target: autoDraw = True
5.6146 	DATA 	Keypress: down
5.6157 	EXP 	New trial (rep=0, index=1): OrderedDict([('voice1', 'sounds/pepper_sydney/sentence_06.wav'), ('task_1_raw', 1), ('task_1_duration', 2), ('task_2', 'pepper_sydney/sentence_03'), ('task_2_raw', 3.0), ('task_2_duration', 4.0), ('old', None)])
5.6217 	EXP 	target: autoDraw = False
5.6217 	EXP 	target: text = 'sounds/pepper_sydney/sentence_06.wav'
6.1168 	EXP 	target: autoDraw = True
7.6934 	DATA 	Keypress: down
7.6938 	EXP 	New trial (rep=0, index=2): OrderedDict([('voice1', 'sounds/pepper_sydney/sentence_15.wav'), ('task_1_raw', 1), ('task_1_duration', 2), ('task_2', None), ('task_2_raw', None), ('task_2_duration', None), ('old', None)])
7.6994 	EXP 	target: autoDraw = False
7.6994 	EXP 	target: text = 'sounds/pepper_sydney/sentence_15.wav'
8.1950 	EXP 	target: autoDraw = True
14.4897 	DATA 	Keypress: down
14.4901 	EXP 	New trial (rep=0, index=3): OrderedDict([('voice1', 'sounds/pepper_sydney/sentence_16.wav'), ('task_1_raw', 1), ('task_1_duration', 2), ('task_2', None), ('task_2_raw', None), ('task_2_duration', None), ('old', None)])
14.4956 	EXP 	target: autoDraw = False
14.4956 	EXP 	target: text = 'sounds/pepper_sydney/sentence_16.wav'
14.9914 	EXP 	target: autoDraw = True
18.0102 	DATA 	Keypress: down
18.0111 	EXP 	New trial (rep=0, index=4): OrderedDict([('voice1', 'sounds/pepper_sydney/sentence_14.wav'), ('task_1_raw', 1), ('task_1_duration', 2), ('task_2', None), ('task_2_raw', None), ('task_2_duration', None), ('old', None)])
18.0172 	EXP 	target: autoDraw = False
18.0172 	EXP 	target: text = 'sounds/pepper_sydney/sentence_14.wav'
18.5128 	EXP 	target: autoDraw = True
21.0606 	DATA 	Keypress: down
21.0611 	EXP 	New trial (rep=0, index=5): OrderedDict([('voice1', 'sounds/pepper_sydney/sentence_10.wav'), ('task_1_raw', 2), ('task_1_duration', 3), ('task_2', None), ('task_2_raw', None), ('task_2_duration', None), ('old', None)])
21.0667 	EXP 	target: autoDraw = False
21.0667 	EXP 	target: text = 'sounds/pepper_sydney/sentence_10.wav'
21.5624 	EXP 	target: autoDraw = True
22.0939 	DATA 	Keypress: down
22.0944 	EXP 	New trial (rep=0, index=6): OrderedDict([('voice1', 'sounds/pepper_sydney/sentence_11.wav'), ('task_1_raw', 1), ('task_1_duration', 2), ('task_2', None), ('task_2_raw', None), ('task_2_duration', None), ('old', None)])
22.0999 	EXP 	target: autoDraw = False
22.0999 	EXP 	target: text = 'sounds/pepper_sydney/sentence_11.wav'
22.5963 	EXP 	target: autoDraw = True
22.9688 	DATA 	Keypress: down
22.9697 	EXP 	New trial (rep=0, index=7): OrderedDict([('voice1', 'sounds/pepper_sydney/sentence_08.wav'), ('task_1_raw', 1), ('task_1_duration', 2), ('task_2', None), ('task_2_raw', None), ('task_2_duration', None), ('old', None)])
22.9755 	EXP 	target: autoDraw = False
22.9755 	EXP 	target: text = 'sounds/pepper_sydney/sentence_08.wav'
23.4709 	EXP 	target: autoDraw = True
23.8971 	DATA 	Keypress: down
23.8980 	EXP 	New trial (rep=0, index=8): OrderedDict([('voice1', 'sounds/pepper_sydney/sentence_13.wav'), ('task_1_raw', 1), ('task_1_duration', 2), ('task_2', None), ('task_2_raw', None), ('task_2_duration', None), ('old', None)])
23.9037 	EXP 	target: autoDraw = False
23.9037 	EXP 	target: text = 'sounds/pepper_sydney/sentence_13.wav'
24.3992 	EXP 	target: autoDraw = True
24.7571 	DATA 	Keypress: down
24.7575 	EXP 	New trial (rep=0, index=9): OrderedDict([('voice1', 'sounds/pepper_sydney/sentence_04.wav'), ('task_1_raw', 1), ('task_1_duration', 2), ('task_2', 'pepper_sydney/sentence_01'), ('task_2_raw', 2.0), ('task_2_duration', 3.0), ('old', None)])
24.7668 	EXP 	target: autoDraw = False
24.7668 	EXP 	target: text = 'sounds/pepper_sydney/sentence_04.wav'
25.2592 	EXP 	target: autoDraw = True
25.5786 	DATA 	Keypress: down
25.5790 	EXP 	New trial (rep=0, index=10): OrderedDict([('voice1', 'sounds/pepper_sydney/sentence_05.wav'), ('task_1_raw', 2), ('task_1_duration', 3), ('task_2', 'pepper_sydney/sentence_02'), ('task_2_raw', 6.0), ('task_2_duration', 7.0), ('old', None)])
25.5845 	EXP 	target: autoDraw = False
25.5845 	EXP 	target: text = 'sounds/pepper_sydney/sentence_05.wav'
26.0806 	EXP 	target: autoDraw = True
26.3852 	DATA 	Keypress: down
26.3857 	EXP 	New trial (rep=0, index=11): OrderedDict([('voice1', 'sounds/pepper_sydney/sentence_07.wav'), ('task_1_raw', 2), ('task_1_duration', 3), ('task_2', None), ('task_2_raw', None), ('task_2_duration', None), ('old', None)])
26.3913 	EXP 	target: autoDraw = False
26.3913 	EXP 	target: text = 'sounds/pepper_sydney/sentence_07.wav'
26.8869 	EXP 	target: autoDraw = True
27.6722 	DATA 	Keypress: escape
27.7253 	EXP 	window1: mouseVisible = True
