2.9914 	WARNING 	User requested fullscreen with size [1440  810], but screen is actually [2880, 1620]. Using actual size
5.7532 	WARNING 	Couldn't measure a consistent frame rate.
  - Is your graphics card set to sync to vertical blank?
  - Are you running other processes on your computer?

5.7544 	EXP 	Created window1 = Window(allowGUI=False, allowStencil=False, args=UNKNOWN, autoLog=True, bitsMode=UNKNOWN, blendMode='avg', color=array([0., 0., 0.]), colorSpace='rgb', fullscr=UNKNOWN, gamma=None, kwargs=UNKNOWN, lms=UNKNOWN, monitor=<psychopy.monitors.calibTools.Monitor object at 0x00000000133FE710>, multiSample=False, name='window1', numSamples=2, pos=[0, 0], screen=0, size=array([2880, 1620]), stereo=False, units=u'norm', useFBO=True, useRetina=False, viewOri=0.0, viewPos=None, viewScale=None, waitBlanking=True, winType=u'pyglet')
5.7545 	EXP 	window1: recordFrameIntervals = False
5.9684 	EXP 	window1: recordFrameIntervals = True
6.0258 	WARNING 	t of last frame was 24.23ms (=1/41)
6.0487 	WARNING 	t of last frame was 22.95ms (=1/43)
6.1585 	WARNING 	t of last frame was 22.88ms (=1/43)
6.1805 	WARNING 	t of last frame was 22.01ms (=1/45)
6.2587 	WARNING 	Multiple dropped frames have occurred - I'll stop bothering you about them!
6.6977 	EXP 	window1: recordFrameIntervals = True
6.7566 	EXP 	Created instText = TextStim(alignHoriz='center', alignVert='center', antialias=True, autoLog=True, bold=False, color=u'white', colorSpace='named', contrast=1.0, depth=0.0, flipHoriz=False, flipVert=False, font=u'Arial', fontFiles=[], height=0.1, italic=False, name='instText', opacity=1.0, ori=0, pos=array([0., 0.]), rgb=array([255., 255., 255.]), text='What is your user code?\n', units=u'norm', win=Window(...), wrapWidth=1)
6.7653 	EXP 	Created target = TextStim(alignHoriz='center', alignVert='center', antialias=True, autoLog=True, bold=False, color=array([1., 1., 1.]), colorSpace='rgb', contrast=1.0, depth=0.0, flipHoriz=False, flipVert=False, font=u'Arial', fontFiles=[], height=0.1, italic=False, name='target', opacity=1.0, ori=0, pos=array([0., 0.]), rgb=array([1., 1., 1.]), text='default text', units=u'norm', win=Window(...), wrapWidth=1)
6.8067 	EXP 	Sound  set volume 1.000
6.8073 	WARNING 	Requested image u'robot_img/pr2' not found but similar filename u'robot_img/pr2.jpg' exists. This will be used instead but changing the filename is advised.
6.8125 	EXP 	Created image = ImageStim(autoLog=True, color=array([1., 1., 1.]), colorSpace='rgb', contrast=1.0, depth=-3.0, flipHoriz=False, flipVert=False, image=u'robot_img/pr2', interpolate=True, mask=None, maskParams=None, name='image', opacity=1.0, ori=0.0, pos=array([-0.3,  0. ]), size=array([0.125     , 0.34567901]), texRes=128, units=u'norm', win=Window(...))
6.8130 	WARNING 	Requested image u'robot_img/pr2' not found but similar filename u'robot_img/pr2.jpg' exists. This will be used instead but changing the filename is advised.
6.8163 	EXP 	Created image_2 = ImageStim(autoLog=True, color=array([1., 1., 1.]), colorSpace='rgb', contrast=1.0, depth=-4.0, flipHoriz=False, flipVert=False, image=u'robot_img/pr2', interpolate=True, mask=None, maskParams=None, name='image_2', opacity=1.0, ori=0.0, pos=array([0., 0.]), size=array([180., 280.]), texRes=128, units='pix', win=Window(...))
6.8166 	WARNING 	Requested image u'robot_img/pr2' not found but similar filename u'robot_img/pr2.jpg' exists. This will be used instead but changing the filename is advised.
6.8193 	EXP 	Created image_3 = ImageStim(autoLog=True, color=array([1., 1., 1.]), colorSpace='rgb', contrast=1.0, depth=-5.0, flipHoriz=False, flipVert=False, image=u'robot_img/pr2', interpolate=True, mask=None, maskParams=None, name='image_3', opacity=1.0, ori=0.0, pos=array([-0.66,  0.  ]), size=array([0.125     , 0.34567901]), texRes=128, units=u'norm', win=Window(...))
6.8319 	EXP 	instText: autoDraw = True
7.8197 	DATA 	Keypress: down
7.8609 	EXP 	Imported conditions.xlsx as conditions, 6 conditions, 4 params
7.8617 	EXP 	Created sequence: random, trialTypes=6, nReps=1, seed=None
7.8624 	EXP 	New trial (rep=0, index=0): OrderedDict([(u'word', u'blue'), (u'colour', u'red'), (u'congruent', 0), (u'corrAns', u'left')])
7.8882 	EXP 	instText: autoDraw = False
7.8882 	EXP 	target: color = u'red (named)'
7.8882 	EXP 	target: text = u'blue'
7.8882 	EXP 	image: autoDraw = True
7.8882 	EXP 	image_2: autoDraw = True
7.8882 	EXP 	image_3: autoDraw = True
8.3823 	EXP 	target: autoDraw = True
12.3840 	EXP 	target: autoDraw = False
13.2694 	DATA 	Keypress: down
13.2703 	EXP 	New trial (rep=0, index=1): OrderedDict([(u'word', u'red'), (u'colour', u'red'), (u'congruent', 1), (u'corrAns', u'left')])
13.2890 	EXP 	target: autoDraw = False
13.2890 	EXP 	image: autoDraw = False
13.2890 	EXP 	image_2: autoDraw = False
13.2890 	EXP 	image_3: autoDraw = False
13.2890 	EXP 	target: color = u'red (named)'
13.2890 	EXP 	target: text = u'red'
13.2890 	EXP 	image: autoDraw = True
13.2890 	EXP 	image_2: autoDraw = True
13.2890 	EXP 	image_3: autoDraw = True
13.8008 	EXP 	target: autoDraw = True
14.9044 	DATA 	Keypress: escape
14.9682 	EXP 	window1: mouseVisible = True
