2.6976 	WARNING 	User requested fullscreen with size [1440  810], but screen is actually [2880, 1620]. Using actual size
5.5456 	WARNING 	Couldn't measure a consistent frame rate.
  - Is your graphics card set to sync to vertical blank?
  - Are you running other processes on your computer?

5.5463 	EXP 	Created window1 = Window(allowGUI=False, allowStencil=False, args=UNKNOWN, autoLog=True, bitsMode=UNKNOWN, blendMode='avg', color=array([0., 0., 0.]), colorSpace='rgb', fullscr=UNKNOWN, gamma=None, kwargs=UNKNOWN, lms=UNKNOWN, monitor=<psychopy.monitors.calibTools.Monitor object at 0x0000000013550710>, multiSample=False, name='window1', numSamples=2, pos=[0, 0], screen=0, size=array([2880, 1620]), stereo=False, units=u'norm', useFBO=True, useRetina=False, viewOri=0.0, viewPos=None, viewScale=None, waitBlanking=True, winType=u'pyglet')
5.5464 	EXP 	window1: recordFrameIntervals = False
5.7576 	EXP 	window1: recordFrameIntervals = True
5.8409 	WARNING 	t of last frame was 27.02ms (=1/37)
5.8613 	WARNING 	t of last frame was 20.43ms (=1/48)
5.8815 	WARNING 	t of last frame was 20.15ms (=1/49)
5.9082 	WARNING 	t of last frame was 26.75ms (=1/37)
5.9477 	WARNING 	Multiple dropped frames have occurred - I'll stop bothering you about them!
6.9230 	EXP 	window1: recordFrameIntervals = True
7.0010 	EXP 	Created instText = TextStim(alignHoriz='center', alignVert='center', antialias=True, autoLog=True, bold=False, color=u'white', colorSpace='named', contrast=1.0, depth=0.0, flipHoriz=False, flipVert=False, font=u'Arial', fontFiles=[], height=0.1, italic=False, name='instText', opacity=1.0, ori=0, pos=array([0., 0.]), rgb=array([255., 255., 255.]), text='What is your user code?\n', units=u'norm', win=Window(...), wrapWidth=1)
7.0098 	EXP 	Created target = TextStim(alignHoriz='center', alignVert='center', antialias=True, autoLog=True, bold=False, color=array([1., 1., 1.]), colorSpace='rgb', contrast=1.0, depth=0.0, flipHoriz=False, flipVert=False, font=u'Arial', fontFiles=[], height=0.1, italic=False, name='target', opacity=1.0, ori=0, pos=array([0., 0.]), rgb=array([1., 1., 1.]), text='default text', units=u'norm', win=Window(...), wrapWidth=1)
7.0222 	EXP 	instText: autoDraw = True
9.5743 	DATA 	Keypress: e
9.5997 	EXP 	Imported conditions.xlsx as conditions, 6 conditions, 4 params
9.6002 	EXP 	Created sequence: random, trialTypes=6, nReps=1, seed=None
9.6006 	EXP 	New trial (rep=0, index=0): OrderedDict([(u'word', u'blue'), (u'colour', u'blue'), (u'congruent', 1), (u'corrAns', u'right')])
9.6158 	EXP 	instText: autoDraw = False
9.6158 	EXP 	target: color = u'blue (named)'
9.6158 	EXP 	target: text = u'blue'
10.1251 	EXP 	target: autoDraw = True
12.3417 	DATA 	Keypress: down
12.3429 	EXP 	New trial (rep=0, index=1): OrderedDict([(u'word', u'green'), (u'colour', u'green'), (u'congruent', 1), (u'corrAns', u'down')])
12.3636 	EXP 	target: autoDraw = False
12.3636 	EXP 	target: color = u'green (named)'
12.3636 	EXP 	target: text = u'green'
12.8750 	EXP 	target: autoDraw = True
13.1419 	DATA 	Keypress: down
13.1432 	EXP 	New trial (rep=0, index=2): OrderedDict([(u'word', u'red'), (u'colour', u'green'), (u'congruent', 0), (u'corrAns', u'down')])
13.1627 	EXP 	target: autoDraw = False
13.1627 	EXP 	target: color = u'green (named)'
13.1627 	EXP 	target: text = u'red'
13.6762 	EXP 	target: autoDraw = True
13.9100 	DATA 	Keypress: down
13.9109 	EXP 	New trial (rep=0, index=3): OrderedDict([(u'word', u'blue'), (u'colour', u'red'), (u'congruent', 0), (u'corrAns', u'left')])
13.9303 	EXP 	target: autoDraw = False
13.9303 	EXP 	target: color = u'red (named)'
13.9303 	EXP 	target: text = u'blue'
14.4429 	EXP 	target: autoDraw = True
14.6761 	DATA 	Keypress: down
14.6773 	EXP 	New trial (rep=0, index=4): OrderedDict([(u'word', u'green'), (u'colour', u'blue'), (u'congruent', 0), (u'corrAns', u'right')])
14.6968 	EXP 	target: autoDraw = False
14.6968 	EXP 	target: color = u'blue (named)'
14.6968 	EXP 	target: text = u'green'
15.2106 	EXP 	target: autoDraw = True
15.4940 	DATA 	Keypress: down
15.4947 	EXP 	New trial (rep=0, index=5): OrderedDict([(u'word', u'red'), (u'colour', u'red'), (u'congruent', 1), (u'corrAns', u'left')])
15.5144 	EXP 	target: autoDraw = False
15.5144 	EXP 	target: color = u'red (named)'
15.5144 	EXP 	target: text = u'red'
16.0285 	EXP 	target: autoDraw = True
16.3606 	DATA 	Keypress: down
16.4617 	EXP 	window1: mouseVisible = True
