2.2641 	WARNING 	User requested fullscreen with size [1440  810], but screen is actually [2880, 1620]. Using actual size
5.0291 	WARNING 	Couldn't measure a consistent frame rate.
  - Is your graphics card set to sync to vertical blank?
  - Are you running other processes on your computer?

5.0303 	EXP 	Created window1 = Window(allowGUI=False, allowStencil=False, args=UNKNOWN, autoLog=True, bitsMode=UNKNOWN, blendMode='avg', color=array([0., 0., 0.]), colorSpace='rgb', fullscr=UNKNOWN, gamma=None, kwargs=UNKNOWN, lms=UNKNOWN, monitor=<psychopy.monitors.calibTools.Monitor object at 0x00000000128A0710>, multiSample=False, name='window1', numSamples=2, pos=[0, 0], screen=0, size=array([2880, 1620]), stereo=False, units=u'norm', useFBO=True, useRetina=False, viewOri=0.0, viewPos=None, viewScale=None, waitBlanking=True, winType=u'pyglet')
5.0304 	EXP 	window1: recordFrameIntervals = False
5.2412 	EXP 	window1: recordFrameIntervals = True
5.3058 	WARNING 	t of last frame was 27.54ms (=1/36)
5.3636 	WARNING 	t of last frame was 20.31ms (=1/49)
5.3893 	WARNING 	t of last frame was 25.63ms (=1/39)
5.4725 	WARNING 	t of last frame was 27.63ms (=1/36)
5.5561 	WARNING 	Multiple dropped frames have occurred - I'll stop bothering you about them!
6.2558 	EXP 	window1: recordFrameIntervals = True
6.3428 	EXP 	Created instText = TextStim(alignHoriz='center', alignVert='center', antialias=True, autoLog=True, bold=False, color=u'white', colorSpace='named', contrast=1.0, depth=0.0, flipHoriz=False, flipVert=False, font=u'Arial', fontFiles=[], height=0.1, italic=False, name='instText', opacity=1.0, ori=0, pos=array([0., 0.]), rgb=array([255., 255., 255.]), text='What is your user code?\n', units=u'norm', win=Window(...), wrapWidth=1)
6.3534 	EXP 	Created target = TextStim(alignHoriz='center', alignVert='center', antialias=True, autoLog=True, bold=False, color=array([1., 1., 1.]), colorSpace='rgb', contrast=1.0, depth=0.0, flipHoriz=False, flipVert=False, font=u'Arial', fontFiles=[], height=0.1, italic=False, name='target', opacity=1.0, ori=0, pos=array([0., 0.]), rgb=array([1., 1., 1.]), text='default text', units=u'norm', win=Window(...), wrapWidth=1)
6.3995 	EXP 	Sound  set volume 1.000
6.4001 	WARNING 	Requested image u'robot_imgs/pr2' not found but similar filename u'robot_imgs/pr2.png' exists. This will be used instead but changing the filename is advised.
6.4299 	EXP 	Created image = ImageStim(autoLog=True, color=array([1., 1., 1.]), colorSpace='rgb', contrast=1.0, depth=-3.0, flipHoriz=False, flipVert=False, image=u'robot_imgs/pr2', interpolate=True, mask=None, maskParams=None, name='image', opacity=1.0, ori=0.0, pos=array([-0.3,  0. ]), size=array([0.53333333, 1.17283951]), texRes=128, units=u'norm', win=Window(...))
6.4305 	WARNING 	Requested image u'robot_imgs/pr2' not found but similar filename u'robot_imgs/pr2.png' exists. This will be used instead but changing the filename is advised.
6.4576 	EXP 	Created image_2 = ImageStim(autoLog=True, color=array([1., 1., 1.]), colorSpace='rgb', contrast=1.0, depth=-4.0, flipHoriz=False, flipVert=False, image=u'robot_imgs/pr2', interpolate=True, mask=None, maskParams=None, name='image_2', opacity=1.0, ori=0.0, pos=array([0., 0.]), size=array([180., 280.]), texRes=128, units='pix', win=Window(...))
6.4581 	WARNING 	Requested image u'robot_imgs/pr2' not found but similar filename u'robot_imgs/pr2.png' exists. This will be used instead but changing the filename is advised.
6.4819 	EXP 	Created image_3 = ImageStim(autoLog=True, color=array([1., 1., 1.]), colorSpace='rgb', contrast=1.0, depth=-5.0, flipHoriz=False, flipVert=False, image=u'robot_imgs/pr2', interpolate=True, mask=None, maskParams=None, name='image_3', opacity=1.0, ori=0.0, pos=array([-0.66,  0.  ]), size=array([0.53333333, 1.17283951]), texRes=128, units=u'norm', win=Window(...))
6.4950 	EXP 	instText: autoDraw = True
7.0382 	DATA 	Keypress: down
7.0902 	EXP 	Imported sounds\sounds.xlsx as conditions, 14 conditions, 6 params
7.0909 	EXP 	Created sequence: random, trialTypes=14, nReps=1, seed=None
7.0916 	EXP 	New trial (rep=0, index=0): OrderedDict([(u'task_1', u'pepper_sydney/sentence_05'), (u'task_1_raw', 2), (u'task_1_duration', 3), (u'task_2', u'pepper_sydney/sentence_02'), (u'task_2_raw', 6.0), (u'task_2_duration', 7.0)])
7.1476 	EXP 	window1: mouseVisible = True
