13.9169 	WARNING 	User requested fullscreen with size [1440  810], but screen is actually [2880, 1620]. Using actual size
15.5254 	EXP 	Created window1 = Window(allowGUI=False, allowStencil=False, args=UNKNOWN, autoLog=True, bitsMode=UNKNOWN, blendMode='avg', color=array([0., 0., 0.]), colorSpace='rgb', fullscr=UNKNOWN, gamma=None, kwargs=UNKNOWN, lms=UNKNOWN, monitor=<psychopy.monitors.calibTools.Monitor object at 0x00000000137EE668>, multiSample=False, name='window1', numSamples=2, pos=[0, 0], screen=0, size=array([2880, 1620]), stereo=False, units=u'norm', useFBO=True, useRetina=False, viewOri=0.0, viewPos=None, viewScale=None, waitBlanking=True, winType=u'pyglet')
15.5254 	EXP 	window1: recordFrameIntervals = False
15.6992 	EXP 	window1: recordFrameIntervals = True
15.8829 	EXP 	window1: recordFrameIntervals = False
16.2046 	EXP 	Created instText = TextStim(alignHoriz='center', alignVert='center', antialias=True, autoLog=True, bold=False, color=u'white', colorSpace='named', contrast=1.0, depth=0.0, flipHoriz=False, flipVert=False, font=u'Arial', fontFiles=[], height=0.1, italic=False, name='instText', opacity=1.0, ori=0, pos=array([0., 0.]), rgb=array([255., 255., 255.]), text='What is your user code?\n', units=u'norm', win=Window(...), wrapWidth=1)
16.2135 	EXP 	Created target = TextStim(alignHoriz='center', alignVert='center', antialias=True, autoLog=True, bold=False, color=array([1., 1., 1.]), colorSpace='rgb', contrast=1.0, depth=0.0, flipHoriz=False, flipVert=False, font=u'Arial', fontFiles=[], height=0.1, italic=False, name='target', opacity=1.0, ori=0, pos=array([0., 0.]), rgb=array([1., 1., 1.]), text='default text', units=u'norm', win=Window(...), wrapWidth=1)
16.2654 	EXP 	window1: mouseVisible = True
2.4020 	WARNING 	User requested fullscreen with size [1440  810], but screen is actually [2880, 1620]. Using actual size
5.0667 	WARNING 	Couldn't measure a consistent frame rate.
  - Is your graphics card set to sync to vertical blank?
  - Are you running other processes on your computer?

5.0678 	EXP 	Created window1 = Window(allowGUI=False, allowStencil=False, args=UNKNOWN, autoLog=True, bitsMode=UNKNOWN, blendMode='avg', color=array([0., 0., 0.]), colorSpace='rgb', fullscr=UNKNOWN, gamma=None, kwargs=UNKNOWN, lms=UNKNOWN, monitor=<psychopy.monitors.calibTools.Monitor object at 0x0000000012C19710>, multiSample=False, name='window1', numSamples=2, pos=[0, 0], screen=0, size=array([2880, 1620]), stereo=False, units=u'norm', useFBO=True, useRetina=False, viewOri=0.0, viewPos=None, viewScale=None, waitBlanking=True, winType=u'pyglet')
5.0679 	EXP 	window1: recordFrameIntervals = False
5.2384 	EXP 	window1: recordFrameIntervals = True
5.4222 	EXP 	window1: recordFrameIntervals = True
5.5091 	EXP 	Created instText = TextStim(alignHoriz='center', alignVert='center', antialias=True, autoLog=True, bold=False, color=u'white', colorSpace='named', contrast=1.0, depth=0.0, flipHoriz=False, flipVert=False, font=u'Arial', fontFiles=[], height=0.1, italic=False, name='instText', opacity=1.0, ori=0, pos=array([0., 0.]), rgb=array([255., 255., 255.]), text='What is your user code?\n', units=u'norm', win=Window(...), wrapWidth=1)
5.5183 	EXP 	Created target = TextStim(alignHoriz='center', alignVert='center', antialias=True, autoLog=True, bold=False, color=array([1., 1., 1.]), colorSpace='rgb', contrast=1.0, depth=0.0, flipHoriz=False, flipVert=False, font=u'Arial', fontFiles=[], height=0.1, italic=False, name='target', opacity=1.0, ori=0, pos=array([0., 0.]), rgb=array([1., 1., 1.]), text='default text', units=u'norm', win=Window(...), wrapWidth=1)
5.6488 	EXP 	Sound  set volume 1.000
5.6495 	WARNING 	Requested image u'robot_imgs/pr2' not found but similar filename u'robot_imgs/pr2.png' exists. This will be used instead but changing the filename is advised.
5.7106 	EXP 	Created image = ImageStim(autoLog=True, color=array([1., 1., 1.]), colorSpace='rgb', contrast=1.0, depth=-3.0, flipHoriz=False, flipVert=False, image=u'robot_imgs/pr2', interpolate=True, mask=None, maskParams=None, name='image', opacity=1.0, ori=0.0, pos=array([-0.3,  0. ]), size=array([0.53333333, 1.17283951]), texRes=128, units=u'norm', win=Window(...))
5.7127 	WARNING 	Requested image u'robot_imgs/pr2' not found but similar filename u'robot_imgs/pr2.png' exists. This will be used instead but changing the filename is advised.
5.7542 	EXP 	Created image_2 = ImageStim(autoLog=True, color=array([1., 1., 1.]), colorSpace='rgb', contrast=1.0, depth=-4.0, flipHoriz=False, flipVert=False, image=u'robot_imgs/pr2', interpolate=True, mask=None, maskParams=None, name='image_2', opacity=1.0, ori=0.0, pos=array([0., 0.]), size=array([180., 280.]), texRes=128, units='pix', win=Window(...))
5.7547 	WARNING 	Requested image u'robot_imgs/pr2' not found but similar filename u'robot_imgs/pr2.png' exists. This will be used instead but changing the filename is advised.
5.7820 	EXP 	Created image_3 = ImageStim(autoLog=True, color=array([1., 1., 1.]), colorSpace='rgb', contrast=1.0, depth=-5.0, flipHoriz=False, flipVert=False, image=u'robot_imgs/pr2', interpolate=True, mask=None, maskParams=None, name='image_3', opacity=1.0, ori=0.0, pos=array([-0.66,  0.  ]), size=array([0.53333333, 1.17283951]), texRes=128, units=u'norm', win=Window(...))
5.7981 	WARNING 	t of last frame was 376.43ms (=1/2)
5.7981 	EXP 	instText: autoDraw = True
5.8206 	WARNING 	t of last frame was 22.56ms (=1/44)
5.8983 	WARNING 	t of last frame was 25.81ms (=1/38)
5.9215 	WARNING 	t of last frame was 23.13ms (=1/43)
6.0217 	WARNING 	Multiple dropped frames have occurred - I'll stop bothering you about them!
7.4254 	DATA 	Keypress: down
7.4704 	EXP 	Imported sounds\sounds.xlsx as conditions, 14 conditions, 6 params
7.4817 	EXP 	Created sequence: random, trialTypes=14, nReps=1, seed=None
7.4829 	EXP 	New trial (rep=0, index=0): OrderedDict([(u'task_1', u'pepper_sydney/sentence_11'), (u'task_1_raw', 1), (u'task_1_duration', 2), (u'task_2', None), (u'task_2_raw', None), (u'task_2_duration', None)])
7.5756 	EXP 	window1: mouseVisible = True
