3.0794 	WARNING 	User requested fullscreen with size [1440  810], but screen is actually [2880, 1620]. Using actual size
4.4134 	EXP 	Created window1 = Window(allowGUI=False, allowStencil=False, args=UNKNOWN, autoLog=True, bitsMode=UNKNOWN, blendMode='avg', color=array([0., 0., 0.]), colorSpace='rgb', fullscr=UNKNOWN, gamma=None, kwargs=UNKNOWN, lms=UNKNOWN, monitor=<psychopy.monitors.calibTools.Monitor object at 0x0000000012A6C710>, multiSample=False, name='window1', numSamples=2, pos=[0, 0], screen=0, size=array([2880, 1620]), stereo=False, units=u'norm', useFBO=True, useRetina=False, viewOri=0.0, viewPos=None, viewScale=None, waitBlanking=True, winType=u'pyglet')
4.4135 	EXP 	window1: recordFrameIntervals = False
4.5773 	EXP 	window1: recordFrameIntervals = True
4.7176 	WARNING 	t of last frame was 21.43ms (=1/46)
4.7800 	WARNING 	t of last frame was 26.41ms (=1/37)
4.8400 	WARNING 	t of last frame was 25.54ms (=1/39)
4.8622 	WARNING 	t of last frame was 22.19ms (=1/45)
5.0279 	EXP 	window1: recordFrameIntervals = False
5.1081 	EXP 	Created instText = TextStim(alignHoriz='center', alignVert='center', antialias=True, autoLog=True, bold=False, color=u'white', colorSpace='named', contrast=1.0, depth=0.0, flipHoriz=False, flipVert=False, font=u'Arial', fontFiles=[], height=0.1, italic=False, name='instText', opacity=1.0, ori=0, pos=array([0., 0.]), rgb=array([255., 255., 255.]), text='What is your user code?\n', units=u'norm', win=Window(...), wrapWidth=1)
5.1167 	EXP 	Created target = TextStim(alignHoriz='center', alignVert='center', antialias=True, autoLog=True, bold=False, color=array([1., 1., 1.]), colorSpace='rgb', contrast=1.0, depth=0.0, flipHoriz=False, flipVert=False, font=u'Arial', fontFiles=[], height=0.1, italic=False, name='target', opacity=1.0, ori=0, pos=array([0., 0.]), rgb=array([1., 1., 1.]), text='default text', units=u'norm', win=Window(...), wrapWidth=1)
5.1318 	EXP 	instText: autoDraw = True
6.9968 	DATA 	Keypress: 3
7.0100 	EXP 	Imported conditions.xlsx as conditions, 6 conditions, 4 params
7.0104 	EXP 	Created sequence: random, trialTypes=6, nReps=1, seed=None
7.0108 	EXP 	New trial (rep=0, index=0): OrderedDict([(u'word', u'green'), (u'colour', u'blue'), (u'congruent', 0), (u'corrAns', u'right')])
7.0277 	EXP 	instText: autoDraw = False
7.0277 	EXP 	target: color = u'blue (named)'
7.0277 	EXP 	target: text = u'green'
7.5304 	EXP 	target: autoDraw = True
8.3466 	DATA 	Keypress: escape
8.4240 	EXP 	window1: mouseVisible = True
