2.0291 	WARNING 	User requested fullscreen with size [1440  810], but screen is actually [1920, 1080]. Using actual size
2.2642 	EXP 	Created window1 = Window(allowGUI=False, allowStencil=False, args=UNKNOWN, autoLog=True, bitsMode=UNKNOWN, blendMode='avg', color=array([ 0.,  0.,  0.]), colorSpace='rgb', fullscr=UNKNOWN, gamma=None, kwargs=UNKNOWN, lms=UNKNOWN, monitor=<psychopy.monitors.calibTools.Monitor object at 0x7fe55b4bac50>, multiSample=False, name='window1', numSamples=2, pos=[0.0, 0.0], screen=0, size=array([1920, 1080]), stereo=False, units='norm', useFBO=True, useRetina=False, viewOri=0.0, viewPos=None, viewScale=None, waitBlanking=True, winType='pyglet')
2.2643 	EXP 	window1: recordFrameIntervals = False
2.2690 	EXP 	window1: recordFrameIntervals = True
2.2734 	EXP 	window1: recordFrameIntervals = False
2.3214 	EXP 	Created instText = TextStim(__class__=<class 'psychopy.visual.text.TextStim'>, alignHoriz='center', alignVert='center', antialias=True, autoLog=True, bold=False, color='white', colorSpace='named', contrast=1.0, depth=0.0, flipHoriz=False, flipVert=False, font='Arial', fontFiles=[], height=0.1, italic=False, name='instText', opacity=1.0, ori=0, pos=array([ 0.,  0.]), rgb=array([ 255.,  255.,  255.]), text='What is your user code?\n', units='norm', win=Window(...), wrapWidth=1)
2.3257 	EXP 	Created target = TextStim(__class__=<class 'psychopy.visual.text.TextStim'>, alignHoriz='center', alignVert='center', antialias=True, autoLog=True, bold=False, color='white', colorSpace='named', contrast=1.0, depth=0.0, flipHoriz=False, flipVert=False, font='Arial', fontFiles=[], height=0.1, italic=False, name='target', opacity=1.0, ori=0, pos=array([ 0.,  0.]), rgb=array([ 255.,  255.,  255.]), text='default text', units='norm', win=Window(...), wrapWidth=1)
2.3296 	EXP 	Sound  set volume 1.000
2.3304 	WARNING 	Requested image 'robot_imgs/pepper' not found but similar filename 'robot_imgs/pepper.png' exists. This will be used instead but changing the filename is advised.
2.4154 	EXP 	Created image = ImageStim(__class__=<class 'psychopy.visual.image.ImageStim'>, autoLog=True, color=array([ 1.,  1.,  1.]), colorSpace='rgb', contrast=1.0, depth=-3.0, flipHoriz=False, flipVert=False, image='robot_imgs/pepper', interpolate=True, mask=None, maskParams=None, name='image', opacity=1.0, ori=0.0, pos=array([ 0.,  0.]), size=array([ 256.        ,  316.66666667]), texRes=128, units='pix', win=Window(...))
2.4157 	WARNING 	Requested image 'robot_imgs/pr2' not found but similar filename 'robot_imgs/pr2.png' exists. This will be used instead but changing the filename is advised.
2.4651 	EXP 	Created image_2 = ImageStim(__class__=<class 'psychopy.visual.image.ImageStim'>, autoLog=True, color=array([ 1.,  1.,  1.]), colorSpace='rgb', contrast=1.0, depth=-4.0, flipHoriz=False, flipVert=False, image='robot_imgs/pr2', interpolate=True, mask=None, maskParams=None, name='image_2', opacity=1.0, ori=0.0, pos=array([-306.,    0.]), size=array([ 256.        ,  316.66666667]), texRes=128, units='pix', win=Window(...))
2.4654 	WARNING 	Requested image 'robot_imgs/stevie' not found but similar filename 'robot_imgs/stevie.png' exists. This will be used instead but changing the filename is advised.
2.5269 	EXP 	Created image_3 = ImageStim(__class__=<class 'psychopy.visual.image.ImageStim'>, autoLog=True, color=array([ 1.,  1.,  1.]), colorSpace='rgb', contrast=1.0, depth=-5.0, flipHoriz=False, flipVert=False, image='robot_imgs/stevie', interpolate=True, mask=None, maskParams=None, name='image_3', opacity=1.0, ori=0.0, pos=array([-612.,    0.]), size=array([ 256.        ,  316.66666667]), texRes=128, units='pix', win=Window(...))
2.5274 	WARNING 	Requested image 'robot_imgs/casper' not found but similar filename 'robot_imgs/casper.png' exists. This will be used instead but changing the filename is advised.
2.5894 	EXP 	Created image_4 = ImageStim(__class__=<class 'psychopy.visual.image.ImageStim'>, autoLog=True, color=array([ 1.,  1.,  1.]), colorSpace='rgb', contrast=1.0, depth=-6.0, flipHoriz=False, flipVert=False, image='robot_imgs/casper', interpolate=True, mask=None, maskParams=None, name='image_4', opacity=1.0, ori=0.0, pos=array([ 306.,    0.]), size=array([ 256.        ,  316.66666667]), texRes=128, units='pix', win=Window(...))
2.5897 	WARNING 	Requested image 'robot_imgs/poli' not found but similar filename 'robot_imgs/poli.png' exists. This will be used instead but changing the filename is advised.
2.6511 	EXP 	Created image_5 = ImageStim(__class__=<class 'psychopy.visual.image.ImageStim'>, autoLog=True, color=array([ 1.,  1.,  1.]), colorSpace='rgb', contrast=1.0, depth=-7.0, flipHoriz=False, flipVert=False, image='robot_imgs/poli', interpolate=True, mask=None, maskParams=None, name='image_5', opacity=1.0, ori=0.0, pos=array([ 612.,    0.]), size=array([ 256.        ,  316.66666667]), texRes=128, units='pix', win=Window(...))
2.6532 	EXP 	instText: autoDraw = True
3.8645 	DATA 	Keypress: down
3.8731 	EXP 	Imported sounds.xlsx as conditions, 14 conditions, 5 params
3.8734 	EXP 	Created sequence: random, trialTypes=14, nReps=1, seed=None
3.8738 	EXP 	New trial (rep=0, index=0): OrderedDict([('task_1', 'sounds/pepper_sydney/sentence_14.wav'), ('task_1_raw', 1), ('task_1_duration', 2), ('task_2', None), ('dummy', 'sounds/pepper_sydney/sentence_05.wav')])
3.8791 	EXP 	instText: autoDraw = False
3.8791 	EXP 	target: text = 'default text'
3.8791 	EXP 	image: autoDraw = True
3.8791 	EXP 	image_2: autoDraw = True
3.8791 	EXP 	image_3: autoDraw = True
3.8791 	EXP 	image_4: autoDraw = True
3.8791 	EXP 	image_5: autoDraw = True
4.3751 	EXP 	target: autoDraw = True
7.6405 	DATA 	Keypress: escape
7.6462 	EXP 	window1: mouseVisible = True
