2.6779 	WARNING 	User requested fullscreen with size [1440  810], but screen is actually [2880, 1620]. Using actual size
5.4365 	WARNING 	Couldn't measure a consistent frame rate.
  - Is your graphics card set to sync to vertical blank?
  - Are you running other processes on your computer?

5.4373 	EXP 	Created window1 = Window(allowGUI=False, allowStencil=False, args=UNKNOWN, autoLog=True, bitsMode=UNKNOWN, blendMode='avg', color=array([0., 0., 0.]), colorSpace='rgb', fullscr=UNKNOWN, gamma=None, kwargs=UNKNOWN, lms=UNKNOWN, monitor=<psychopy.monitors.calibTools.Monitor object at 0x0000000012E58710>, multiSample=False, name='window1', numSamples=2, pos=[0, 0], screen=0, size=array([2880, 1620]), stereo=False, units=u'norm', useFBO=True, useRetina=False, viewOri=0.0, viewPos=None, viewScale=None, waitBlanking=True, winType=u'pyglet')
5.4374 	EXP 	window1: recordFrameIntervals = False
5.6299 	EXP 	window1: recordFrameIntervals = True
5.7629 	EXP 	window1: recordFrameIntervals = True
5.8358 	EXP 	Created instText = TextStim(alignHoriz='center', alignVert='center', antialias=True, autoLog=True, bold=False, color=u'white', colorSpace='named', contrast=1.0, depth=0.0, flipHoriz=False, flipVert=False, font=u'Arial', fontFiles=[], height=0.1, italic=False, name='instText', opacity=1.0, ori=0, pos=array([0., 0.]), rgb=array([255., 255., 255.]), text='What is your user code?\n', units=u'norm', win=Window(...), wrapWidth=1)
5.8451 	EXP 	Created target = TextStim(alignHoriz='center', alignVert='center', antialias=True, autoLog=True, bold=False, color=array([1., 1., 1.]), colorSpace='rgb', contrast=1.0, depth=0.0, flipHoriz=False, flipVert=False, font=u'Arial', fontFiles=[], height=0.1, italic=False, name='target', opacity=1.0, ori=0, pos=array([0., 0.]), rgb=array([1., 1., 1.]), text='default text', units=u'norm', win=Window(...), wrapWidth=1)
5.8659 	EXP 	Sound  set volume 1.000
5.8805 	WARNING 	t of last frame was 118.02ms (=1/8)
5.8805 	EXP 	instText: autoDraw = True
5.9076 	WARNING 	t of last frame was 27.05ms (=1/36)
5.9296 	WARNING 	t of last frame was 22.01ms (=1/45)
5.9901 	WARNING 	t of last frame was 24.90ms (=1/40)
6.0126 	WARNING 	Multiple dropped frames have occurred - I'll stop bothering you about them!
6.8160 	DATA 	Keypress: down
6.8306 	EXP 	Imported conditions.xlsx as conditions, 6 conditions, 4 params
6.8309 	EXP 	Created sequence: random, trialTypes=6, nReps=1, seed=None
6.8312 	EXP 	New trial (rep=0, index=0): OrderedDict([(u'word', u'red'), (u'colour', u'green'), (u'congruent', 0), (u'corrAns', u'down')])
6.8470 	EXP 	instText: autoDraw = False
6.8470 	EXP 	target: color = u'green (named)'
6.8470 	EXP 	target: text = u'red'
7.3652 	EXP 	target: autoDraw = True
10.2821 	DATA 	Keypress: down
10.2839 	EXP 	New trial (rep=0, index=1): OrderedDict([(u'word', u'red'), (u'colour', u'red'), (u'congruent', 1), (u'corrAns', u'left')])
10.3001 	EXP 	target: autoDraw = False
10.3001 	EXP 	target: color = u'red (named)'
10.3001 	EXP 	target: text = u'red'
10.8175 	EXP 	target: autoDraw = True
13.3848 	DATA 	Keypress: down
13.3855 	EXP 	New trial (rep=0, index=2): OrderedDict([(u'word', u'green'), (u'colour', u'blue'), (u'congruent', 0), (u'corrAns', u'right')])
13.4050 	EXP 	target: autoDraw = False
13.4050 	EXP 	target: color = u'blue (named)'
13.4050 	EXP 	target: text = u'green'
13.9176 	EXP 	target: autoDraw = True
16.9539 	DATA 	Keypress: down
16.9546 	EXP 	New trial (rep=0, index=3): OrderedDict([(u'word', u'blue'), (u'colour', u'blue'), (u'congruent', 1), (u'corrAns', u'right')])
16.9728 	EXP 	target: autoDraw = False
16.9728 	EXP 	target: color = u'blue (named)'
16.9728 	EXP 	target: text = u'blue'
17.4865 	EXP 	target: autoDraw = True
18.6214 	DATA 	Keypress: escape
18.6807 	EXP 	window1: mouseVisible = True
