2.0135 	WARNING 	User requested fullscreen with size [1440  810], but screen is actually [1920, 1080]. Using actual size
2.2576 	EXP 	Created window1 = Window(allowGUI=False, allowStencil=False, args=UNKNOWN, autoLog=True, bitsMode=UNKNOWN, blendMode='avg', color=array([ 0.,  0.,  0.]), colorSpace='rgb', fullscr=UNKNOWN, gamma=None, kwargs=UNKNOWN, lms=UNKNOWN, monitor=<psychopy.monitors.calibTools.Monitor object at 0x7f57f449bc50>, multiSample=False, name='window1', numSamples=2, pos=[0.0, 0.0], screen=0, size=array([1920, 1080]), stereo=False, units='norm', useFBO=True, useRetina=False, viewOri=0.0, viewPos=None, viewScale=None, waitBlanking=True, winType='pyglet')
2.2577 	EXP 	window1: recordFrameIntervals = False
2.2626 	EXP 	window1: recordFrameIntervals = True
2.2672 	EXP 	window1: recordFrameIntervals = False
2.3163 	EXP 	Created instText = TextStim(__class__=<class 'psychopy.visual.text.TextStim'>, alignHoriz='center', alignVert='center', antialias=True, autoLog=True, bold=False, color='white', colorSpace='named', contrast=1.0, depth=0.0, flipHoriz=False, flipVert=False, font='Arial', fontFiles=[], height=0.1, italic=False, name='instText', opacity=1.0, ori=0, pos=array([ 0.,  0.]), rgb=array([ 255.,  255.,  255.]), text='What is your user code?\n', units='norm', win=Window(...), wrapWidth=1)
2.3206 	EXP 	Created target = TextStim(__class__=<class 'psychopy.visual.text.TextStim'>, alignHoriz='center', alignVert='center', antialias=True, autoLog=True, bold=False, color='white', colorSpace='named', contrast=1.0, depth=0.0, flipHoriz=False, flipVert=False, font='Arial', fontFiles=[], height=0.1, italic=False, name='target', opacity=1.0, ori=0, pos=array([ 0.,  0.]), rgb=array([ 255.,  255.,  255.]), text='default text', units='norm', win=Window(...), wrapWidth=1)
2.3241 	EXP 	Sound  set volume 1.000
2.3248 	WARNING 	Requested image 'robot_imgs/pepper' not found but similar filename 'robot_imgs/pepper.png' exists. This will be used instead but changing the filename is advised.
2.4127 	EXP 	Created image = ImageStim(__class__=<class 'psychopy.visual.image.ImageStim'>, autoLog=True, color=array([ 1.,  1.,  1.]), colorSpace='rgb', contrast=1.0, depth=-3.0, flipHoriz=False, flipVert=False, image='robot_imgs/pepper', interpolate=True, mask=None, maskParams=None, name='image', opacity=1.0, ori=0.0, pos=array([ 0.,  0.]), size=array([ 256.        ,  316.66666667]), texRes=128, units='pix', win=Window(...))
2.4130 	WARNING 	Requested image 'robot_imgs/pr2' not found but similar filename 'robot_imgs/pr2.png' exists. This will be used instead but changing the filename is advised.
2.4631 	EXP 	Created image_2 = ImageStim(__class__=<class 'psychopy.visual.image.ImageStim'>, autoLog=True, color=array([ 1.,  1.,  1.]), colorSpace='rgb', contrast=1.0, depth=-4.0, flipHoriz=False, flipVert=False, image='robot_imgs/pr2', interpolate=True, mask=None, maskParams=None, name='image_2', opacity=1.0, ori=0.0, pos=array([-306.,    0.]), size=array([ 256.        ,  316.66666667]), texRes=128, units='pix', win=Window(...))
2.4634 	WARNING 	Requested image 'robot_imgs/stevie' not found but similar filename 'robot_imgs/stevie.png' exists. This will be used instead but changing the filename is advised.
2.5254 	EXP 	Created image_3 = ImageStim(__class__=<class 'psychopy.visual.image.ImageStim'>, autoLog=True, color=array([ 1.,  1.,  1.]), colorSpace='rgb', contrast=1.0, depth=-5.0, flipHoriz=False, flipVert=False, image='robot_imgs/stevie', interpolate=True, mask=None, maskParams=None, name='image_3', opacity=1.0, ori=0.0, pos=array([-612.,    0.]), size=array([ 256.        ,  316.66666667]), texRes=128, units='pix', win=Window(...))
2.5257 	WARNING 	Requested image 'robot_imgs/casper' not found but similar filename 'robot_imgs/casper.png' exists. This will be used instead but changing the filename is advised.
2.5882 	EXP 	Created image_4 = ImageStim(__class__=<class 'psychopy.visual.image.ImageStim'>, autoLog=True, color=array([ 1.,  1.,  1.]), colorSpace='rgb', contrast=1.0, depth=-6.0, flipHoriz=False, flipVert=False, image='robot_imgs/casper', interpolate=True, mask=None, maskParams=None, name='image_4', opacity=1.0, ori=0.0, pos=array([ 306.,    0.]), size=array([ 256.        ,  316.66666667]), texRes=128, units='pix', win=Window(...))
2.5886 	WARNING 	Requested image 'robot_imgs/poli' not found but similar filename 'robot_imgs/poli.png' exists. This will be used instead but changing the filename is advised.
2.6506 	EXP 	Created image_5 = ImageStim(__class__=<class 'psychopy.visual.image.ImageStim'>, autoLog=True, color=array([ 1.,  1.,  1.]), colorSpace='rgb', contrast=1.0, depth=-7.0, flipHoriz=False, flipVert=False, image='robot_imgs/poli', interpolate=True, mask=None, maskParams=None, name='image_5', opacity=1.0, ori=0.0, pos=array([ 612.,    0.]), size=array([ 0.5,  0.5]), texRes=128, units='pix', win=Window(...))
2.6527 	EXP 	instText: autoDraw = True
3.3226 	DATA 	Keypress: down
3.3312 	EXP 	Imported sounds.xlsx as conditions, 14 conditions, 5 params
3.3315 	EXP 	Created sequence: random, trialTypes=14, nReps=1, seed=None
3.3319 	EXP 	New trial (rep=0, index=0): OrderedDict([('task_1', 'sounds/pepper_sydney/sentence_04.wav'), ('task_1_raw', 1), ('task_1_duration', 2), ('task_2', 'sounds/pepper_sydney/sentence_01.wav'), ('dummy', 'sounds/pepper_sydney/sentence_05.wav')])
3.3431 	EXP 	instText: autoDraw = False
3.3431 	EXP 	target: text = 'sounds/pepper_sydney/sentence_01.wav'
3.3431 	EXP 	image: autoDraw = True
3.3431 	EXP 	image_2: autoDraw = True
3.3431 	EXP 	image_3: autoDraw = True
3.3431 	EXP 	image_4: autoDraw = True
3.3431 	EXP 	image_5: autoDraw = True
3.8337 	EXP 	target: autoDraw = True
5.6058 	DATA 	Keypress: escape
5.6117 	EXP 	window1: mouseVisible = True
3.5913 	WARNING 	User requested fullscreen with size [1440  810], but screen is actually [1920, 1080]. Using actual size
3.8284 	EXP 	Created window1 = Window(allowGUI=False, allowStencil=False, args=UNKNOWN, autoLog=True, bitsMode=UNKNOWN, blendMode='avg', color=array([ 0.,  0.,  0.]), colorSpace='rgb', fullscr=UNKNOWN, gamma=None, kwargs=UNKNOWN, lms=UNKNOWN, monitor=<psychopy.monitors.calibTools.Monitor object at 0x7fb6e0e38c50>, multiSample=False, name='window1', numSamples=2, pos=[0.0, 0.0], screen=0, size=array([1920, 1080]), stereo=False, units='norm', useFBO=True, useRetina=False, viewOri=0.0, viewPos=None, viewScale=None, waitBlanking=True, winType='pyglet')
3.8285 	EXP 	window1: recordFrameIntervals = False
3.8329 	EXP 	window1: recordFrameIntervals = True
3.8374 	EXP 	window1: recordFrameIntervals = False
3.8846 	EXP 	Created instText = TextStim(__class__=<class 'psychopy.visual.text.TextStim'>, alignHoriz='center', alignVert='center', antialias=True, autoLog=True, bold=False, color='white', colorSpace='named', contrast=1.0, depth=0.0, flipHoriz=False, flipVert=False, font='Arial', fontFiles=[], height=0.1, italic=False, name='instText', opacity=1.0, ori=0, pos=array([ 0.,  0.]), rgb=array([ 255.,  255.,  255.]), text='What is your user code?\n', units='norm', win=Window(...), wrapWidth=1)
3.8890 	EXP 	Created target = TextStim(__class__=<class 'psychopy.visual.text.TextStim'>, alignHoriz='center', alignVert='center', antialias=True, autoLog=True, bold=False, color='white', colorSpace='named', contrast=1.0, depth=0.0, flipHoriz=False, flipVert=False, font='Arial', fontFiles=[], height=0.1, italic=False, name='target', opacity=1.0, ori=0, pos=array([ 0.,  0.]), rgb=array([ 255.,  255.,  255.]), text='default text', units='norm', win=Window(...), wrapWidth=1)
3.8929 	EXP 	Sound  set volume 1.000
3.8936 	WARNING 	Requested image 'robot_imgs/pepper' not found but similar filename 'robot_imgs/pepper.png' exists. This will be used instead but changing the filename is advised.
3.9742 	EXP 	Created image = ImageStim(__class__=<class 'psychopy.visual.image.ImageStim'>, autoLog=True, color=array([ 1.,  1.,  1.]), colorSpace='rgb', contrast=1.0, depth=-3.0, flipHoriz=False, flipVert=False, image='robot_imgs/pepper', interpolate=True, mask=None, maskParams=None, name='image', opacity=1.0, ori=0.0, pos=array([ 0.,  0.]), size=array([ 256.        ,  316.66666667]), texRes=128, units='pix', win=Window(...))
3.9747 	WARNING 	Requested image 'robot_imgs/pr2' not found but similar filename 'robot_imgs/pr2.png' exists. This will be used instead but changing the filename is advised.
4.0242 	EXP 	Created image_2 = ImageStim(__class__=<class 'psychopy.visual.image.ImageStim'>, autoLog=True, color=array([ 1.,  1.,  1.]), colorSpace='rgb', contrast=1.0, depth=-4.0, flipHoriz=False, flipVert=False, image='robot_imgs/pr2', interpolate=True, mask=None, maskParams=None, name='image_2', opacity=1.0, ori=0.0, pos=array([-306.,    0.]), size=array([ 256.        ,  316.66666667]), texRes=128, units='pix', win=Window(...))
4.0245 	WARNING 	Requested image 'robot_imgs/stevie' not found but similar filename 'robot_imgs/stevie.png' exists. This will be used instead but changing the filename is advised.
4.0863 	EXP 	Created image_3 = ImageStim(__class__=<class 'psychopy.visual.image.ImageStim'>, autoLog=True, color=array([ 1.,  1.,  1.]), colorSpace='rgb', contrast=1.0, depth=-5.0, flipHoriz=False, flipVert=False, image='robot_imgs/stevie', interpolate=True, mask=None, maskParams=None, name='image_3', opacity=1.0, ori=0.0, pos=array([-612.,    0.]), size=array([ 256.        ,  316.66666667]), texRes=128, units='pix', win=Window(...))
4.0866 	WARNING 	Requested image 'robot_imgs/casper' not found but similar filename 'robot_imgs/casper.png' exists. This will be used instead but changing the filename is advised.
4.1491 	EXP 	Created image_4 = ImageStim(__class__=<class 'psychopy.visual.image.ImageStim'>, autoLog=True, color=array([ 1.,  1.,  1.]), colorSpace='rgb', contrast=1.0, depth=-6.0, flipHoriz=False, flipVert=False, image='robot_imgs/casper', interpolate=True, mask=None, maskParams=None, name='image_4', opacity=1.0, ori=0.0, pos=array([ 306.,    0.]), size=array([ 256.        ,  316.66666667]), texRes=128, units='pix', win=Window(...))
4.1494 	WARNING 	Requested image 'robot_imgs/poli' not found but similar filename 'robot_imgs/poli.png' exists. This will be used instead but changing the filename is advised.
4.2108 	EXP 	Created image_5 = ImageStim(__class__=<class 'psychopy.visual.image.ImageStim'>, autoLog=True, color=array([ 1.,  1.,  1.]), colorSpace='rgb', contrast=1.0, depth=-7.0, flipHoriz=False, flipVert=False, image='robot_imgs/poli', interpolate=True, mask=None, maskParams=None, name='image_5', opacity=1.0, ori=0.0, pos=array([ 612.,    0.]), size=array([ 0.5,  0.5]), texRes=128, units='pix', win=Window(...))
4.2131 	EXP 	instText: autoDraw = True
4.5871 	DATA 	Keypress: down
4.5954 	EXP 	Imported sounds.xlsx as conditions, 14 conditions, 5 params
4.5957 	EXP 	Created sequence: random, trialTypes=14, nReps=1, seed=None
4.5960 	EXP 	New trial (rep=0, index=0): OrderedDict([('task_1', 'sounds/pepper_sydney/sentence_04.wav'), ('task_1_raw', 1), ('task_1_duration', 2), ('task_2', 'sounds/pepper_sydney/sentence_01.wav'), ('dummy', 'sounds/pepper_sydney/sentence_05.wav')])
4.6070 	EXP 	instText: autoDraw = False
4.6070 	EXP 	target: text = 'sounds/pepper_sydney/sentence_01.wav'
4.6070 	EXP 	image: autoDraw = True
4.6070 	EXP 	image_2: autoDraw = True
4.6070 	EXP 	image_3: autoDraw = True
4.6070 	EXP 	image_4: autoDraw = True
4.6070 	EXP 	image_5: autoDraw = True
5.0976 	EXP 	target: autoDraw = True
6.1296 	DATA 	Keypress: escape
6.1348 	EXP 	window1: mouseVisible = True
