2.9530 	WARNING 	User requested fullscreen with size [1440  810], but screen is actually [2880, 1620]. Using actual size
4.2458 	EXP 	Created window1 = Window(allowGUI=False, allowStencil=False, args=UNKNOWN, autoLog=True, bitsMode=UNKNOWN, blendMode='avg', color=array([0., 0., 0.]), colorSpace='rgb', fullscr=UNKNOWN, gamma=None, kwargs=UNKNOWN, lms=UNKNOWN, monitor=<psychopy.monitors.calibTools.Monitor object at 0x00000000138F0748>, multiSample=False, name='window1', numSamples=2, pos=[0, 0], screen=0, size=array([2880, 1620]), stereo=False, units=u'norm', useFBO=True, useRetina=False, viewOri=0.0, viewPos=None, viewScale=None, waitBlanking=True, winType=u'pyglet')
4.2459 	EXP 	window1: recordFrameIntervals = False
4.4118 	EXP 	window1: recordFrameIntervals = True
4.5968 	EXP 	window1: recordFrameIntervals = False
4.6851 	EXP 	Created instText = TextStim(alignHoriz='center', alignVert='center', antialias=True, autoLog=True, bold=False, color=u'white', colorSpace='named', contrast=1.0, depth=0.0, flipHoriz=False, flipVert=False, font=u'Arial', fontFiles=[], height=0.1, italic=False, name='instText', opacity=1.0, ori=0, pos=array([0., 0.]), rgb=array([255., 255., 255.]), text='What is your user code?\n', units=u'norm', win=Window(...), wrapWidth=1)
4.6939 	EXP 	Created target = TextStim(alignHoriz='center', alignVert='center', antialias=True, autoLog=True, bold=False, color=array([1., 1., 1.]), colorSpace='rgb', contrast=1.0, depth=0.0, flipHoriz=False, flipVert=False, font=u'Arial', fontFiles=[], height=0.1, italic=False, name='target', opacity=1.0, ori=0, pos=array([0., 0.]), rgb=array([1., 1., 1.]), text='default text', units=u'norm', win=Window(...), wrapWidth=1)
4.7373 	EXP 	Sound  set volume 1.000
4.7381 	WARNING 	Requested image u'robot_img/pr2' not found but similar filename u'robot_img/pr2.jpg' exists. This will be used instead but changing the filename is advised.
4.7434 	EXP 	Created image = ImageStim(autoLog=True, color=array([1., 1., 1.]), colorSpace='rgb', contrast=1.0, depth=-3.0, flipHoriz=False, flipVert=False, image=u'robot_img/pr2', interpolate=True, mask=None, maskParams=None, name='image', opacity=1.0, ori=0.0, pos=array([-0.3,  0. ]), size=array([1.8, 2.8]), texRes=128, units=u'norm', win=Window(...))
4.7439 	WARNING 	Requested image u'robot_img/pr2' not found but similar filename u'robot_img/pr2.jpg' exists. This will be used instead but changing the filename is advised.
4.7469 	EXP 	Created image_2 = ImageStim(autoLog=True, color=array([1., 1., 1.]), colorSpace='rgb', contrast=1.0, depth=-4.0, flipHoriz=False, flipVert=False, image=u'robot_img/pr2', interpolate=True, mask=None, maskParams=None, name='image_2', opacity=1.0, ori=0.0, pos=array([0., 0.]), size=array([2., 2.]), texRes=128, units=u'norm', win=Window(...))
4.7473 	WARNING 	Requested image u'robot_img/pr2' not found but similar filename u'robot_img/pr2.jpg' exists. This will be used instead but changing the filename is advised.
4.7497 	EXP 	Created image_3 = ImageStim(autoLog=True, color=array([1., 1., 1.]), colorSpace='rgb', contrast=1.0, depth=-5.0, flipHoriz=False, flipVert=False, image=u'robot_img/pr2', interpolate=True, mask=None, maskParams=None, name='image_3', opacity=1.0, ori=0.0, pos=array([-0.66,  0.  ]), size=array([0.125     , 0.34567901]), texRes=128, units=u'norm', win=Window(...))
4.7635 	EXP 	instText: autoDraw = True
5.8914 	DATA 	Keypress: down
5.9163 	EXP 	Imported conditions.xlsx as conditions, 6 conditions, 4 params
5.9167 	EXP 	Created sequence: random, trialTypes=6, nReps=1, seed=None
5.9171 	EXP 	New trial (rep=0, index=0): OrderedDict([(u'word', u'red'), (u'colour', u'red'), (u'congruent', 1), (u'corrAns', u'left')])
5.9480 	EXP 	instText: autoDraw = False
5.9480 	EXP 	target: color = u'red (named)'
5.9480 	EXP 	target: text = u'red'
5.9480 	EXP 	image: autoDraw = True
5.9480 	EXP 	image_2: autoDraw = True
5.9480 	EXP 	image_3: autoDraw = True
6.4775 	EXP 	target: autoDraw = True
6.8004 	DATA 	Keypress: down
6.8025 	EXP 	New trial (rep=0, index=1): OrderedDict([(u'word', u'green'), (u'colour', u'blue'), (u'congruent', 0), (u'corrAns', u'right')])
6.8399 	EXP 	target: autoDraw = False
6.8399 	EXP 	image: autoDraw = False
6.8399 	EXP 	image_2: autoDraw = False
6.8399 	EXP 	image_3: autoDraw = False
6.8399 	EXP 	target: color = u'blue (named)'
6.8399 	EXP 	target: text = u'green'
6.8399 	EXP 	image: autoDraw = True
6.8399 	EXP 	image_2: autoDraw = True
6.8399 	EXP 	image_3: autoDraw = True
7.3409 	EXP 	target: autoDraw = True
7.5977 	DATA 	Keypress: escape
7.6553 	EXP 	window1: mouseVisible = True
