2.4737 	WARNING 	User requested fullscreen with size [1440  810], but screen is actually [2880, 1620]. Using actual size
5.2308 	WARNING 	Couldn't measure a consistent frame rate.
  - Is your graphics card set to sync to vertical blank?
  - Are you running other processes on your computer?

5.2316 	EXP 	Created window1 = Window(allowGUI=False, allowStencil=False, args=UNKNOWN, autoLog=True, bitsMode=UNKNOWN, blendMode='avg', color=array([0., 0., 0.]), colorSpace='rgb', fullscr=UNKNOWN, gamma=None, kwargs=UNKNOWN, lms=UNKNOWN, monitor=<psychopy.monitors.calibTools.Monitor object at 0x000000001334D710>, multiSample=False, name='window1', numSamples=2, pos=[0, 0], screen=0, size=array([2880, 1620]), stereo=False, units=u'norm', useFBO=True, useRetina=False, viewOri=0.0, viewPos=None, viewScale=None, waitBlanking=True, winType=u'pyglet')
5.2316 	EXP 	window1: recordFrameIntervals = False
5.4100 	EXP 	window1: recordFrameIntervals = True
5.4533 	WARNING 	t of last frame was 26.72ms (=1/37)
5.4748 	WARNING 	t of last frame was 21.47ms (=1/46)
5.6426 	EXP 	window1: recordFrameIntervals = True
5.7344 	EXP 	Created instText = TextStim(alignHoriz='center', alignVert='center', antialias=True, autoLog=True, bold=False, color=u'white', colorSpace='named', contrast=1.0, depth=0.0, flipHoriz=False, flipVert=False, font=u'Arial', fontFiles=[], height=0.1, italic=False, name='instText', opacity=1.0, ori=0, pos=array([0., 0.]), rgb=array([255., 255., 255.]), text='What is your user code?\n', units=u'norm', win=Window(...), wrapWidth=1)
5.7429 	EXP 	Created target = TextStim(alignHoriz='center', alignVert='center', antialias=True, autoLog=True, bold=False, color=array([1., 1., 1.]), colorSpace='rgb', contrast=1.0, depth=0.0, flipHoriz=False, flipVert=False, font=u'Arial', fontFiles=[], height=0.1, italic=False, name='target', opacity=1.0, ori=0, pos=array([0., 0.]), rgb=array([1., 1., 1.]), text='default text', units=u'norm', win=Window(...), wrapWidth=1)
5.7848 	EXP 	Sound  set volume 1.000
5.7855 	WARNING 	Requested image u'robot_img/pr2' not found but similar filename u'robot_img/pr2.jpg' exists. This will be used instead but changing the filename is advised.
5.7905 	EXP 	Created image = ImageStim(autoLog=True, color=array([1., 1., 1.]), colorSpace='rgb', contrast=1.0, depth=-3.0, flipHoriz=False, flipVert=False, image=u'robot_img/pr2', interpolate=True, mask=None, maskParams=None, name='image', opacity=1.0, ori=0.0, pos=array([0., 0.]), size=array([0.125     , 0.34567901]), texRes=128, units=u'norm', win=Window(...))
5.7911 	ERROR 	Couldn't find image robot_img/stevie; check path? (tried: C:\Users\botmechanic\Documents\PsychoPy_Demos\RobotVoice\robot_img\stevie)
5.8432 	EXP 	window1: mouseVisible = True
2.7896 	WARNING 	User requested fullscreen with size [1440  810], but screen is actually [2880, 1620]. Using actual size
4.0401 	EXP 	Created window1 = Window(allowGUI=False, allowStencil=False, args=UNKNOWN, autoLog=True, bitsMode=UNKNOWN, blendMode='avg', color=array([0., 0., 0.]), colorSpace='rgb', fullscr=UNKNOWN, gamma=None, kwargs=UNKNOWN, lms=UNKNOWN, monitor=<psychopy.monitors.calibTools.Monitor object at 0x000000001343C710>, multiSample=False, name='window1', numSamples=2, pos=[0, 0], screen=0, size=array([2880, 1620]), stereo=False, units=u'norm', useFBO=True, useRetina=False, viewOri=0.0, viewPos=None, viewScale=None, waitBlanking=True, winType=u'pyglet')
4.0401 	EXP 	window1: recordFrameIntervals = False
4.2233 	EXP 	window1: recordFrameIntervals = True
4.4066 	EXP 	window1: recordFrameIntervals = False
4.4705 	EXP 	Created instText = TextStim(alignHoriz='center', alignVert='center', antialias=True, autoLog=True, bold=False, color=u'white', colorSpace='named', contrast=1.0, depth=0.0, flipHoriz=False, flipVert=False, font=u'Arial', fontFiles=[], height=0.1, italic=False, name='instText', opacity=1.0, ori=0, pos=array([0., 0.]), rgb=array([255., 255., 255.]), text='What is your user code?\n', units=u'norm', win=Window(...), wrapWidth=1)
4.4791 	EXP 	Created target = TextStim(alignHoriz='center', alignVert='center', antialias=True, autoLog=True, bold=False, color=array([1., 1., 1.]), colorSpace='rgb', contrast=1.0, depth=0.0, flipHoriz=False, flipVert=False, font=u'Arial', fontFiles=[], height=0.1, italic=False, name='target', opacity=1.0, ori=0, pos=array([0., 0.]), rgb=array([1., 1., 1.]), text='default text', units=u'norm', win=Window(...), wrapWidth=1)
4.5223 	EXP 	Sound  set volume 1.000
4.5230 	WARNING 	Requested image u'robot_img/pr2' not found but similar filename u'robot_img/pr2.jpg' exists. This will be used instead but changing the filename is advised.
4.5284 	EXP 	Created image = ImageStim(autoLog=True, color=array([1., 1., 1.]), colorSpace='rgb', contrast=1.0, depth=-3.0, flipHoriz=False, flipVert=False, image=u'robot_img/pr2', interpolate=True, mask=None, maskParams=None, name='image', opacity=1.0, ori=0.0, pos=array([0., 0.]), size=array([0.125     , 0.34567901]), texRes=128, units=u'norm', win=Window(...))
4.5288 	WARNING 	Requested image u'robot_img/stevie' not found but similar filename u'robot_img/stevie.jpg' exists. This will be used instead but changing the filename is advised.
4.5294 	ERROR 	Found file 'robot_img/stevie.jpg', failed to load as an image
4.5725 	EXP 	window1: mouseVisible = True
2.3341 	WARNING 	User requested fullscreen with size [1440  810], but screen is actually [2880, 1620]. Using actual size
3.6312 	EXP 	Created window1 = Window(allowGUI=False, allowStencil=False, args=UNKNOWN, autoLog=True, bitsMode=UNKNOWN, blendMode='avg', color=array([0., 0., 0.]), colorSpace='rgb', fullscr=UNKNOWN, gamma=None, kwargs=UNKNOWN, lms=UNKNOWN, monitor=<psychopy.monitors.calibTools.Monitor object at 0x0000000012DEC710>, multiSample=False, name='window1', numSamples=2, pos=[0, 0], screen=0, size=array([2880, 1620]), stereo=False, units=u'norm', useFBO=True, useRetina=False, viewOri=0.0, viewPos=None, viewScale=None, waitBlanking=True, winType=u'pyglet')
3.6314 	EXP 	window1: recordFrameIntervals = False
3.7959 	EXP 	window1: recordFrameIntervals = True
3.9796 	EXP 	window1: recordFrameIntervals = False
4.0483 	EXP 	Created instText = TextStim(alignHoriz='center', alignVert='center', antialias=True, autoLog=True, bold=False, color=u'white', colorSpace='named', contrast=1.0, depth=0.0, flipHoriz=False, flipVert=False, font=u'Arial', fontFiles=[], height=0.1, italic=False, name='instText', opacity=1.0, ori=0, pos=array([0., 0.]), rgb=array([255., 255., 255.]), text='What is your user code?\n', units=u'norm', win=Window(...), wrapWidth=1)
4.0569 	EXP 	Created target = TextStim(alignHoriz='center', alignVert='center', antialias=True, autoLog=True, bold=False, color=array([1., 1., 1.]), colorSpace='rgb', contrast=1.0, depth=0.0, flipHoriz=False, flipVert=False, font=u'Arial', fontFiles=[], height=0.1, italic=False, name='target', opacity=1.0, ori=0, pos=array([0., 0.]), rgb=array([1., 1., 1.]), text='default text', units=u'norm', win=Window(...), wrapWidth=1)
4.1131 	EXP 	Sound  set volume 1.000
4.1144 	WARNING 	Requested image u'robot_img/pr2' not found but similar filename u'robot_img/pr2.jpg' exists. This will be used instead but changing the filename is advised.
4.1230 	EXP 	Created image = ImageStim(autoLog=True, color=array([1., 1., 1.]), colorSpace='rgb', contrast=1.0, depth=-3.0, flipHoriz=False, flipVert=False, image=u'robot_img/pr2', interpolate=True, mask=None, maskParams=None, name='image', opacity=1.0, ori=0.0, pos=array([0., 0.]), size=array([0.125     , 0.34567901]), texRes=128, units=u'norm', win=Window(...))
4.1237 	WARNING 	Requested image u'robot_img/pepper' not found but similar filename u'robot_img/pepper.png' exists. This will be used instead but changing the filename is advised.
4.1458 	EXP 	Created image_2 = ImageStim(autoLog=True, color=array([1., 1., 1.]), colorSpace='rgb', contrast=1.0, depth=-4.0, flipHoriz=False, flipVert=False, image=u'robot_img/pepper', interpolate=True, mask=None, maskParams=None, name='image_2', opacity=1.0, ori=0.0, pos=array([0., 0.]), size=array([1., 1.]), texRes=128, units=u'norm', win=Window(...))
4.1600 	EXP 	instText: autoDraw = True
4.7646 	DATA 	Keypress: down
4.7922 	EXP 	Imported conditions.xlsx as conditions, 6 conditions, 4 params
4.7929 	EXP 	Created sequence: random, trialTypes=6, nReps=1, seed=None
4.7936 	EXP 	New trial (rep=0, index=0): OrderedDict([(u'word', u'red'), (u'colour', u'green'), (u'congruent', 0), (u'corrAns', u'down')])
4.8182 	EXP 	instText: autoDraw = False
4.8182 	EXP 	target: color = u'green (named)'
4.8182 	EXP 	target: text = u'red'
4.8182 	EXP 	image: autoDraw = True
4.8182 	EXP 	image_2: autoDraw = True
5.3211 	EXP 	target: autoDraw = True
6.0516 	DATA 	Keypress: down
6.0534 	EXP 	New trial (rep=0, index=1): OrderedDict([(u'word', u'green'), (u'colour', u'blue'), (u'congruent', 0), (u'corrAns', u'right')])
6.0821 	EXP 	target: autoDraw = False
6.0821 	EXP 	image: autoDraw = False
6.0821 	EXP 	image_2: autoDraw = False
6.0821 	EXP 	target: color = u'blue (named)'
6.0821 	EXP 	target: text = u'green'
6.0821 	EXP 	image: autoDraw = True
6.0821 	EXP 	image_2: autoDraw = True
6.5718 	EXP 	target: autoDraw = True
6.8728 	DATA 	Keypress: down
6.8746 	EXP 	New trial (rep=0, index=2): OrderedDict([(u'word', u'green'), (u'colour', u'green'), (u'congruent', 1), (u'corrAns', u'down')])
6.8893 	EXP 	target: autoDraw = False
6.8893 	EXP 	image: autoDraw = False
6.8893 	EXP 	image_2: autoDraw = False
6.8893 	EXP 	target: color = u'green (named)'
6.8893 	EXP 	target: text = u'green'
6.8893 	EXP 	image: autoDraw = True
6.8893 	EXP 	image_2: autoDraw = True
7.4163 	EXP 	target: autoDraw = True
8.0012 	DATA 	Keypress: escape
8.0354 	EXP 	window1: mouseVisible = True
