3.3490 	WARNING 	User requested fullscreen with size [1440  810], but screen is actually [2880, 1620]. Using actual size
6.2477 	WARNING 	Couldn't measure a consistent frame rate.
  - Is your graphics card set to sync to vertical blank?
  - Are you running other processes on your computer?

6.2488 	EXP 	Created window1 = Window(allowGUI=False, allowStencil=False, args=UNKNOWN, autoLog=True, bitsMode=UNKNOWN, blendMode='avg', color=array([0., 0., 0.]), colorSpace='rgb', fullscr=UNKNOWN, gamma=None, kwargs=UNKNOWN, lms=UNKNOWN, monitor=<psychopy.monitors.calibTools.Monitor object at 0x0000000013143710>, multiSample=False, name='window1', numSamples=2, pos=[0, 0], screen=0, size=array([2880, 1620]), stereo=False, units=u'norm', useFBO=True, useRetina=False, viewOri=0.0, viewPos=None, viewScale=None, waitBlanking=True, winType=u'pyglet')
6.2489 	EXP 	window1: recordFrameIntervals = False
6.4551 	EXP 	window1: recordFrameIntervals = True
6.5088 	WARNING 	t of last frame was 28.99ms (=1/34)
6.5417 	WARNING 	t of last frame was 20.97ms (=1/47)
6.5790 	WARNING 	t of last frame was 21.53ms (=1/46)
6.6058 	WARNING 	t of last frame was 26.77ms (=1/37)
6.6476 	WARNING 	Multiple dropped frames have occurred - I'll stop bothering you about them!
8.6414 	WARNING 	Couldn't measure a consistent frame rate.
  - Is your graphics card set to sync to vertical blank?
  - Are you running other processes on your computer?

8.7382 	EXP 	Created instText = TextStim(alignHoriz='center', alignVert='center', antialias=True, autoLog=True, bold=False, color='white', colorSpace='named', contrast=1.0, depth=0.0, flipHoriz=False, flipVert=False, font='Arial', fontFiles=[], height=0.1, italic=False, name='instText', opacity=1.0, ori=0, pos=array([0., 0.]), rgb=array([255., 255., 255.]), text='What is your user code?\n', units=u'norm', win=Window(...), wrapWidth=1)
8.7479 	EXP 	Created target = TextStim(alignHoriz='center', alignVert='center', antialias=True, autoLog=True, bold=False, color=u'white', colorSpace='named', contrast=1.0, depth=0.0, flipHoriz=False, flipVert=False, font=u'Arial', fontFiles=[], height=0.1, italic=False, name='target', opacity=1.0, ori=0, pos=array([0., 0.]), rgb=array([255., 255., 255.]), text='default text', units=u'norm', win=Window(...), wrapWidth=1)
8.7662 	EXP 	Sound  set volume 1.000
8.7803 	EXP 	instText: autoDraw = True
10.0107 	DATA 	Keypress: down
10.0266 	EXP 	Imported sounds.xlsx as conditions, 14 conditions, 6 params
10.0270 	EXP 	Created sequence: random, trialTypes=14, nReps=1, seed=None
10.0273 	EXP 	New trial (rep=0, index=0): OrderedDict([(u'voice1', u'sounds/pepper_sydney/sentence_17.wav'), (u'task_1_raw', 1), (u'task_1_duration', 2), (u'task_2', None), (u'task_2_raw', None), (u'task_2_duration', None)])
10.0799 	EXP 	window1: mouseVisible = True
