2.2172 	WARNING 	User requested fullscreen with size [1440  810], but screen is actually [1920, 1080]. Using actual size
2.4461 	EXP 	Created window1 = Window(allowGUI=False, allowStencil=False, args=UNKNOWN, autoLog=True, bitsMode=UNKNOWN, blendMode='avg', color=array([ 0.,  0.,  0.]), colorSpace='rgb', fullscr=UNKNOWN, gamma=None, kwargs=UNKNOWN, lms=UNKNOWN, monitor=<psychopy.monitors.calibTools.Monitor object at 0x7f9c9bde0eb8>, multiSample=False, name='window1', numSamples=2, pos=[0.0, 0.0], screen=0, size=array([1920, 1080]), stereo=False, units='norm', useFBO=True, useRetina=False, viewOri=0.0, viewPos=None, viewScale=None, waitBlanking=True, winType='pyglet')
2.4462 	EXP 	window1: recordFrameIntervals = False
2.4508 	EXP 	window1: recordFrameIntervals = True
2.4554 	EXP 	window1: recordFrameIntervals = False
2.5000 	EXP 	Created instText = TextStim(__class__=<class 'psychopy.visual.text.TextStim'>, alignHoriz='center', alignVert='center', antialias=True, autoLog=True, bold=False, color='white', colorSpace='named', contrast=1.0, depth=0.0, flipHoriz=False, flipVert=False, font='Arial', fontFiles=[], height=0.1, italic=False, name='instText', opacity=1.0, ori=0, pos=array([ 0.,  0.]), rgb=array([ 255.,  255.,  255.]), text='What is your user code?\n', units='norm', win=Window(...), wrapWidth=1)
2.5050 	EXP 	Created text = TextStim(__class__=<class 'psychopy.visual.text.TextStim'>, alignHoriz='center', alignVert='center', antialias=True, autoLog=True, bold=False, color='white', colorSpace='named', contrast=1.0, depth=0.0, flipHoriz=False, flipVert=False, font='Arial', fontFiles=[], height=0.1, italic=False, name='text', opacity=1.0, ori=0, pos=array([ 0. ,  0.8]), rgb=array([ 255.,  255.,  255.]), text='How much do you like me', units='norm', win=Window(...), wrapWidth=1)
2.5445 	EXP 	Created image_3 = ImageStim(__class__=<class 'psychopy.visual.image.ImageStim'>, autoLog=True, color=array([ 1.,  1.,  1.]), colorSpace='rgb', contrast=1.0, depth=-1.0, flipHoriz=False, flipVert=False, image='sin', interpolate=True, mask=None, maskParams=None, name='image_3', opacity=1.0, ori=0.0, pos=array([-750.,    0.]), size=array([ 256.        ,  316.66666667]), texRes=128, units='pix', win=Window(...))
2.5471 	EXP 	Created image_5 = ImageStim(__class__=<class 'psychopy.visual.image.ImageStim'>, autoLog=True, color=array([ 1.,  1.,  1.]), colorSpace='rgb', contrast=1.0, depth=-2.0, flipHoriz=False, flipVert=False, image='sin', interpolate=True, mask=None, maskParams=None, name='image_5', opacity=1.0, ori=0.0, pos=array([ 500.,    0.]), size=array([ 256.        ,  316.66666667]), texRes=128, units='pix', win=Window(...))
2.5531 	EXP 	Created target = TextStim(__class__=<class 'psychopy.visual.text.TextStim'>, alignHoriz='center', alignVert='center', antialias=True, autoLog=True, bold=False, color='white', colorSpace='named', contrast=1.0, depth=0.0, flipHoriz=False, flipVert=False, font='Arial', fontFiles=[], height=0.1, italic=False, name='target', opacity=1.0, ori=0, pos=array([ 0.,  0.]), rgb=array([ 255.,  255.,  255.]), text='default text', units='norm', win=Window(...), wrapWidth=1)
2.5567 	EXP 	Sound  set volume 1.000
2.5573 	WARNING 	Requested image 'robot_imgs/pepper' not found but similar filename 'robot_imgs/pepper.png' exists. This will be used instead but changing the filename is advised.
2.6140 	EXP 	Created image = ImageStim(__class__=<class 'psychopy.visual.image.ImageStim'>, autoLog=True, color=array([ 1.,  1.,  1.]), colorSpace='rgb', contrast=1.0, depth=-3.0, flipHoriz=False, flipVert=False, image='robot_imgs/pepper', interpolate=True, mask=None, maskParams=None, name='image', opacity=1.0, ori=0.0, pos=array([ 0.,  0.]), size=array([ 256.        ,  316.66666667]), texRes=128, units='pix', win=Window(...))
2.6144 	WARNING 	Requested image 'robot_imgs/pr2' not found but similar filename 'robot_imgs/pr2.png' exists. This will be used instead but changing the filename is advised.
2.6635 	EXP 	Created image_2 = ImageStim(__class__=<class 'psychopy.visual.image.ImageStim'>, autoLog=True, color=array([ 1.,  1.,  1.]), colorSpace='rgb', contrast=1.0, depth=-4.0, flipHoriz=False, flipVert=False, image='robot_imgs/pr2', interpolate=True, mask=None, maskParams=None, name='image_2', opacity=1.0, ori=0.0, pos=array([-306.,    0.]), size=array([ 256.        ,  316.66666667]), texRes=128, units='pix', win=Window(...))
2.6638 	WARNING 	Requested image 'robot_imgs/casper' not found but similar filename 'robot_imgs/casper.png' exists. This will be used instead but changing the filename is advised.
2.7253 	EXP 	Created image_4 = ImageStim(__class__=<class 'psychopy.visual.image.ImageStim'>, autoLog=True, color=array([ 1.,  1.,  1.]), colorSpace='rgb', contrast=1.0, depth=-5.0, flipHoriz=False, flipVert=False, image='robot_imgs/casper', interpolate=True, mask=None, maskParams=None, name='image_4', opacity=1.0, ori=0.0, pos=array([ 306.,    0.]), size=array([ 256.        ,  316.66666667]), texRes=128, units='pix', win=Window(...))
2.7271 	EXP 	instText: autoDraw = True
4.3804 	DATA 	Keypress: down
4.3856 	EXP 	window1: mouseVisible = True
