1.9937 	WARNING 	User requested fullscreen with size [1440  810], but screen is actually [1920, 1080]. Using actual size
2.2563 	EXP 	Created window1 = Window(allowGUI=False, allowStencil=False, args=UNKNOWN, autoLog=True, bitsMode=UNKNOWN, blendMode='avg', color=array([ 0.,  0.,  0.]), colorSpace='rgb', fullscr=UNKNOWN, gamma=None, kwargs=UNKNOWN, lms=UNKNOWN, monitor=<psychopy.monitors.calibTools.Monitor object at 0x7f5eb5907860>, multiSample=False, name='window1', numSamples=2, pos=[0.0, 0.0], screen=0, size=array([1920, 1080]), stereo=False, units='norm', useFBO=True, useRetina=False, viewOri=0.0, viewPos=None, viewScale=None, waitBlanking=True, winType='pyglet')
2.2564 	EXP 	window1: recordFrameIntervals = False
2.2613 	EXP 	window1: recordFrameIntervals = True
2.2658 	EXP 	window1: recordFrameIntervals = False
2.3139 	EXP 	Created instText = TextStim(__class__=<class 'psychopy.visual.text.TextStim'>, alignHoriz='center', alignVert='center', antialias=True, autoLog=True, bold=False, color='white', colorSpace='named', contrast=1.0, depth=0.0, flipHoriz=False, flipVert=False, font='Arial', fontFiles=[], height=0.1, italic=False, name='instText', opacity=1.0, ori=0, pos=array([ 0.,  0.]), rgb=array([ 255.,  255.,  255.]), text='What is your user code?\n', units='norm', win=Window(...), wrapWidth=1)
2.3190 	EXP 	Created target = TextStim(__class__=<class 'psychopy.visual.text.TextStim'>, alignHoriz='center', alignVert='center', antialias=True, autoLog=True, bold=False, color='white', colorSpace='named', contrast=1.0, depth=0.0, flipHoriz=False, flipVert=False, font='Arial', fontFiles=[], height=0.1, italic=False, name='target', opacity=1.0, ori=0, pos=array([ 0.,  0.]), rgb=array([ 255.,  255.,  255.]), text='default text', units='norm', win=Window(...), wrapWidth=1)
2.3214 	EXP 	Sound  set volume 1.000
2.3237 	EXP 	instText: autoDraw = True
3.5333 	DATA 	Keypress: down
3.5419 	EXP 	Imported sounds.xlsx as conditions, 14 conditions, 4 params
3.5424 	EXP 	Created sequence: random, trialTypes=14, nReps=1, seed=None
3.5429 	EXP 	New trial (rep=0, index=0): OrderedDict([('voice1', 'sounds/pepper_sydney/sentence_09.wav'), ('task_1_raw', 2), ('task_1_duration', 3), ('test', 'sounds/pepper_sydney/sentence_05.wav')])
3.5554 	EXP 	instText: autoDraw = False
3.5554 	EXP 	target: text = 'sounds/pepper_sydney/sentence_09.wav'
4.0442 	EXP 	target: autoDraw = True
5.9576 	DATA 	Keypress: down
5.9587 	EXP 	New trial (rep=0, index=1): OrderedDict([('voice1', 'sounds/pepper_sydney/sentence_17.wav'), ('task_1_raw', 1), ('task_1_duration', 2), ('test', 'sounds/pepper_sydney/sentence_05.wav')])
5.9655 	EXP 	target: autoDraw = False
5.9655 	EXP 	target: text = 'sounds/pepper_sydney/sentence_17.wav'
6.4600 	EXP 	target: autoDraw = True
7.4804 	DATA 	Keypress: down
7.4813 	EXP 	New trial (rep=0, index=2): OrderedDict([('voice1', 'sounds/pepper_sydney/sentence_11.wav'), ('task_1_raw', 1), ('task_1_duration', 2), ('test', 'sounds/pepper_sydney/sentence_05.wav')])
7.4875 	EXP 	target: autoDraw = False
7.4875 	EXP 	target: text = 'sounds/pepper_sydney/sentence_11.wav'
7.9832 	EXP 	target: autoDraw = True
9.5595 	DATA 	Keypress: down
9.5601 	EXP 	New trial (rep=0, index=3): OrderedDict([('voice1', 'sounds/pepper_sydney/sentence_13.wav'), ('task_1_raw', 1), ('task_1_duration', 2), ('test', 'sounds/pepper_sydney/sentence_05.wav')])
9.5676 	EXP 	target: autoDraw = False
9.5676 	EXP 	target: text = 'sounds/pepper_sydney/sentence_13.wav'
10.0620 	EXP 	target: autoDraw = True
11.1123 	DATA 	Keypress: escape
11.1216 	EXP 	window1: mouseVisible = True
