2.5792 	WARNING 	User requested fullscreen with size [1440  810], but screen is actually [1920, 1080]. Using actual size
2.8217 	EXP 	Created window1 = Window(allowGUI=False, allowStencil=False, args=UNKNOWN, autoLog=True, bitsMode=UNKNOWN, blendMode='avg', color=array([ 0.,  0.,  0.]), colorSpace='rgb', fullscr=UNKNOWN, gamma=None, kwargs=UNKNOWN, lms=UNKNOWN, monitor=<psychopy.monitors.calibTools.Monitor object at 0x7f6554c839b0>, multiSample=False, name='window1', numSamples=2, pos=[0.0, 0.0], screen=0, size=array([1920, 1080]), stereo=False, units='norm', useFBO=True, useRetina=False, viewOri=0.0, viewPos=None, viewScale=None, waitBlanking=True, winType='pyglet')
2.8218 	EXP 	window1: recordFrameIntervals = False
2.8267 	EXP 	window1: recordFrameIntervals = True
2.8319 	EXP 	window1: recordFrameIntervals = False
2.8772 	EXP 	Created instText = TextStim(__class__=<class 'psychopy.visual.text.TextStim'>, alignHoriz='center', alignVert='center', antialias=True, autoLog=True, bold=False, color='white', colorSpace='named', contrast=1.0, depth=0.0, flipHoriz=False, flipVert=False, font='Arial', fontFiles=[], height=0.1, italic=False, name='instText', opacity=1.0, ori=0, pos=array([ 0.,  0.]), rgb=array([ 255.,  255.,  255.]), text='What is your user code?\n', units='norm', win=Window(...), wrapWidth=1)
2.8814 	EXP 	Created target = TextStim(__class__=<class 'psychopy.visual.text.TextStim'>, alignHoriz='center', alignVert='center', antialias=True, autoLog=True, bold=False, color='white', colorSpace='named', contrast=1.0, depth=0.0, flipHoriz=False, flipVert=False, font='Arial', fontFiles=[], height=0.1, italic=False, name='target', opacity=1.0, ori=0, pos=array([ 0.,  0.]), rgb=array([ 255.,  255.,  255.]), text='default text', units='norm', win=Window(...), wrapWidth=1)
2.9254 	EXP 	Sound  set volume 1.000
2.9283 	EXP 	instText: autoDraw = True
3.5749 	DATA 	Keypress: down
3.5835 	EXP 	Imported sounds.xlsx as conditions, 14 conditions, 4 params
3.5839 	EXP 	Created sequence: random, trialTypes=14, nReps=1, seed=None
3.5842 	EXP 	New trial (rep=0, index=0): OrderedDict([('voice1', 'sounds/pepper_sydney/sentence_15.wav'), ('task_1_raw', 1), ('task_1_duration', 2), ('test', 'sounds/pepper_sydney/sentence_05.wav')])
3.5950 	EXP 	instText: autoDraw = False
3.5950 	EXP 	target: text = 'sounds/pepper_sydney/sentence_15.wav'
4.0855 	EXP 	target: autoDraw = True
5.3226 	DATA 	Keypress: down
5.3237 	EXP 	New trial (rep=0, index=1): OrderedDict([('voice1', 'sounds/pepper_sydney/sentence_17.wav'), ('task_1_raw', 1), ('task_1_duration', 2), ('test', 'sounds/pepper_sydney/sentence_05.wav')])
5.3302 	EXP 	target: autoDraw = False
5.3302 	EXP 	target: text = 'sounds/pepper_sydney/sentence_17.wav'
5.8250 	EXP 	target: autoDraw = True
6.7004 	DATA 	Keypress: down
6.7009 	EXP 	New trial (rep=0, index=2): OrderedDict([('voice1', 'sounds/pepper_sydney/sentence_04.wav'), ('task_1_raw', 1), ('task_1_duration', 2), ('test', 'sounds/pepper_sydney/sentence_05.wav')])
6.7080 	EXP 	target: autoDraw = False
6.7080 	EXP 	target: text = 'sounds/pepper_sydney/sentence_04.wav'
7.2026 	EXP 	target: autoDraw = True
8.2837 	DATA 	Keypress: down
8.2850 	EXP 	New trial (rep=0, index=3): OrderedDict([('voice1', 'sounds/pepper_sydney/sentence_13.wav'), ('task_1_raw', 1), ('task_1_duration', 2), ('test', 'sounds/pepper_sydney/sentence_05.wav')])
8.2916 	EXP 	target: autoDraw = False
8.2916 	EXP 	target: text = 'sounds/pepper_sydney/sentence_13.wav'
8.7863 	EXP 	target: autoDraw = True
10.1768 	DATA 	Keypress: down
10.1773 	EXP 	New trial (rep=0, index=4): OrderedDict([('voice1', 'sounds/pepper_sydney/sentence_10.wav'), ('task_1_raw', 2), ('task_1_duration', 3), ('test', 'sounds/pepper_sydney/sentence_05.wav')])
10.1836 	EXP 	target: autoDraw = False
10.1836 	EXP 	target: text = 'sounds/pepper_sydney/sentence_10.wav'
10.6789 	EXP 	target: autoDraw = True
11.8906 	DATA 	Keypress: down
11.8911 	EXP 	New trial (rep=0, index=5): OrderedDict([('voice1', 'sounds/pepper_sydney/sentence_05.wav'), ('task_1_raw', 2), ('task_1_duration', 3), ('test', 'sounds/pepper_sydney/sentence_05.wav')])
11.8975 	EXP 	target: autoDraw = False
11.8975 	EXP 	target: text = 'sounds/pepper_sydney/sentence_05.wav'
12.3927 	EXP 	target: autoDraw = True
13.6987 	DATA 	Keypress: down
13.6996 	EXP 	New trial (rep=0, index=6): OrderedDict([('voice1', 'sounds/pepper_sydney/sentence_09.wav'), ('task_1_raw', 2), ('task_1_duration', 3), ('test', 'sounds/pepper_sydney/sentence_05.wav')])
13.7064 	EXP 	target: autoDraw = False
13.7064 	EXP 	target: text = 'sounds/pepper_sydney/sentence_09.wav'
14.2010 	EXP 	target: autoDraw = True
16.1435 	DATA 	Keypress: down
16.1442 	EXP 	New trial (rep=0, index=7): OrderedDict([('voice1', 'sounds/pepper_sydney/sentence_08.wav'), ('task_1_raw', 1), ('task_1_duration', 2), ('test', 'sounds/pepper_sydney/sentence_05.wav')])
16.1512 	EXP 	target: autoDraw = False
16.1512 	EXP 	target: text = 'sounds/pepper_sydney/sentence_08.wav'
16.6458 	EXP 	target: autoDraw = True
17.6566 	DATA 	Keypress: down
17.6571 	EXP 	New trial (rep=0, index=8): OrderedDict([('voice1', 'sounds/pepper_sydney/sentence_14.wav'), ('task_1_raw', 1), ('task_1_duration', 2), ('test', 'sounds/pepper_sydney/sentence_05.wav')])
17.6631 	EXP 	target: autoDraw = False
17.6631 	EXP 	target: text = 'sounds/pepper_sydney/sentence_14.wav'
18.1593 	EXP 	target: autoDraw = True
19.0290 	DATA 	Keypress: down
19.0301 	EXP 	New trial (rep=0, index=9): OrderedDict([('voice1', 'sounds/pepper_sydney/sentence_07.wav'), ('task_1_raw', 2), ('task_1_duration', 3), ('test', 'sounds/pepper_sydney/sentence_05.wav')])
19.0401 	EXP 	target: autoDraw = False
19.0401 	EXP 	target: text = 'sounds/pepper_sydney/sentence_07.wav'
19.5319 	EXP 	target: autoDraw = True
20.8825 	DATA 	Keypress: down
20.8836 	EXP 	New trial (rep=0, index=10): OrderedDict([('voice1', 'sounds/pepper_sydney/sentence_12.wav'), ('task_1_raw', 2), ('task_1_duration', 3), ('test', 'sounds/pepper_sydney/sentence_05.wav')])
20.8904 	EXP 	target: autoDraw = False
20.8904 	EXP 	target: text = 'sounds/pepper_sydney/sentence_12.wav'
21.3855 	EXP 	target: autoDraw = True
22.8364 	DATA 	Keypress: down
22.8370 	EXP 	New trial (rep=0, index=11): OrderedDict([('voice1', 'sounds/pepper_sydney/sentence_11.wav'), ('task_1_raw', 1), ('task_1_duration', 2), ('test', 'sounds/pepper_sydney/sentence_05.wav')])
22.8436 	EXP 	target: autoDraw = False
22.8436 	EXP 	target: text = 'sounds/pepper_sydney/sentence_11.wav'
23.3386 	EXP 	target: autoDraw = True
24.2960 	DATA 	Keypress: down
24.2964 	EXP 	New trial (rep=0, index=12): OrderedDict([('voice1', 'sounds/pepper_sydney/sentence_06.wav'), ('task_1_raw', 1), ('task_1_duration', 2), ('test', 'sounds/pepper_sydney/sentence_05.wav')])
24.3030 	EXP 	target: autoDraw = False
24.3030 	EXP 	target: text = 'sounds/pepper_sydney/sentence_06.wav'
24.7979 	EXP 	target: autoDraw = True
25.4420 	DATA 	Keypress: down
25.4425 	EXP 	New trial (rep=0, index=13): OrderedDict([('voice1', 'sounds/pepper_sydney/sentence_16.wav'), ('task_1_raw', 1), ('task_1_duration', 2), ('test', 'sounds/pepper_sydney/sentence_05.wav')])
25.4488 	EXP 	target: autoDraw = False
25.4488 	EXP 	target: text = 'sounds/pepper_sydney/sentence_16.wav'
25.9439 	EXP 	target: autoDraw = True
27.0901 	DATA 	Keypress: down
27.1464 	EXP 	window1: mouseVisible = True
