2.1311 	WARNING 	User requested fullscreen with size [1440  810], but screen is actually [2880, 1620]. Using actual size
4.7877 	EXP 	Created window1 = Window(allowGUI=False, allowStencil=False, args=UNKNOWN, autoLog=True, bitsMode=UNKNOWN, blendMode='avg', color=array([0., 0., 0.]), colorSpace='rgb', fullscr=UNKNOWN, gamma=None, kwargs=UNKNOWN, lms=UNKNOWN, monitor=<psychopy.monitors.calibTools.Monitor object at 0x0000000012E34748>, multiSample=False, name='window1', numSamples=2, pos=[0, 0], screen=0, size=array([2880, 1620]), stereo=False, units=u'norm', useFBO=True, useRetina=False, viewOri=0.0, viewPos=None, viewScale=None, waitBlanking=True, winType=u'pyglet')
4.7878 	EXP 	window1: recordFrameIntervals = False
4.9523 	EXP 	window1: recordFrameIntervals = True
5.1362 	EXP 	window1: recordFrameIntervals = False
5.2154 	EXP 	Created instText = TextStim(alignHoriz='center', alignVert='center', antialias=True, autoLog=True, bold=False, color=u'white', colorSpace='named', contrast=1.0, depth=0.0, flipHoriz=False, flipVert=False, font=u'Arial', fontFiles=[], height=0.1, italic=False, name='instText', opacity=1.0, ori=0, pos=array([0., 0.]), rgb=array([255., 255., 255.]), text='What is your user code?\n', units=u'norm', win=Window(...), wrapWidth=1)
5.2244 	EXP 	Created target = TextStim(alignHoriz='center', alignVert='center', antialias=True, autoLog=True, bold=False, color=array([1., 1., 1.]), colorSpace='rgb', contrast=1.0, depth=0.0, flipHoriz=False, flipVert=False, font=u'Arial', fontFiles=[], height=0.1, italic=False, name='target', opacity=1.0, ori=0, pos=array([0., 0.]), rgb=array([1., 1., 1.]), text='default text', units=u'norm', win=Window(...), wrapWidth=1)
5.2653 	EXP 	Sound  set volume 1.000
5.2660 	WARNING 	Requested image u'robot_img/pr2' not found but similar filename u'robot_img/pr2.jpg' exists. This will be used instead but changing the filename is advised.
5.2717 	EXP 	Created image = ImageStim(autoLog=True, color=array([1., 1., 1.]), colorSpace='rgb', contrast=1.0, depth=-3.0, flipHoriz=False, flipVert=False, image=u'robot_img/pr2', interpolate=True, mask=None, maskParams=None, name='image', opacity=1.0, ori=0.0, pos=array([-0.3,  0. ]), size=array([0.125     , 0.34567901]), texRes=128, units=u'norm', win=Window(...))
5.2722 	WARNING 	Requested image u'robot_img/pr2' not found but similar filename u'robot_img/pr2.jpg' exists. This will be used instead but changing the filename is advised.
5.2751 	EXP 	Created image_2 = ImageStim(autoLog=True, color=array([1., 1., 1.]), colorSpace='rgb', contrast=1.0, depth=-4.0, flipHoriz=False, flipVert=False, image=u'robot_img/pr2', interpolate=True, mask=None, maskParams=None, name='image_2', opacity=1.0, ori=0.0, pos=array([0., 0.]), size=array([0.5, 0.5]), texRes=128, units=u'norm', win=Window(...))
5.2756 	WARNING 	Requested image u'robot_img/pr2' not found but similar filename u'robot_img/pr2.jpg' exists. This will be used instead but changing the filename is advised.
5.2782 	EXP 	Created image_3 = ImageStim(autoLog=True, color=array([1., 1., 1.]), colorSpace='rgb', contrast=1.0, depth=-5.0, flipHoriz=False, flipVert=False, image=u'robot_img/pr2', interpolate=True, mask=None, maskParams=None, name='image_3', opacity=1.0, ori=0.0, pos=array([-0.66,  0.  ]), size=array([0.125     , 0.34567901]), texRes=128, units=u'norm', win=Window(...))
5.2912 	EXP 	instText: autoDraw = True
5.8319 	DATA 	Keypress: down
5.8463 	EXP 	Imported conditions.xlsx as conditions, 6 conditions, 4 params
5.8477 	EXP 	Created sequence: random, trialTypes=6, nReps=1, seed=None
5.8480 	EXP 	New trial (rep=0, index=0): OrderedDict([(u'word', u'red'), (u'colour', u'green'), (u'congruent', 0), (u'corrAns', u'down')])
5.8663 	EXP 	instText: autoDraw = False
5.8663 	EXP 	target: color = u'green (named)'
5.8663 	EXP 	target: text = u'red'
5.8663 	EXP 	image: autoDraw = True
5.8663 	EXP 	image_2: autoDraw = True
5.8663 	EXP 	image_3: autoDraw = True
6.3768 	EXP 	target: autoDraw = True
10.3668 	EXP 	target: autoDraw = False
11.6070 	DATA 	Keypress: up
12.3783 	DATA 	Keypress: down
12.3795 	EXP 	New trial (rep=0, index=1): OrderedDict([(u'word', u'red'), (u'colour', u'red'), (u'congruent', 1), (u'corrAns', u'left')])
12.3948 	EXP 	target: autoDraw = False
12.3948 	EXP 	image: autoDraw = False
12.3948 	EXP 	image_2: autoDraw = False
12.3948 	EXP 	image_3: autoDraw = False
12.3948 	EXP 	target: color = u'red (named)'
12.3948 	EXP 	target: text = u'red'
12.3948 	EXP 	image: autoDraw = True
12.3948 	EXP 	image_2: autoDraw = True
12.3948 	EXP 	image_3: autoDraw = True
12.9079 	EXP 	target: autoDraw = True
13.5754 	DATA 	Keypress: escape
13.6208 	EXP 	window1: mouseVisible = True
