2.2886 	WARNING 	User requested fullscreen with size [1440  810], but screen is actually [2880, 1620]. Using actual size
4.0997 	EXP 	Created window1 = Window(allowGUI=False, allowStencil=False, args=UNKNOWN, autoLog=True, bitsMode=UNKNOWN, blendMode='avg', color=array([0., 0., 0.]), colorSpace='rgb', fullscr=UNKNOWN, gamma=None, kwargs=UNKNOWN, lms=UNKNOWN, monitor=<psychopy.monitors.calibTools.Monitor object at 0x0000000012CE6710>, multiSample=False, name='window1', numSamples=2, pos=[0, 0], screen=0, size=array([2880, 1620]), stereo=False, units=u'norm', useFBO=True, useRetina=False, viewOri=0.0, viewPos=None, viewScale=None, waitBlanking=True, winType=u'pyglet')
4.0998 	EXP 	window1: recordFrameIntervals = False
4.2636 	EXP 	window1: recordFrameIntervals = True
4.4477 	EXP 	window1: recordFrameIntervals = False
4.5199 	EXP 	Created instText = TextStim(alignHoriz='center', alignVert='center', antialias=True, autoLog=True, bold=False, color='white', colorSpace='named', contrast=1.0, depth=0.0, flipHoriz=False, flipVert=False, font='Arial', fontFiles=[], height=0.1, italic=False, name='instText', opacity=1.0, ori=0, pos=array([0., 0.]), rgb=array([255., 255., 255.]), text='What is your user code?\n', units=u'norm', win=Window(...), wrapWidth=1)
4.5289 	EXP 	Created target = TextStim(alignHoriz='center', alignVert='center', antialias=True, autoLog=True, bold=False, color=u'white', colorSpace='named', contrast=1.0, depth=0.0, flipHoriz=False, flipVert=False, font=u'Arial', fontFiles=[], height=0.1, italic=False, name='target', opacity=1.0, ori=0, pos=array([0., 0.]), rgb=array([255., 255., 255.]), text='default text', units=u'norm', win=Window(...), wrapWidth=1)
4.5845 	EXP 	Sound  set volume 1.000
4.5983 	EXP 	instText: autoDraw = True
5.3016 	DATA 	Keypress: down
5.3490 	EXP 	Imported sounds\sounds.xlsx as conditions, 14 conditions, 6 params
5.3496 	EXP 	Created sequence: random, trialTypes=14, nReps=1, seed=None
5.3502 	EXP 	New trial (rep=0, index=0): OrderedDict([(u'task_1', u'sounds/pepper_sydney/sentence_14'), (u'task_1_raw', 1), (u'task_1_duration', 2), (u'task_2', None), (u'task_2_raw', None), (u'task_2_duration', None)])
5.3725 	EXP 	instText: autoDraw = False
5.3725 	EXP 	target: text = 'default text'
5.8821 	EXP 	target: autoDraw = True
9.8663 	EXP 	target: autoDraw = False
11.0519 	DATA 	Keypress: down
11.0543 	EXP 	New trial (rep=0, index=1): OrderedDict([(u'task_1', u'sounds/pepper_sydney/sentence_10'), (u'task_1_raw', 2), (u'task_1_duration', 3), (u'task_2', None), (u'task_2_raw', None), (u'task_2_duration', None)])
11.0888 	EXP 	target: autoDraw = False
11.0888 	EXP 	target: text = 'default text'
11.5867 	EXP 	target: autoDraw = True
14.0366 	DATA 	Keypress: down
14.0385 	EXP 	New trial (rep=0, index=2): OrderedDict([(u'task_1', u'sounds/pepper_sydney/sentence_13'), (u'task_1_raw', 1), (u'task_1_duration', 2), (u'task_2', None), (u'task_2_raw', None), (u'task_2_duration', None)])
14.0657 	EXP 	target: autoDraw = False
14.0657 	EXP 	target: text = 'default text'
14.5704 	EXP 	target: autoDraw = True
16.6053 	DATA 	Keypress: escape
16.7152 	EXP 	window1: mouseVisible = True
