2.4313 	WARNING 	User requested fullscreen with size [1440  810], but screen is actually [2880, 1620]. Using actual size
5.2633 	WARNING 	Couldn't measure a consistent frame rate.
  - Is your graphics card set to sync to vertical blank?
  - Are you running other processes on your computer?

5.2645 	EXP 	Created window1 = Window(allowGUI=False, allowStencil=False, args=UNKNOWN, autoLog=True, bitsMode=UNKNOWN, blendMode='avg', color=array([0., 0., 0.]), colorSpace='rgb', fullscr=UNKNOWN, gamma=None, kwargs=UNKNOWN, lms=UNKNOWN, monitor=<psychopy.monitors.calibTools.Monitor object at 0x0000000013776710>, multiSample=False, name='window1', numSamples=2, pos=[0, 0], screen=0, size=array([2880, 1620]), stereo=False, units=u'norm', useFBO=True, useRetina=False, viewOri=0.0, viewPos=None, viewScale=None, waitBlanking=True, winType=u'pyglet')
5.2646 	EXP 	window1: recordFrameIntervals = False
5.4778 	EXP 	window1: recordFrameIntervals = True
5.5610 	WARNING 	t of last frame was 27.25ms (=1/36)
5.6444 	WARNING 	t of last frame was 27.41ms (=1/36)
5.7277 	WARNING 	t of last frame was 27.30ms (=1/36)
5.8112 	WARNING 	t of last frame was 27.33ms (=1/36)
5.8944 	WARNING 	Multiple dropped frames have occurred - I'll stop bothering you about them!
7.5480 	WARNING 	Couldn't measure a consistent frame rate.
  - Is your graphics card set to sync to vertical blank?
  - Are you running other processes on your computer?

7.6370 	EXP 	Created instText = TextStim(alignHoriz='center', alignVert='center', antialias=True, autoLog=True, bold=False, color='white', colorSpace='named', contrast=1.0, depth=0.0, flipHoriz=False, flipVert=False, font='Arial', fontFiles=[], height=0.1, italic=False, name='instText', opacity=1.0, ori=0, pos=array([0., 0.]), rgb=array([255., 255., 255.]), text='What is your user code?\n', units=u'norm', win=Window(...), wrapWidth=1)
7.6454 	EXP 	Created target = TextStim(alignHoriz='center', alignVert='center', antialias=True, autoLog=True, bold=False, color=u'white', colorSpace='named', contrast=1.0, depth=0.0, flipHoriz=False, flipVert=False, font=u'Arial', fontFiles=[], height=0.1, italic=False, name='target', opacity=1.0, ori=0, pos=array([0., 0.]), rgb=array([255., 255., 255.]), text='default text', units=u'norm', win=Window(...), wrapWidth=1)
7.6868 	EXP 	Sound  set volume 1.000
7.7013 	EXP 	instText: autoDraw = True
8.2147 	DATA 	Keypress: return
8.2321 	EXP 	Imported sounds.xlsx as conditions, 14 conditions, 6 params
8.2325 	EXP 	Created sequence: random, trialTypes=14, nReps=1, seed=None
8.2330 	EXP 	New trial (rep=0, index=0): OrderedDict([(u'task_1', u'sounds/pepper_sydney/sentence_09'), (u'task_1_raw', 2), (u'task_1_duration', 3), (u'task_2', None), (u'task_2_raw', None), (u'task_2_duration', None)])
8.2673 	EXP 	instText: autoDraw = False
8.2673 	EXP 	target: text = u'sounds/pepper_sydney/sentence_09'
8.7532 	EXP 	target: autoDraw = True
10.5148 	DATA 	Keypress: return
12.1037 	DATA 	Keypress: down
12.1063 	EXP 	New trial (rep=0, index=1): OrderedDict([(u'task_1', u'sounds/pepper_sydney/sentence_06'), (u'task_1_raw', 1), (u'task_1_duration', 2), (u'task_2', u'pepper_sydney/sentence_03'), (u'task_2_raw', 3.0), (u'task_2_duration', 4.0)])
12.1601 	EXP 	target: autoDraw = False
12.1601 	EXP 	target: text = u'sounds/pepper_sydney/sentence_06'
12.6385 	EXP 	target: autoDraw = True
13.5004 	DATA 	Keypress: escape
13.5903 	EXP 	window1: mouseVisible = True
