2.5249 	WARNING 	User requested fullscreen with size [1440  810], but screen is actually [2880, 1620]. Using actual size
4.5116 	EXP 	Created window1 = Window(allowGUI=False, allowStencil=False, args=UNKNOWN, autoLog=True, bitsMode=UNKNOWN, blendMode='avg', color=array([0., 0., 0.]), colorSpace='rgb', fullscr=UNKNOWN, gamma=None, kwargs=UNKNOWN, lms=UNKNOWN, monitor=<psychopy.monitors.calibTools.Monitor object at 0x00000000129AF710>, multiSample=False, name='window1', numSamples=2, pos=[0, 0], screen=0, size=array([2880, 1620]), stereo=False, units=u'norm', useFBO=True, useRetina=False, viewOri=0.0, viewPos=None, viewScale=None, waitBlanking=True, winType=u'pyglet')
4.5117 	EXP 	window1: recordFrameIntervals = False
4.6935 	EXP 	window1: recordFrameIntervals = True
4.8775 	EXP 	window1: recordFrameIntervals = False
4.9617 	EXP 	Created instText = TextStim(alignHoriz='center', alignVert='center', antialias=True, autoLog=True, bold=False, color='white', colorSpace='named', contrast=1.0, depth=0.0, flipHoriz=False, flipVert=False, font='Arial', fontFiles=[], height=0.1, italic=False, name='instText', opacity=1.0, ori=0, pos=array([0., 0.]), rgb=array([255., 255., 255.]), text='What is your user code?\n', units=u'norm', win=Window(...), wrapWidth=1)
4.9702 	EXP 	Created target = TextStim(alignHoriz='center', alignVert='center', antialias=True, autoLog=True, bold=False, color=u'white', colorSpace='named', contrast=1.0, depth=0.0, flipHoriz=False, flipVert=False, font=u'Arial', fontFiles=[], height=0.1, italic=False, name='target', opacity=1.0, ori=0, pos=array([0., 0.]), rgb=array([255., 255., 255.]), text='default text', units=u'norm', win=Window(...), wrapWidth=1)
5.0114 	EXP 	Sound  set volume 1.000
5.0263 	EXP 	instText: autoDraw = True
5.4651 	DATA 	Keypress: down
5.5096 	EXP 	Imported sounds.xlsx as conditions, 14 conditions, 6 params
5.5104 	EXP 	Created sequence: random, trialTypes=14, nReps=1, seed=None
5.5112 	EXP 	New trial (rep=0, index=0): OrderedDict([(u'task_1', u'sounds/pepper_sydney/sentence_05.wav'), (u'task_1_raw', 2), (u'task_1_duration', 3), (u'task_2', u'pepper_sydney/sentence_02'), (u'task_2_raw', 6.0), (u'task_2_duration', 7.0)])
5.5855 	EXP 	window1: mouseVisible = True
3.2751 	WARNING 	User requested fullscreen with size [1440  810], but screen is actually [2880, 1620]. Using actual size
6.1680 	WARNING 	Couldn't measure a consistent frame rate.
  - Is your graphics card set to sync to vertical blank?
  - Are you running other processes on your computer?

6.1685 	EXP 	Created window1 = Window(allowGUI=False, allowStencil=False, args=UNKNOWN, autoLog=True, bitsMode=UNKNOWN, blendMode='avg', color=array([0., 0., 0.]), colorSpace='rgb', fullscr=UNKNOWN, gamma=None, kwargs=UNKNOWN, lms=UNKNOWN, monitor=<psychopy.monitors.calibTools.Monitor object at 0x0000000012948710>, multiSample=False, name='window1', numSamples=2, pos=[0, 0], screen=0, size=array([2880, 1620]), stereo=False, units=u'norm', useFBO=True, useRetina=False, viewOri=0.0, viewPos=None, viewScale=None, waitBlanking=True, winType=u'pyglet')
6.1686 	EXP 	window1: recordFrameIntervals = False
6.4162 	EXP 	window1: recordFrameIntervals = True
6.6028 	EXP 	window1: recordFrameIntervals = True
6.6852 	EXP 	Created instText = TextStim(alignHoriz='center', alignVert='center', antialias=True, autoLog=True, bold=False, color='white', colorSpace='named', contrast=1.0, depth=0.0, flipHoriz=False, flipVert=False, font='Arial', fontFiles=[], height=0.1, italic=False, name='instText', opacity=1.0, ori=0, pos=array([0., 0.]), rgb=array([255., 255., 255.]), text='What is your user code?\n', units=u'norm', win=Window(...), wrapWidth=1)
6.6945 	EXP 	Created target = TextStim(alignHoriz='center', alignVert='center', antialias=True, autoLog=True, bold=False, color=u'white', colorSpace='named', contrast=1.0, depth=0.0, flipHoriz=False, flipVert=False, font=u'Arial', fontFiles=[], height=0.1, italic=False, name='target', opacity=1.0, ori=0, pos=array([0., 0.]), rgb=array([255., 255., 255.]), text='default text', units=u'norm', win=Window(...), wrapWidth=1)
6.7358 	EXP 	Sound  set volume 1.000
6.7499 	WARNING 	t of last frame was 147.54ms (=1/6)
6.7499 	EXP 	instText: autoDraw = True
6.9694 	WARNING 	t of last frame was 25.51ms (=1/39)
7.0330 	WARNING 	t of last frame was 27.91ms (=1/35)
7.1319 	WARNING 	t of last frame was 27.29ms (=1/36)
7.1530 	WARNING 	Multiple dropped frames have occurred - I'll stop bothering you about them!
7.6580 	DATA 	Keypress: down
7.7011 	EXP 	Imported sounds.xlsx as conditions, 14 conditions, 6 params
7.7017 	EXP 	Created sequence: random, trialTypes=14, nReps=1, seed=None
7.7023 	EXP 	New trial (rep=0, index=0): OrderedDict([(u'task_1', u'sounds/pepper_sydney/sentence_16.wav'), (u'task_1_raw', 1), (u'task_1_duration', 2), (u'task_2', None), (u'task_2_raw', None), (u'task_2_duration', None)])
7.7727 	EXP 	window1: mouseVisible = True
2.1097 	WARNING 	User requested fullscreen with size [1440  810], but screen is actually [2880, 1620]. Using actual size
4.9171 	WARNING 	Couldn't measure a consistent frame rate.
  - Is your graphics card set to sync to vertical blank?
  - Are you running other processes on your computer?

4.9183 	EXP 	Created window1 = Window(allowGUI=False, allowStencil=False, args=UNKNOWN, autoLog=True, bitsMode=UNKNOWN, blendMode='avg', color=array([0., 0., 0.]), colorSpace='rgb', fullscr=UNKNOWN, gamma=None, kwargs=UNKNOWN, lms=UNKNOWN, monitor=<psychopy.monitors.calibTools.Monitor object at 0x0000000012E63710>, multiSample=False, name='window1', numSamples=2, pos=[0, 0], screen=0, size=array([2880, 1620]), stereo=False, units=u'norm', useFBO=True, useRetina=False, viewOri=0.0, viewPos=None, viewScale=None, waitBlanking=True, winType=u'pyglet')
4.9184 	EXP 	window1: recordFrameIntervals = False
5.1317 	EXP 	window1: recordFrameIntervals = True
5.2142 	WARNING 	t of last frame was 27.92ms (=1/35)
5.2530 	WARNING 	t of last frame was 20.11ms (=1/49)
5.2803 	WARNING 	t of last frame was 27.27ms (=1/36)
5.3643 	WARNING 	t of last frame was 27.56ms (=1/36)
5.4476 	WARNING 	Multiple dropped frames have occurred - I'll stop bothering you about them!
7.2658 	WARNING 	Couldn't measure a consistent frame rate.
  - Is your graphics card set to sync to vertical blank?
  - Are you running other processes on your computer?

7.3550 	EXP 	Created instText = TextStim(alignHoriz='center', alignVert='center', antialias=True, autoLog=True, bold=False, color='white', colorSpace='named', contrast=1.0, depth=0.0, flipHoriz=False, flipVert=False, font='Arial', fontFiles=[], height=0.1, italic=False, name='instText', opacity=1.0, ori=0, pos=array([0., 0.]), rgb=array([255., 255., 255.]), text='What is your user code?\n', units=u'norm', win=Window(...), wrapWidth=1)
7.3641 	EXP 	Created target = TextStim(alignHoriz='center', alignVert='center', antialias=True, autoLog=True, bold=False, color=u'white', colorSpace='named', contrast=1.0, depth=0.0, flipHoriz=False, flipVert=False, font=u'Arial', fontFiles=[], height=0.1, italic=False, name='target', opacity=1.0, ori=0, pos=array([0., 0.]), rgb=array([255., 255., 255.]), text='default text', units=u'norm', win=Window(...), wrapWidth=1)
7.4059 	EXP 	Sound  set volume 1.000
7.4194 	EXP 	instText: autoDraw = True
7.8396 	DATA 	Keypress: down
7.8794 	EXP 	Imported sounds.xlsx as conditions, 14 conditions, 6 params
7.8800 	EXP 	Created sequence: random, trialTypes=14, nReps=1, seed=None
7.8806 	EXP 	New trial (rep=0, index=0): OrderedDict([(u'task_1', u'sounds/pepper_sydney/sentence_14.wav'), (u'task_1_raw', 1), (u'task_1_duration', 2), (u'task_2', None), (u'task_2_raw', None), (u'task_2_duration', None)])
7.9409 	EXP 	window1: mouseVisible = True
