2.2634 	WARNING 	User requested fullscreen with size [1440  810], but screen is actually [2880, 1620]. Using actual size
4.1254 	EXP 	Created window1 = Window(allowGUI=False, allowStencil=False, args=UNKNOWN, autoLog=True, bitsMode=UNKNOWN, blendMode='avg', color=array([0., 0., 0.]), colorSpace='rgb', fullscr=UNKNOWN, gamma=None, kwargs=UNKNOWN, lms=UNKNOWN, monitor=<psychopy.monitors.calibTools.Monitor object at 0x0000000013557710>, multiSample=False, name='window1', numSamples=2, pos=[0, 0], screen=0, size=array([2880, 1620]), stereo=False, units=u'norm', useFBO=True, useRetina=False, viewOri=0.0, viewPos=None, viewScale=None, waitBlanking=True, winType=u'pyglet')
4.1255 	EXP 	window1: recordFrameIntervals = False
4.2915 	EXP 	window1: recordFrameIntervals = True
4.4754 	EXP 	window1: recordFrameIntervals = False
4.5633 	EXP 	Created instText = TextStim(alignHoriz='center', alignVert='center', antialias=True, autoLog=True, bold=False, color=u'white', colorSpace='named', contrast=1.0, depth=0.0, flipHoriz=False, flipVert=False, font=u'Arial', fontFiles=[], height=0.1, italic=False, name='instText', opacity=1.0, ori=0, pos=array([0., 0.]), rgb=array([255., 255., 255.]), text='What is your user code?\n', units=u'norm', win=Window(...), wrapWidth=1)
4.5726 	EXP 	Created target = TextStim(alignHoriz='center', alignVert='center', antialias=True, autoLog=True, bold=False, color=array([1., 1., 1.]), colorSpace='rgb', contrast=1.0, depth=0.0, flipHoriz=False, flipVert=False, font=u'Arial', fontFiles=[], height=0.1, italic=False, name='target', opacity=1.0, ori=0, pos=array([0., 0.]), rgb=array([1., 1., 1.]), text='default text', units=u'norm', win=Window(...), wrapWidth=1)
4.6162 	EXP 	Sound  set volume 1.000
4.6169 	WARNING 	Requested image u'robot_img/pr2' not found but similar filename u'robot_img/pr2.jpg' exists. This will be used instead but changing the filename is advised.
4.6218 	EXP 	Created image = ImageStim(autoLog=True, color=array([1., 1., 1.]), colorSpace='rgb', contrast=1.0, depth=-3.0, flipHoriz=False, flipVert=False, image=u'robot_img/pr2', interpolate=True, mask=None, maskParams=None, name='image', opacity=1.0, ori=0.0, pos=array([0., 0.]), size=array([0.125     , 0.34567901]), texRes=128, units=u'norm', win=Window(...))
4.6360 	EXP 	instText: autoDraw = True
5.1750 	DATA 	Keypress: down
5.1950 	EXP 	Imported conditions.xlsx as conditions, 6 conditions, 4 params
5.1954 	EXP 	Created sequence: random, trialTypes=6, nReps=1, seed=None
5.1958 	EXP 	New trial (rep=0, index=0): OrderedDict([(u'word', u'blue'), (u'colour', u'red'), (u'congruent', 0), (u'corrAns', u'left')])
5.2132 	EXP 	instText: autoDraw = False
5.2132 	EXP 	target: color = u'red (named)'
5.2132 	EXP 	target: text = u'blue'
5.2132 	EXP 	image: autoDraw = True
5.7285 	EXP 	target: autoDraw = True
8.6050 	DATA 	Keypress: down
8.6060 	EXP 	New trial (rep=0, index=1): OrderedDict([(u'word', u'green'), (u'colour', u'blue'), (u'congruent', 0), (u'corrAns', u'right')])
8.6288 	EXP 	target: autoDraw = False
8.6288 	EXP 	image: autoDraw = False
8.6288 	EXP 	target: color = u'blue (named)'
8.6288 	EXP 	target: text = u'green'
8.6288 	EXP 	image: autoDraw = True
9.1295 	EXP 	target: autoDraw = True
10.3500 	DATA 	Keypress: down
10.3524 	EXP 	New trial (rep=0, index=2): OrderedDict([(u'word', u'blue'), (u'colour', u'blue'), (u'congruent', 1), (u'corrAns', u'right')])
10.3756 	EXP 	target: autoDraw = False
10.3756 	EXP 	image: autoDraw = False
10.3756 	EXP 	target: color = u'blue (named)'
10.3756 	EXP 	target: text = u'blue'
10.3756 	EXP 	image: autoDraw = True
10.8134 	DATA 	Keypress: down
10.8787 	EXP 	target: autoDraw = True
12.0143 	DATA 	Keypress: escape
12.0738 	EXP 	window1: mouseVisible = True
