2.2990 	WARNING 	User requested fullscreen with size [1440  810], but screen is actually [2880, 1620]. Using actual size
3.6056 	EXP 	Created window1 = Window(allowGUI=False, allowStencil=False, args=UNKNOWN, autoLog=True, bitsMode=UNKNOWN, blendMode='avg', color=array([0., 0., 0.]), colorSpace='rgb', fullscr=UNKNOWN, gamma=None, kwargs=UNKNOWN, lms=UNKNOWN, monitor=<psychopy.monitors.calibTools.Monitor object at 0x0000000012FE3710>, multiSample=False, name='window1', numSamples=2, pos=[0, 0], screen=0, size=array([2880, 1620]), stereo=False, units=u'norm', useFBO=True, useRetina=False, viewOri=0.0, viewPos=None, viewScale=None, waitBlanking=True, winType=u'pyglet')
3.6057 	EXP 	window1: recordFrameIntervals = False
3.7703 	EXP 	window1: recordFrameIntervals = True
3.9528 	EXP 	window1: recordFrameIntervals = False
4.0190 	EXP 	Created instText = TextStim(alignHoriz='center', alignVert='center', antialias=True, autoLog=True, bold=False, color='white', colorSpace='named', contrast=1.0, depth=0.0, flipHoriz=False, flipVert=False, font='Arial', fontFiles=[], height=0.1, italic=False, name='instText', opacity=1.0, ori=0, pos=array([0., 0.]), rgb=array([255., 255., 255.]), text='What is your user code?\n', units=u'norm', win=Window(...), wrapWidth=1)
4.0275 	EXP 	Created target = TextStim(alignHoriz='center', alignVert='center', antialias=True, autoLog=True, bold=False, color=u'white', colorSpace='named', contrast=1.0, depth=0.0, flipHoriz=False, flipVert=False, font=u'Arial', fontFiles=[], height=0.1, italic=False, name='target', opacity=1.0, ori=0, pos=array([0., 0.]), rgb=array([255., 255., 255.]), text='default text', units=u'norm', win=Window(...), wrapWidth=1)
4.0789 	EXP 	Sound  set volume 1.000
4.0966 	EXP 	instText: autoDraw = True
4.4908 	DATA 	Keypress: down
4.5324 	EXP 	Imported sounds.xlsx as conditions, 14 conditions, 7 params
4.5331 	EXP 	Created sequence: random, trialTypes=14, nReps=1, seed=None
4.5338 	EXP 	New trial (rep=0, index=0): OrderedDict([(u'voice1', u'sounds/pepper_sydney/sentence_04.wav'), (u'task_1_raw', 1), (u'task_1_duration', 2), (u'task_2', u'pepper_sydney/sentence_01'), (u'task_2_raw', 2.0), (u'task_2_duration', 3.0), (u'old', u'sounds/pepper_sydney/sentence_04.wav')])
4.6169 	EXP 	window1: mouseVisible = True
2.5172 	WARNING 	User requested fullscreen with size [1440  810], but screen is actually [2880, 1620]. Using actual size
3.8297 	EXP 	Created window1 = Window(allowGUI=False, allowStencil=False, args=UNKNOWN, autoLog=True, bitsMode=UNKNOWN, blendMode='avg', color=array([0., 0., 0.]), colorSpace='rgb', fullscr=UNKNOWN, gamma=None, kwargs=UNKNOWN, lms=UNKNOWN, monitor=<psychopy.monitors.calibTools.Monitor object at 0x0000000013353710>, multiSample=False, name='window1', numSamples=2, pos=[0, 0], screen=0, size=array([2880, 1620]), stereo=False, units=u'norm', useFBO=True, useRetina=False, viewOri=0.0, viewPos=None, viewScale=None, waitBlanking=True, winType=u'pyglet')
3.8298 	EXP 	window1: recordFrameIntervals = False
3.9943 	EXP 	window1: recordFrameIntervals = True
4.1779 	EXP 	window1: recordFrameIntervals = False
4.2665 	EXP 	Created instText = TextStim(alignHoriz='center', alignVert='center', antialias=True, autoLog=True, bold=False, color='white', colorSpace='named', contrast=1.0, depth=0.0, flipHoriz=False, flipVert=False, font='Arial', fontFiles=[], height=0.1, italic=False, name='instText', opacity=1.0, ori=0, pos=array([0., 0.]), rgb=array([255., 255., 255.]), text='What is your user code?\n', units=u'norm', win=Window(...), wrapWidth=1)
4.2747 	EXP 	Created target = TextStim(alignHoriz='center', alignVert='center', antialias=True, autoLog=True, bold=False, color=u'white', colorSpace='named', contrast=1.0, depth=0.0, flipHoriz=False, flipVert=False, font=u'Arial', fontFiles=[], height=0.1, italic=False, name='target', opacity=1.0, ori=0, pos=array([0., 0.]), rgb=array([255., 255., 255.]), text='default text', units=u'norm', win=Window(...), wrapWidth=1)
4.3152 	EXP 	Sound  set volume 1.000
4.3295 	EXP 	instText: autoDraw = True
4.6956 	DATA 	Keypress: down
4.7490 	EXP 	Imported sounds.xlsx as conditions, 14 conditions, 7 params
4.7496 	EXP 	Created sequence: random, trialTypes=14, nReps=1, seed=None
4.7503 	EXP 	New trial (rep=0, index=0): OrderedDict([(u'voice1', u'sounds/pepper_sydney/sentence_04.wav'), (u'task_1_raw', 1), (u'task_1_duration', 2), (u'task_2', u'pepper_sydney/sentence_03'), (u'task_2_raw', 3.0), (u'task_2_duration', 4.0), (u'old', u'sounds/pepper_sydney/sentence_06.wav')])
4.8556 	EXP 	window1: mouseVisible = True
