2.1229 	WARNING 	User requested fullscreen with size [1440  810], but screen is actually [1920, 1080]. Using actual size
2.3763 	EXP 	Created window1 = Window(allowGUI=False, allowStencil=False, args=UNKNOWN, autoLog=True, bitsMode=UNKNOWN, blendMode='avg', color=array([ 0.,  0.,  0.]), colorSpace='rgb', fullscr=UNKNOWN, gamma=None, kwargs=UNKNOWN, lms=UNKNOWN, monitor=<psychopy.monitors.calibTools.Monitor object at 0x7f2390218860>, multiSample=False, name='window1', numSamples=2, pos=[0.0, 0.0], screen=0, size=array([1920, 1080]), stereo=False, units='norm', useFBO=True, useRetina=False, viewOri=0.0, viewPos=None, viewScale=None, waitBlanking=True, winType='pyglet')
2.3764 	EXP 	window1: recordFrameIntervals = False
2.3808 	EXP 	window1: recordFrameIntervals = True
2.3852 	EXP 	window1: recordFrameIntervals = False
2.4301 	EXP 	Created instText = TextStim(__class__=<class 'psychopy.visual.text.TextStim'>, alignHoriz='center', alignVert='center', antialias=True, autoLog=True, bold=False, color='white', colorSpace='named', contrast=1.0, depth=0.0, flipHoriz=False, flipVert=False, font='Arial', fontFiles=[], height=0.1, italic=False, name='instText', opacity=1.0, ori=0, pos=array([ 0.,  0.]), rgb=array([ 255.,  255.,  255.]), text='What is your user code?\n', units='norm', win=Window(...), wrapWidth=1)
2.4342 	EXP 	Created target = TextStim(__class__=<class 'psychopy.visual.text.TextStim'>, alignHoriz='center', alignVert='center', antialias=True, autoLog=True, bold=False, color='white', colorSpace='named', contrast=1.0, depth=0.0, flipHoriz=False, flipVert=False, font='Arial', fontFiles=[], height=0.1, italic=False, name='target', opacity=1.0, ori=0, pos=array([ 0.,  0.]), rgb=array([ 255.,  255.,  255.]), text='default text', units='norm', win=Window(...), wrapWidth=1)
2.4379 	EXP 	Sound  set volume 1.000
2.4396 	EXP 	instText: autoDraw = True
3.0546 	DATA 	Keypress: down
3.0629 	EXP 	Imported sounds.xlsx as conditions, 14 conditions, 4 params
3.0632 	EXP 	Created sequence: random, trialTypes=14, nReps=1, seed=None
3.0635 	EXP 	New trial (rep=0, index=0): OrderedDict([('voice1', 'sounds/pepper_sydney/sentence_08.wav'), ('task_1_raw', 1), ('task_1_duration', 2), ('test', 'sounds/pepper_sydney/sentence_05.wav')])
3.0734 	EXP 	instText: autoDraw = False
3.0734 	EXP 	target: text = 'sounds/pepper_sydney/sentence_08.wav'
3.5646 	EXP 	target: autoDraw = True
4.8666 	DATA 	Keypress: down
4.8673 	EXP 	New trial (rep=0, index=1): OrderedDict([('voice1', 'sounds/pepper_sydney/sentence_17.wav'), ('task_1_raw', 1), ('task_1_duration', 2), ('test', 'sounds/pepper_sydney/sentence_05.wav')])
4.8732 	EXP 	target: autoDraw = False
4.8732 	EXP 	target: text = 'sounds/pepper_sydney/sentence_17.wav'
5.3686 	EXP 	target: autoDraw = True
6.8596 	DATA 	Keypress: down
6.8601 	EXP 	New trial (rep=0, index=2): OrderedDict([('voice1', 'sounds/pepper_sydney/sentence_10.wav'), ('task_1_raw', 2), ('task_1_duration', 3), ('test', 'sounds/pepper_sydney/sentence_05.wav')])
6.8655 	EXP 	target: autoDraw = False
6.8655 	EXP 	target: text = 'sounds/pepper_sydney/sentence_10.wav'
7.3616 	EXP 	target: autoDraw = True
9.2376 	DATA 	Keypress: down
9.2381 	EXP 	New trial (rep=0, index=3): OrderedDict([('voice1', 'sounds/pepper_sydney/sentence_15.wav'), ('task_1_raw', 1), ('task_1_duration', 2), ('test', 'sounds/pepper_sydney/sentence_05.wav')])
9.2441 	EXP 	target: autoDraw = False
9.2441 	EXP 	target: text = 'sounds/pepper_sydney/sentence_15.wav'
9.7399 	EXP 	target: autoDraw = True
11.6064 	DATA 	Keypress: down
11.6068 	EXP 	New trial (rep=0, index=4): OrderedDict([('voice1', 'sounds/pepper_sydney/sentence_12.wav'), ('task_1_raw', 2), ('task_1_duration', 3), ('test', 'sounds/pepper_sydney/sentence_05.wav')])
11.6131 	EXP 	target: autoDraw = False
11.6131 	EXP 	target: text = 'sounds/pepper_sydney/sentence_12.wav'
12.1083 	EXP 	target: autoDraw = True
13.6543 	DATA 	Keypress: down
13.6548 	EXP 	New trial (rep=0, index=5): OrderedDict([('voice1', 'sounds/pepper_sydney/sentence_09.wav'), ('task_1_raw', 2), ('task_1_duration', 3), ('test', 'sounds/pepper_sydney/sentence_05.wav')])
13.6608 	EXP 	target: autoDraw = False
13.6608 	EXP 	target: text = 'sounds/pepper_sydney/sentence_09.wav'
14.1563 	EXP 	target: autoDraw = True
15.8276 	DATA 	Keypress: down
15.8284 	EXP 	New trial (rep=0, index=6): OrderedDict([('voice1', 'sounds/pepper_sydney/sentence_11.wav'), ('task_1_raw', 1), ('task_1_duration', 2), ('test', 'sounds/pepper_sydney/sentence_05.wav')])
15.8340 	EXP 	target: autoDraw = False
15.8340 	EXP 	target: text = 'sounds/pepper_sydney/sentence_11.wav'
16.3298 	EXP 	target: autoDraw = True
17.6906 	DATA 	Keypress: down
17.6911 	EXP 	New trial (rep=0, index=7): OrderedDict([('voice1', 'sounds/pepper_sydney/sentence_04.wav'), ('task_1_raw', 1), ('task_1_duration', 2), ('test', 'sounds/pepper_sydney/sentence_05.wav')])
17.6973 	EXP 	target: autoDraw = False
17.6973 	EXP 	target: text = 'sounds/pepper_sydney/sentence_04.wav'
18.1925 	EXP 	target: autoDraw = True
19.5596 	DATA 	Keypress: escape
19.5702 	EXP 	window1: mouseVisible = True
2.3623 	WARNING 	User requested fullscreen with size [1440  810], but screen is actually [1920, 1080]. Using actual size
2.6037 	EXP 	Created window1 = Window(allowGUI=False, allowStencil=False, args=UNKNOWN, autoLog=True, bitsMode=UNKNOWN, blendMode='avg', color=array([ 0.,  0.,  0.]), colorSpace='rgb', fullscr=UNKNOWN, gamma=None, kwargs=UNKNOWN, lms=UNKNOWN, monitor=<psychopy.monitors.calibTools.Monitor object at 0x7fc873d94860>, multiSample=False, name='window1', numSamples=2, pos=[0.0, 0.0], screen=0, size=array([1920, 1080]), stereo=False, units='norm', useFBO=True, useRetina=False, viewOri=0.0, viewPos=None, viewScale=None, waitBlanking=True, winType='pyglet')
2.6038 	EXP 	window1: recordFrameIntervals = False
2.6085 	EXP 	window1: recordFrameIntervals = True
2.6130 	EXP 	window1: recordFrameIntervals = False
2.6576 	EXP 	Created instText = TextStim(__class__=<class 'psychopy.visual.text.TextStim'>, alignHoriz='center', alignVert='center', antialias=True, autoLog=True, bold=False, color='white', colorSpace='named', contrast=1.0, depth=0.0, flipHoriz=False, flipVert=False, font='Arial', fontFiles=[], height=0.1, italic=False, name='instText', opacity=1.0, ori=0, pos=array([ 0.,  0.]), rgb=array([ 255.,  255.,  255.]), text='What is your user code?\n', units='norm', win=Window(...), wrapWidth=1)
2.6619 	EXP 	Created target = TextStim(__class__=<class 'psychopy.visual.text.TextStim'>, alignHoriz='center', alignVert='center', antialias=True, autoLog=True, bold=False, color='white', colorSpace='named', contrast=1.0, depth=0.0, flipHoriz=False, flipVert=False, font='Arial', fontFiles=[], height=0.1, italic=False, name='target', opacity=1.0, ori=0, pos=array([ 0.,  0.]), rgb=array([ 255.,  255.,  255.]), text='default text', units='norm', win=Window(...), wrapWidth=1)
2.6657 	EXP 	Sound  set volume 1.000
2.6676 	EXP 	instText: autoDraw = True
3.2494 	DATA 	Keypress: down
3.2575 	EXP 	Imported sounds.xlsx as conditions, 14 conditions, 4 params
3.2579 	EXP 	Created sequence: random, trialTypes=14, nReps=1, seed=None
3.2583 	EXP 	New trial (rep=0, index=0): OrderedDict([('voice1', 'sounds/pepper_sydney/sentence_16.wav'), ('task_1_raw', 1), ('task_1_duration', 2), ('test', 'sounds/pepper_sydney/sentence_05.wav')])
3.2681 	EXP 	instText: autoDraw = False
3.2681 	EXP 	target: text = 'sounds/pepper_sydney/sentence_16.wav'
3.7593 	EXP 	target: autoDraw = True
6.5937 	DATA 	Keypress: down
6.5948 	EXP 	New trial (rep=0, index=1): OrderedDict([('voice1', 'sounds/pepper_sydney/sentence_17.wav'), ('task_1_raw', 1), ('task_1_duration', 2), ('test', 'sounds/pepper_sydney/sentence_05.wav')])
6.6005 	EXP 	target: autoDraw = False
6.6005 	EXP 	target: text = 'sounds/pepper_sydney/sentence_17.wav'
7.0959 	EXP 	target: autoDraw = True
8.8037 	DATA 	Keypress: down
8.8046 	EXP 	New trial (rep=0, index=2): OrderedDict([('voice1', 'sounds/pepper_sydney/sentence_05.wav'), ('task_1_raw', 2), ('task_1_duration', 3), ('test', 'sounds/pepper_sydney/sentence_05.wav')])
8.8104 	EXP 	target: autoDraw = False
8.8104 	EXP 	target: text = 'sounds/pepper_sydney/sentence_05.wav'
9.3058 	EXP 	target: autoDraw = True
11.5312 	DATA 	Keypress: down
11.5321 	EXP 	New trial (rep=0, index=3): OrderedDict([('voice1', 'sounds/pepper_sydney/sentence_06.wav'), ('task_1_raw', 1), ('task_1_duration', 2), ('test', 'sounds/pepper_sydney/sentence_05.wav')])
11.5376 	EXP 	target: autoDraw = False
11.5376 	EXP 	target: text = 'sounds/pepper_sydney/sentence_06.wav'
12.0336 	EXP 	target: autoDraw = True
12.8287 	DATA 	Keypress: down
12.8292 	EXP 	New trial (rep=0, index=4): OrderedDict([('voice1', 'sounds/pepper_sydney/sentence_15.wav'), ('task_1_raw', 1), ('task_1_duration', 2), ('test', 'sounds/pepper_sydney/sentence_05.wav')])
12.8348 	EXP 	target: autoDraw = False
12.8348 	EXP 	target: text = 'sounds/pepper_sydney/sentence_15.wav'
13.3304 	EXP 	target: autoDraw = True
13.6700 	DATA 	Keypress: down
13.6708 	EXP 	New trial (rep=0, index=5): OrderedDict([('voice1', 'sounds/pepper_sydney/sentence_13.wav'), ('task_1_raw', 1), ('task_1_duration', 2), ('test', 'sounds/pepper_sydney/sentence_05.wav')])
13.6766 	EXP 	target: autoDraw = False
13.6766 	EXP 	target: text = 'sounds/pepper_sydney/sentence_13.wav'
14.1722 	EXP 	target: autoDraw = True
14.4813 	DATA 	Keypress: down
14.4822 	EXP 	New trial (rep=0, index=6): OrderedDict([('voice1', 'sounds/pepper_sydney/sentence_14.wav'), ('task_1_raw', 1), ('task_1_duration', 2), ('test', 'sounds/pepper_sydney/sentence_05.wav')])
14.4879 	EXP 	target: autoDraw = False
14.4879 	EXP 	target: text = 'sounds/pepper_sydney/sentence_14.wav'
14.9833 	EXP 	target: autoDraw = True
15.3373 	DATA 	Keypress: down
15.3382 	EXP 	New trial (rep=0, index=7): OrderedDict([('voice1', 'sounds/pepper_sydney/sentence_12.wav'), ('task_1_raw', 2), ('task_1_duration', 3), ('test', 'sounds/pepper_sydney/sentence_05.wav')])
15.3440 	EXP 	target: autoDraw = False
15.3440 	EXP 	target: text = 'sounds/pepper_sydney/sentence_12.wav'
15.8395 	EXP 	target: autoDraw = True
16.4391 	DATA 	Keypress: down
16.4400 	EXP 	New trial (rep=0, index=8): OrderedDict([('voice1', 'sounds/pepper_sydney/sentence_07.wav'), ('task_1_raw', 2), ('task_1_duration', 3), ('test', 'sounds/pepper_sydney/sentence_05.wav')])
16.4456 	EXP 	target: autoDraw = False
16.4456 	EXP 	target: text = 'sounds/pepper_sydney/sentence_07.wav'
16.9418 	EXP 	target: autoDraw = True
17.6709 	DATA 	Keypress: escape
17.6809 	EXP 	window1: mouseVisible = True
