2.6940 	WARNING 	User requested fullscreen with size [1440  810], but screen is actually [2880, 1620]. Using actual size
4.2172 	EXP 	Created window1 = Window(allowGUI=False, allowStencil=False, args=UNKNOWN, autoLog=True, bitsMode=UNKNOWN, blendMode='avg', color=array([0., 0., 0.]), colorSpace='rgb', fullscr=UNKNOWN, gamma=None, kwargs=UNKNOWN, lms=UNKNOWN, monitor=<psychopy.monitors.calibTools.Monitor object at 0x0000000013306710>, multiSample=False, name='window1', numSamples=2, pos=[0, 0], screen=0, size=array([2880, 1620]), stereo=False, units=u'norm', useFBO=True, useRetina=False, viewOri=0.0, viewPos=None, viewScale=None, waitBlanking=True, winType=u'pyglet')
4.2173 	EXP 	window1: recordFrameIntervals = False
4.3827 	EXP 	window1: recordFrameIntervals = True
4.5654 	EXP 	window1: recordFrameIntervals = False
4.6592 	EXP 	Created instText = TextStim(alignHoriz='center', alignVert='center', antialias=True, autoLog=True, bold=False, color='white', colorSpace='named', contrast=1.0, depth=0.0, flipHoriz=False, flipVert=False, font='Arial', fontFiles=[], height=0.1, italic=False, name='instText', opacity=1.0, ori=0, pos=array([0., 0.]), rgb=array([255., 255., 255.]), text='What is your user code?\n', units=u'norm', win=Window(...), wrapWidth=1)
4.6678 	EXP 	Created target = TextStim(alignHoriz='center', alignVert='center', antialias=True, autoLog=True, bold=False, color=u'white', colorSpace='named', contrast=1.0, depth=0.0, flipHoriz=False, flipVert=False, font=u'Arial', fontFiles=[], height=0.1, italic=False, name='target', opacity=1.0, ori=0, pos=array([0., 0.]), rgb=array([255., 255., 255.]), text='default text', units=u'norm', win=Window(...), wrapWidth=1)
4.7090 	EXP 	Sound  set volume 1.000
4.7225 	EXP 	instText: autoDraw = True
5.0333 	DATA 	Keypress: down
5.0725 	EXP 	Imported sounds.xlsx as conditions, 14 conditions, 6 params
5.0733 	EXP 	Created sequence: random, trialTypes=14, nReps=1, seed=None
5.0740 	EXP 	New trial (rep=0, index=0): OrderedDict([(u'task_1', u'sounds/pepper_sydney/sentence_11'), (u'task_1_raw', 1), (u'task_1_duration', 2), (u'task_2', None), (u'task_2_raw', None), (u'task_2_duration', None)])
5.1066 	EXP 	instText: autoDraw = False
5.1066 	EXP 	target: text = u'sounds/pepper_sydney/sentence_11'
5.6003 	EXP 	target: autoDraw = True
8.4756 	DATA 	Keypress: down
8.4935 	EXP 	New trial (rep=0, index=1): OrderedDict([(u'task_1', u'sounds/pepper_sydney/sentence_17'), (u'task_1_raw', 1), (u'task_1_duration', 2), (u'task_2', None), (u'task_2_raw', None), (u'task_2_duration', None)])
8.5526 	EXP 	target: autoDraw = False
8.5526 	EXP 	target: text = u'sounds/pepper_sydney/sentence_17'
9.0205 	EXP 	target: autoDraw = True
11.0531 	DATA 	Keypress: down
11.0560 	EXP 	New trial (rep=0, index=2): OrderedDict([(u'task_1', u'sounds/pepper_sydney/sentence_12'), (u'task_1_raw', 2), (u'task_1_duration', 3), (u'task_2', None), (u'task_2_raw', None), (u'task_2_duration', None)])
11.1077 	EXP 	target: autoDraw = False
11.1077 	EXP 	target: text = u'sounds/pepper_sydney/sentence_12'
11.5880 	EXP 	target: autoDraw = True
13.8168 	DATA 	Keypress: escape
13.9177 	EXP 	window1: mouseVisible = True
