3.2805 	WARNING 	User requested fullscreen with size [1440  810], but screen is actually [2880, 1620]. Using actual size
4.6871 	EXP 	Created window1 = Window(allowGUI=False, allowStencil=False, args=UNKNOWN, autoLog=True, bitsMode=UNKNOWN, blendMode='avg', color=array([0., 0., 0.]), colorSpace='rgb', fullscr=UNKNOWN, gamma=None, kwargs=UNKNOWN, lms=UNKNOWN, monitor=<psychopy.monitors.calibTools.Monitor object at 0x0000000013753710>, multiSample=False, name='window1', numSamples=2, pos=[0, 0], screen=0, size=array([2880, 1620]), stereo=False, units=u'norm', useFBO=True, useRetina=False, viewOri=0.0, viewPos=None, viewScale=None, waitBlanking=True, winType=u'pyglet')
4.6872 	EXP 	window1: recordFrameIntervals = False
4.8686 	EXP 	window1: recordFrameIntervals = True
5.0517 	EXP 	window1: recordFrameIntervals = False
5.1413 	EXP 	Created instText = TextStim(alignHoriz='center', alignVert='center', antialias=True, autoLog=True, bold=False, color='white', colorSpace='named', contrast=1.0, depth=0.0, flipHoriz=False, flipVert=False, font='Arial', fontFiles=[], height=0.1, italic=False, name='instText', opacity=1.0, ori=0, pos=array([0., 0.]), rgb=array([255., 255., 255.]), text='What is your user code?\n', units=u'norm', win=Window(...), wrapWidth=1)
5.1500 	EXP 	Created target = TextStim(alignHoriz='center', alignVert='center', antialias=True, autoLog=True, bold=False, color=u'white', colorSpace='named', contrast=1.0, depth=0.0, flipHoriz=False, flipVert=False, font=u'Arial', fontFiles=[], height=0.1, italic=False, name='target', opacity=1.0, ori=0, pos=array([0., 0.]), rgb=array([255., 255., 255.]), text='default text', units=u'norm', win=Window(...), wrapWidth=1)
5.1898 	EXP 	Sound  set volume 1.000
5.2033 	EXP 	instText: autoDraw = True
5.7380 	DATA 	Keypress: return
5.7546 	EXP 	Imported sounds.xlsx as conditions, 14 conditions, 6 params
5.7550 	EXP 	Created sequence: random, trialTypes=14, nReps=1, seed=None
5.7554 	EXP 	New trial (rep=0, index=0): OrderedDict([(u'voice1', u'sounds/pepper_sydney/sentence_17.wav'), (u'task_1_raw', 1), (u'task_1_duration', 2), (u'task_2', None), (u'task_2_raw', None), (u'task_2_duration', None)])
5.8313 	EXP 	window1: mouseVisible = True
3.3617 	WARNING 	User requested fullscreen with size [1440  810], but screen is actually [2880, 1620]. Using actual size
5.2033 	EXP 	Created window1 = Window(allowGUI=False, allowStencil=False, args=UNKNOWN, autoLog=True, bitsMode=UNKNOWN, blendMode='avg', color=array([0., 0., 0.]), colorSpace='rgb', fullscr=UNKNOWN, gamma=None, kwargs=UNKNOWN, lms=UNKNOWN, monitor=<psychopy.monitors.calibTools.Monitor object at 0x0000000013426710>, multiSample=False, name='window1', numSamples=2, pos=[0, 0], screen=0, size=array([2880, 1620]), stereo=False, units=u'norm', useFBO=True, useRetina=False, viewOri=0.0, viewPos=None, viewScale=None, waitBlanking=True, winType=u'pyglet')
5.2034 	EXP 	window1: recordFrameIntervals = False
5.3681 	EXP 	window1: recordFrameIntervals = True
5.5519 	EXP 	window1: recordFrameIntervals = False
5.6367 	EXP 	Created instText = TextStim(alignHoriz='center', alignVert='center', antialias=True, autoLog=True, bold=False, color='white', colorSpace='named', contrast=1.0, depth=0.0, flipHoriz=False, flipVert=False, font='Arial', fontFiles=[], height=0.1, italic=False, name='instText', opacity=1.0, ori=0, pos=array([0., 0.]), rgb=array([255., 255., 255.]), text='What is your user code?\n', units=u'norm', win=Window(...), wrapWidth=1)
5.6456 	EXP 	Created target = TextStim(alignHoriz='center', alignVert='center', antialias=True, autoLog=True, bold=False, color=u'white', colorSpace='named', contrast=1.0, depth=0.0, flipHoriz=False, flipVert=False, font=u'Arial', fontFiles=[], height=0.1, italic=False, name='target', opacity=1.0, ori=0, pos=array([0., 0.]), rgb=array([255., 255., 255.]), text='default text', units=u'norm', win=Window(...), wrapWidth=1)
5.6878 	EXP 	Sound  set volume 1.000
5.7009 	EXP 	instText: autoDraw = True
6.3892 	DATA 	Keypress: down
6.4275 	EXP 	Imported sounds.xlsx as conditions, 14 conditions, 6 params
6.4281 	EXP 	Created sequence: random, trialTypes=14, nReps=1, seed=None
6.4290 	EXP 	New trial (rep=0, index=0): OrderedDict([(u'voice1', u'sounds/pepper_sydney/sentence_05.wav'), (u'task_1_raw', 2), (u'task_1_duration', 3), (u'task_2', u'pepper_sydney/sentence_02'), (u'task_2_raw', 6.0), (u'task_2_duration', 7.0)])
6.4678 	EXP 	instText: autoDraw = False
6.4678 	EXP 	target: text = u'sounds/pepper_sydney/sentence_05.wav'
6.9575 	EXP 	target: autoDraw = True
9.0817 	DATA 	Keypress: down
9.0830 	EXP 	New trial (rep=0, index=1): OrderedDict([(u'voice1', u'sounds/pepper_sydney/sentence_14.wav'), (u'task_1_raw', 1), (u'task_1_duration', 2), (u'task_2', None), (u'task_2_raw', None), (u'task_2_duration', None)])
9.1270 	EXP 	target: autoDraw = False
9.1270 	EXP 	target: text = u'sounds/pepper_sydney/sentence_14.wav'
9.6092 	EXP 	target: autoDraw = True
11.5609 	DATA 	Keypress: escape
11.6421 	EXP 	window1: mouseVisible = True
