2.4297 	WARNING 	User requested fullscreen with size [1440  810], but screen is actually [2880, 1620]. Using actual size
4.2533 	EXP 	Created window1 = Window(allowGUI=False, allowStencil=False, args=UNKNOWN, autoLog=True, bitsMode=UNKNOWN, blendMode='avg', color=array([0., 0., 0.]), colorSpace='rgb', fullscr=UNKNOWN, gamma=None, kwargs=UNKNOWN, lms=UNKNOWN, monitor=<psychopy.monitors.calibTools.Monitor object at 0x0000000012F24710>, multiSample=False, name='window1', numSamples=2, pos=[0, 0], screen=0, size=array([2880, 1620]), stereo=False, units=u'norm', useFBO=True, useRetina=False, viewOri=0.0, viewPos=None, viewScale=None, waitBlanking=True, winType=u'pyglet')
4.2534 	EXP 	window1: recordFrameIntervals = False
4.4186 	EXP 	window1: recordFrameIntervals = True
4.6032 	EXP 	window1: recordFrameIntervals = False
4.6886 	EXP 	Created instText = TextStim(alignHoriz='center', alignVert='center', antialias=True, autoLog=True, bold=False, color=u'white', colorSpace='named', contrast=1.0, depth=0.0, flipHoriz=False, flipVert=False, font=u'Arial', fontFiles=[], height=0.1, italic=False, name='instText', opacity=1.0, ori=0, pos=array([0., 0.]), rgb=array([255., 255., 255.]), text='What is your user code?\n', units=u'norm', win=Window(...), wrapWidth=1)
4.6973 	EXP 	Created target = TextStim(alignHoriz='center', alignVert='center', antialias=True, autoLog=True, bold=False, color=array([1., 1., 1.]), colorSpace='rgb', contrast=1.0, depth=0.0, flipHoriz=False, flipVert=False, font=u'Arial', fontFiles=[], height=0.1, italic=False, name='target', opacity=1.0, ori=0, pos=array([0., 0.]), rgb=array([1., 1., 1.]), text='default text', units=u'norm', win=Window(...), wrapWidth=1)
4.7399 	EXP 	Sound  set volume 1.000
4.7406 	WARNING 	Requested image u'robot_img/pr2' not found but similar filename u'robot_img/pr2.jpg' exists. This will be used instead but changing the filename is advised.
4.7454 	EXP 	Created image = ImageStim(autoLog=True, color=array([1., 1., 1.]), colorSpace='rgb', contrast=1.0, depth=-3.0, flipHoriz=False, flipVert=False, image=u'robot_img/pr2', interpolate=True, mask=None, maskParams=None, name='image', opacity=1.0, ori=0.0, pos=array([-0.3,  0. ]), size=array([0.125     , 0.34567901]), texRes=128, units=u'norm', win=Window(...))
4.7458 	WARNING 	Requested image u'robot_img/pr2' not found but similar filename u'robot_img/pr2.jpg' exists. This will be used instead but changing the filename is advised.
4.7491 	EXP 	Created image_2 = ImageStim(autoLog=True, color=array([1., 1., 1.]), colorSpace='rgb', contrast=1.0, depth=-4.0, flipHoriz=False, flipVert=False, image=u'robot_img/pr2', interpolate=True, mask=None, maskParams=None, name='image_2', opacity=1.0, ori=0.0, pos=array([0., 0.]), size=array([0.125     , 0.34567901]), texRes=128, units=u'norm', win=Window(...))
4.7495 	WARNING 	Requested image u'robot_img/pr2' not found but similar filename u'robot_img/pr2.jpg' exists. This will be used instead but changing the filename is advised.
4.7517 	EXP 	Created image_3 = ImageStim(autoLog=True, color=array([1., 1., 1.]), colorSpace='rgb', contrast=1.0, depth=-5.0, flipHoriz=False, flipVert=False, image=u'robot_img/pr2', interpolate=True, mask=None, maskParams=None, name='image_3', opacity=1.0, ori=0.0, pos=array([-0.66,  0.  ]), size=array([0.125     , 0.34567901]), texRes=128, units=u'norm', win=Window(...))
4.7656 	EXP 	instText: autoDraw = True
5.8544 	DATA 	Keypress: down
5.8839 	EXP 	Imported conditions.xlsx as conditions, 6 conditions, 4 params
5.8844 	EXP 	Created sequence: random, trialTypes=6, nReps=1, seed=None
5.8847 	EXP 	New trial (rep=0, index=0): OrderedDict([(u'word', u'green'), (u'colour', u'blue'), (u'congruent', 0), (u'corrAns', u'right')])
5.9054 	EXP 	instText: autoDraw = False
5.9054 	EXP 	target: color = u'blue (named)'
5.9054 	EXP 	target: text = u'green'
5.9054 	EXP 	image: autoDraw = True
5.9054 	EXP 	image_2: autoDraw = True
5.9054 	EXP 	image_3: autoDraw = True
6.4034 	EXP 	target: autoDraw = True
10.4059 	EXP 	target: autoDraw = False
40.6363 	DATA 	Keypress: escape
40.7215 	EXP 	window1: mouseVisible = True
