2.4723 	WARNING 	User requested fullscreen with size [1440  810], but screen is actually [2880, 1620]. Using actual size
4.3580 	EXP 	Created window1 = Window(allowGUI=False, allowStencil=False, args=UNKNOWN, autoLog=True, bitsMode=UNKNOWN, blendMode='avg', color=array([0., 0., 0.]), colorSpace='rgb', fullscr=UNKNOWN, gamma=None, kwargs=UNKNOWN, lms=UNKNOWN, monitor=<psychopy.monitors.calibTools.Monitor object at 0x0000000012CFA710>, multiSample=False, name='window1', numSamples=2, pos=[0, 0], screen=0, size=array([2880, 1620]), stereo=False, units=u'norm', useFBO=True, useRetina=False, viewOri=0.0, viewPos=None, viewScale=None, waitBlanking=True, winType=u'pyglet')
4.3581 	EXP 	window1: recordFrameIntervals = False
4.5230 	EXP 	window1: recordFrameIntervals = True
4.7068 	EXP 	window1: recordFrameIntervals = False
4.7960 	EXP 	Created instText = TextStim(alignHoriz='center', alignVert='center', antialias=True, autoLog=True, bold=False, color=u'white', colorSpace='named', contrast=1.0, depth=0.0, flipHoriz=False, flipVert=False, font=u'Arial', fontFiles=[], height=0.1, italic=False, name='instText', opacity=1.0, ori=0, pos=array([0., 0.]), rgb=array([255., 255., 255.]), text='What is your user code?\n', units=u'norm', win=Window(...), wrapWidth=1)
4.8048 	EXP 	Created target = TextStim(alignHoriz='center', alignVert='center', antialias=True, autoLog=True, bold=False, color=array([1., 1., 1.]), colorSpace='rgb', contrast=1.0, depth=0.0, flipHoriz=False, flipVert=False, font=u'Arial', fontFiles=[], height=0.1, italic=False, name='target', opacity=1.0, ori=0, pos=array([0., 0.]), rgb=array([1., 1., 1.]), text='default text', units=u'norm', win=Window(...), wrapWidth=1)
4.8482 	EXP 	Sound  set volume 1.000
4.8495 	WARNING 	Requested image u'robot_imgs/pr2' not found but similar filename u'robot_imgs/pr2.png' exists. This will be used instead but changing the filename is advised.
4.8963 	EXP 	Created image = ImageStim(autoLog=True, color=array([1., 1., 1.]), colorSpace='rgb', contrast=1.0, depth=-3.0, flipHoriz=False, flipVert=False, image=u'robot_imgs/pr2', interpolate=True, mask=None, maskParams=None, name='image', opacity=1.0, ori=0.0, pos=array([-0.3,  0. ]), size=array([0.53333333, 1.17283951]), texRes=128, units=u'norm', win=Window(...))
4.8967 	WARNING 	Requested image u'robot_imgs/pr2' not found but similar filename u'robot_imgs/pr2.png' exists. This will be used instead but changing the filename is advised.
4.9248 	EXP 	Created image_2 = ImageStim(autoLog=True, color=array([1., 1., 1.]), colorSpace='rgb', contrast=1.0, depth=-4.0, flipHoriz=False, flipVert=False, image=u'robot_imgs/pr2', interpolate=True, mask=None, maskParams=None, name='image_2', opacity=1.0, ori=0.0, pos=array([0., 0.]), size=array([180., 280.]), texRes=128, units='pix', win=Window(...))
4.9253 	WARNING 	Requested image u'robot_imgs/pr2' not found but similar filename u'robot_imgs/pr2.png' exists. This will be used instead but changing the filename is advised.
4.9537 	EXP 	Created image_3 = ImageStim(autoLog=True, color=array([1., 1., 1.]), colorSpace='rgb', contrast=1.0, depth=-5.0, flipHoriz=False, flipVert=False, image=u'robot_imgs/pr2', interpolate=True, mask=None, maskParams=None, name='image_3', opacity=1.0, ori=0.0, pos=array([-0.66,  0.  ]), size=array([0.53333333, 1.17283951]), texRes=128, units=u'norm', win=Window(...))
4.9676 	EXP 	instText: autoDraw = True
5.4791 	DATA 	Keypress: down
5.5223 	EXP 	Imported sounds\sounds.xlsx as conditions, 14 conditions, 6 params
5.5231 	EXP 	Created sequence: random, trialTypes=14, nReps=1, seed=None
5.5239 	EXP 	New trial (rep=0, index=0): OrderedDict([(u'task_1', u'sounds/pepper_sydney/sentence_10'), (u'task_1_raw', 2), (u'task_1_duration', 3), (u'task_2', None), (u'task_2_raw', None), (u'task_2_duration', None)])
5.5645 	EXP 	instText: autoDraw = False
5.5645 	EXP 	target: color = u'white (named)'
5.5645 	EXP 	target: text = u'listen'
5.5645 	EXP 	image: autoDraw = True
5.5645 	EXP 	image_2: autoDraw = True
5.5645 	EXP 	image_3: autoDraw = True
6.0449 	EXP 	target: autoDraw = True
10.0401 	EXP 	target: autoDraw = False
11.0267 	DATA 	Keypress: down
11.0379 	EXP 	New trial (rep=0, index=1): OrderedDict([(u'task_1', u'sounds/pepper_sydney/sentence_11'), (u'task_1_raw', 1), (u'task_1_duration', 2), (u'task_2', None), (u'task_2_raw', None), (u'task_2_duration', None)])
11.0522 	EXP 	target: autoDraw = False
11.0522 	EXP 	image: autoDraw = False
11.0522 	EXP 	image_2: autoDraw = False
11.0522 	EXP 	image_3: autoDraw = False
11.0522 	EXP 	target: color = u'white (named)'
11.0522 	EXP 	target: text = u'listen'
11.0522 	EXP 	image: autoDraw = True
11.0522 	EXP 	image_2: autoDraw = True
11.0522 	EXP 	image_3: autoDraw = True
11.5765 	EXP 	target: autoDraw = True
15.5506 	EXP 	target: autoDraw = False
16.4842 	DATA 	Keypress: down
16.4861 	EXP 	New trial (rep=0, index=2): OrderedDict([(u'task_1', u'sounds/pepper_sydney/sentence_13'), (u'task_1_raw', 1), (u'task_1_duration', 2), (u'task_2', None), (u'task_2_raw', None), (u'task_2_duration', None)])
16.5036 	EXP 	target: autoDraw = False
16.5036 	EXP 	image: autoDraw = False
16.5036 	EXP 	image_2: autoDraw = False
16.5036 	EXP 	image_3: autoDraw = False
16.5036 	EXP 	target: color = u'white (named)'
16.5036 	EXP 	target: text = u'listen'
16.5036 	EXP 	image: autoDraw = True
16.5036 	EXP 	image_2: autoDraw = True
16.5036 	EXP 	image_3: autoDraw = True
17.0296 	EXP 	target: autoDraw = True
18.0855 	DATA 	Keypress: escape
18.1737 	EXP 	window1: mouseVisible = True
