2.2696 	WARNING 	User requested fullscreen with size [1440  810], but screen is actually [2880, 1620]. Using actual size
3.5780 	EXP 	Created window1 = Window(allowGUI=False, allowStencil=False, args=UNKNOWN, autoLog=True, bitsMode=UNKNOWN, blendMode='avg', color=array([0., 0., 0.]), colorSpace='rgb', fullscr=UNKNOWN, gamma=None, kwargs=UNKNOWN, lms=UNKNOWN, monitor=<psychopy.monitors.calibTools.Monitor object at 0x000000001363B710>, multiSample=False, name='window1', numSamples=2, pos=[0, 0], screen=0, size=array([2880, 1620]), stereo=False, units=u'norm', useFBO=True, useRetina=False, viewOri=0.0, viewPos=None, viewScale=None, waitBlanking=True, winType=u'pyglet')
3.5781 	EXP 	window1: recordFrameIntervals = False
3.7422 	EXP 	window1: recordFrameIntervals = True
3.9257 	EXP 	window1: recordFrameIntervals = False
4.0107 	EXP 	Created instText = TextStim(alignHoriz='center', alignVert='center', antialias=True, autoLog=True, bold=False, color=u'white', colorSpace='named', contrast=1.0, depth=0.0, flipHoriz=False, flipVert=False, font=u'Arial', fontFiles=[], height=0.1, italic=False, name='instText', opacity=1.0, ori=0, pos=array([0., 0.]), rgb=array([255., 255., 255.]), text='What is your user code?\n', units=u'norm', win=Window(...), wrapWidth=1)
4.0196 	EXP 	Created target = TextStim(alignHoriz='center', alignVert='center', antialias=True, autoLog=True, bold=False, color=array([1., 1., 1.]), colorSpace='rgb', contrast=1.0, depth=0.0, flipHoriz=False, flipVert=False, font=u'Arial', fontFiles=[], height=0.1, italic=False, name='target', opacity=1.0, ori=0, pos=array([0., 0.]), rgb=array([1., 1., 1.]), text='default text', units=u'norm', win=Window(...), wrapWidth=1)
4.0629 	EXP 	Sound  set volume 1.000
4.0636 	WARNING 	Requested image u'robot_imgs/pr2' not found but similar filename u'robot_imgs/pr2.png' exists. This will be used instead but changing the filename is advised.
4.1103 	EXP 	Created image = ImageStim(autoLog=True, color=array([1., 1., 1.]), colorSpace='rgb', contrast=1.0, depth=-3.0, flipHoriz=False, flipVert=False, image=u'robot_imgs/pr2', interpolate=True, mask=None, maskParams=None, name='image', opacity=1.0, ori=0.0, pos=array([-0.3,  0. ]), size=array([0.53333333, 1.17283951]), texRes=128, units=u'norm', win=Window(...))
4.1107 	WARNING 	Requested image u'robot_imgs/pr2' not found but similar filename u'robot_imgs/pr2.png' exists. This will be used instead but changing the filename is advised.
4.1348 	EXP 	Created image_2 = ImageStim(autoLog=True, color=array([1., 1., 1.]), colorSpace='rgb', contrast=1.0, depth=-4.0, flipHoriz=False, flipVert=False, image=u'robot_imgs/pr2', interpolate=True, mask=None, maskParams=None, name='image_2', opacity=1.0, ori=0.0, pos=array([0., 0.]), size=array([180., 280.]), texRes=128, units='pix', win=Window(...))
4.1353 	WARNING 	Requested image u'robot_imgs/pr2' not found but similar filename u'robot_imgs/pr2.png' exists. This will be used instead but changing the filename is advised.
4.1593 	EXP 	Created image_3 = ImageStim(autoLog=True, color=array([1., 1., 1.]), colorSpace='rgb', contrast=1.0, depth=-5.0, flipHoriz=False, flipVert=False, image=u'robot_imgs/pr2', interpolate=True, mask=None, maskParams=None, name='image_3', opacity=1.0, ori=0.0, pos=array([-0.66,  0.  ]), size=array([0.53333333, 1.17283951]), texRes=128, units=u'norm', win=Window(...))
4.1719 	EXP 	instText: autoDraw = True
4.6627 	DATA 	Keypress: down
4.6658 	EXP 	Created sequence: random, trialTypes=1, nReps=1, seed=None
4.6670 	EXP 	New trial (rep=0, index=0): None
4.7401 	EXP 	window1: mouseVisible = True
2.6324 	WARNING 	User requested fullscreen with size [1440  810], but screen is actually [2880, 1620]. Using actual size
4.5501 	EXP 	Created window1 = Window(allowGUI=False, allowStencil=False, args=UNKNOWN, autoLog=True, bitsMode=UNKNOWN, blendMode='avg', color=array([0., 0., 0.]), colorSpace='rgb', fullscr=UNKNOWN, gamma=None, kwargs=UNKNOWN, lms=UNKNOWN, monitor=<psychopy.monitors.calibTools.Monitor object at 0x00000000130B8710>, multiSample=False, name='window1', numSamples=2, pos=[0, 0], screen=0, size=array([2880, 1620]), stereo=False, units=u'norm', useFBO=True, useRetina=False, viewOri=0.0, viewPos=None, viewScale=None, waitBlanking=True, winType=u'pyglet')
4.5502 	EXP 	window1: recordFrameIntervals = False
4.7173 	EXP 	window1: recordFrameIntervals = True
4.9006 	EXP 	window1: recordFrameIntervals = False
4.9875 	EXP 	Created instText = TextStim(alignHoriz='center', alignVert='center', antialias=True, autoLog=True, bold=False, color=u'white', colorSpace='named', contrast=1.0, depth=0.0, flipHoriz=False, flipVert=False, font=u'Arial', fontFiles=[], height=0.1, italic=False, name='instText', opacity=1.0, ori=0, pos=array([0., 0.]), rgb=array([255., 255., 255.]), text='What is your user code?\n', units=u'norm', win=Window(...), wrapWidth=1)
4.9962 	EXP 	Created target = TextStim(alignHoriz='center', alignVert='center', antialias=True, autoLog=True, bold=False, color=array([1., 1., 1.]), colorSpace='rgb', contrast=1.0, depth=0.0, flipHoriz=False, flipVert=False, font=u'Arial', fontFiles=[], height=0.1, italic=False, name='target', opacity=1.0, ori=0, pos=array([0., 0.]), rgb=array([1., 1., 1.]), text='default text', units=u'norm', win=Window(...), wrapWidth=1)
5.0375 	EXP 	Sound  set volume 1.000
5.0383 	WARNING 	Requested image u'robot_imgs/pr2' not found but similar filename u'robot_imgs/pr2.png' exists. This will be used instead but changing the filename is advised.
5.0673 	EXP 	Created image = ImageStim(autoLog=True, color=array([1., 1., 1.]), colorSpace='rgb', contrast=1.0, depth=-3.0, flipHoriz=False, flipVert=False, image=u'robot_imgs/pr2', interpolate=True, mask=None, maskParams=None, name='image', opacity=1.0, ori=0.0, pos=array([-0.3,  0. ]), size=array([0.53333333, 1.17283951]), texRes=128, units=u'norm', win=Window(...))
5.0678 	WARNING 	Requested image u'robot_imgs/pr2' not found but similar filename u'robot_imgs/pr2.png' exists. This will be used instead but changing the filename is advised.
5.0946 	EXP 	Created image_2 = ImageStim(autoLog=True, color=array([1., 1., 1.]), colorSpace='rgb', contrast=1.0, depth=-4.0, flipHoriz=False, flipVert=False, image=u'robot_imgs/pr2', interpolate=True, mask=None, maskParams=None, name='image_2', opacity=1.0, ori=0.0, pos=array([0., 0.]), size=array([180., 280.]), texRes=128, units='pix', win=Window(...))
5.0951 	WARNING 	Requested image u'robot_imgs/pr2' not found but similar filename u'robot_imgs/pr2.png' exists. This will be used instead but changing the filename is advised.
5.1223 	EXP 	Created image_3 = ImageStim(autoLog=True, color=array([1., 1., 1.]), colorSpace='rgb', contrast=1.0, depth=-5.0, flipHoriz=False, flipVert=False, image=u'robot_imgs/pr2', interpolate=True, mask=None, maskParams=None, name='image_3', opacity=1.0, ori=0.0, pos=array([-0.66,  0.  ]), size=array([0.53333333, 1.17283951]), texRes=128, units=u'norm', win=Window(...))
5.1350 	EXP 	instText: autoDraw = True
5.5384 	DATA 	Keypress: down
5.5407 	EXP 	Created sequence: random, trialTypes=1, nReps=1, seed=None
5.5415 	EXP 	New trial (rep=0, index=0): None
5.6529 	EXP 	window1: mouseVisible = True
