1.9992 	WARNING 	User requested fullscreen with size [1440  810], but screen is actually [1920, 1080]. Using actual size
2.2240 	EXP 	Created window1 = Window(allowGUI=True, allowStencil=False, args=UNKNOWN, autoLog=True, bitsMode=UNKNOWN, blendMode='avg', color=array([ 0.,  0.,  0.]), colorSpace='rgb', fullscr=UNKNOWN, gamma=None, kwargs=UNKNOWN, lms=UNKNOWN, monitor=<psychopy.monitors.calibTools.Monitor object at 0x7f550f78ecf8>, multiSample=False, name='window1', numSamples=2, pos=[0.0, 0.0], screen=0, size=array([1920, 1080]), stereo=False, units='norm', useFBO=True, useRetina=False, viewOri=0.0, viewPos=None, viewScale=None, waitBlanking=True, winType='pyglet')
2.2240 	EXP 	window1: recordFrameIntervals = False
2.2286 	EXP 	window1: recordFrameIntervals = True
2.2330 	EXP 	window1: recordFrameIntervals = False
2.2802 	EXP 	Created instText = TextStim(__class__=<class 'psychopy.visual.text.TextStim'>, alignHoriz='center', alignVert='center', antialias=True, autoLog=True, bold=False, color='white', colorSpace='named', contrast=1.0, depth=0.0, flipHoriz=False, flipVert=False, font='Arial', fontFiles=[], height=0.1, italic=False, name='instText', opacity=1.0, ori=0, pos=array([ 0.,  0.]), rgb=array([ 255.,  255.,  255.]), text='What is your user code?\n', units='norm', win=Window(...), wrapWidth=1)
2.2853 	EXP 	Created text = TextStim(__class__=<class 'psychopy.visual.text.TextStim'>, alignHoriz='center', alignVert='center', antialias=True, autoLog=True, bold=False, color='white', colorSpace='named', contrast=1.0, depth=0.0, flipHoriz=False, flipVert=False, font='Arial', fontFiles=[], height=0.1, italic=False, name='text', opacity=1.0, ori=0, pos=array([ 0. ,  0.8]), rgb=array([ 255.,  255.,  255.]), text='How much do you like me', units='norm', win=Window(...), wrapWidth=1)
2.3021 	EXP 	Created rating = RatingScale(__class__=type(...), acceptKeys=['return'], acceptPreText=UNKNOWN, acceptSize=UNKNOWN, acceptText='accept?', autoLog=True, choices=False, depth=0, disappear=False, flipVert=False, high=1, kwargs=UNKNOWN, labels=list(...), leftKeys=['left'], lineColor='White', low=0, marker=ShapeStim(...), markerColor='DarkBlue', markerExpansion=UNKNOWN, markerStart=None, maxTime=0.0, minTime=0.4, mouseOnly=False, name='rating', noMouse=False, pos=[0.0, -0.4], precision=100, respKeys=['0', '1'], rightKeys=['right'], scale='', self=UNKNOWN, showAccept=True, showValue=False, singleClick=False, size=0.6, skipKeys=['tab'], stretch=1.0, textColor='LightGray', textFont='Helvetica Bold', textSize=0.12, tickHeight=1.0, tickMarks=1.0, win=Window(...))
2.3093 	EXP 	Created rating_2 = RatingScale(__class__=type(...), acceptKeys=['return'], acceptPreText=UNKNOWN, acceptSize=UNKNOWN, acceptText=UNKNOWN, autoLog=True, choices=False, depth=0, disappear=False, flipVert=False, high=3, kwargs=UNKNOWN, labels=list(...), leftKeys=['left'], lineColor='White', low=1, marker=ShapeStim(...), markerColor='DarkBlue', markerExpansion=UNKNOWN, markerStart=None, maxTime=0.0, minTime=0.4, mouseOnly=False, name='rating_2', noMouse=False, pos=[0.0, -0.8], precision=1, respKeys=['1', '2', '3'], rightKeys=['right'], scale='', self=UNKNOWN, showAccept=False, showValue=True, singleClick=False, size=0.6, skipKeys=['tab'], stretch=1.0, textColor='LightGray', textFont='Helvetica Bold', textSize=0.12, tickHeight=1.0, tickMarks=2.0, win=Window(...))
2.3130 	EXP 	Created target = TextStim(__class__=<class 'psychopy.visual.text.TextStim'>, alignHoriz='center', alignVert='center', antialias=True, autoLog=True, bold=False, color='white', colorSpace='named', contrast=1.0, depth=0.0, flipHoriz=False, flipVert=False, font='Arial', fontFiles=[], height=0.1, italic=False, name='target', opacity=1.0, ori=0, pos=array([ 0.,  0.]), rgb=array([ 255.,  255.,  255.]), text='default text', units='norm', win=Window(...), wrapWidth=1)
2.3187 	EXP 	Sound  set volume 1.000
2.3193 	WARNING 	Requested image 'robot_imgs/pepper' not found but similar filename 'robot_imgs/pepper.png' exists. This will be used instead but changing the filename is advised.
2.4067 	EXP 	Created image = ImageStim(__class__=<class 'psychopy.visual.image.ImageStim'>, autoLog=True, color=array([ 1.,  1.,  1.]), colorSpace='rgb', contrast=1.0, depth=-3.0, flipHoriz=False, flipVert=False, image='robot_imgs/pepper', interpolate=True, mask=None, maskParams=None, name='image', opacity=1.0, ori=0.0, pos=array([ 0.,  0.]), size=array([ 256.        ,  316.66666667]), texRes=128, units='pix', win=Window(...))
2.4071 	WARNING 	Requested image 'robot_imgs/pr2' not found but similar filename 'robot_imgs/pr2.png' exists. This will be used instead but changing the filename is advised.
2.4563 	EXP 	Created image_2 = ImageStim(__class__=<class 'psychopy.visual.image.ImageStim'>, autoLog=True, color=array([ 1.,  1.,  1.]), colorSpace='rgb', contrast=1.0, depth=-4.0, flipHoriz=False, flipVert=False, image='robot_imgs/pr2', interpolate=True, mask=None, maskParams=None, name='image_2', opacity=1.0, ori=0.0, pos=array([-306.,    0.]), size=array([ 256.        ,  316.66666667]), texRes=128, units='pix', win=Window(...))
2.4567 	WARNING 	Requested image 'robot_imgs/casper' not found but similar filename 'robot_imgs/casper.png' exists. This will be used instead but changing the filename is advised.
2.5186 	EXP 	Created image_4 = ImageStim(__class__=<class 'psychopy.visual.image.ImageStim'>, autoLog=True, color=array([ 1.,  1.,  1.]), colorSpace='rgb', contrast=1.0, depth=-5.0, flipHoriz=False, flipVert=False, image='robot_imgs/casper', interpolate=True, mask=None, maskParams=None, name='image_4', opacity=1.0, ori=0.0, pos=array([ 306.,    0.]), size=array([ 256.        ,  316.66666667]), texRes=128, units='pix', win=Window(...))
2.5205 	EXP 	rating: flipVert = False
2.5205 	EXP 	rating: autoLog = True
2.5205 	EXP 	rating_2: flipVert = False
2.5205 	EXP 	rating_2: autoLog = True
2.5205 	EXP 	instText: autoDraw = True
2.8399 	DATA 	Keypress: down
2.8411 	EXP 	RatingScale rating: reset()
2.8414 	EXP 	RatingScale rating_2: reset()
2.8475 	EXP 	instText: autoDraw = False
2.8475 	EXP 	text: autoDraw = True
2.8475 	EXP 	rating: autoDraw = True
2.8475 	EXP 	rating_2: autoDraw = True
4.8543 	DATA 	Keypress: escape
4.8634 	EXP 	Imported sounds.xlsx as conditions, 14 conditions, 5 params
4.8637 	EXP 	Created sequence: random, trialTypes=14, nReps=1, seed=None
4.8641 	EXP 	New trial (rep=0, index=0): OrderedDict([('task_1', 'sounds/pepper_sydney/sentence_11.wav'), ('task_1_raw', 1), ('task_1_duration', 2), ('task_2', None), ('dummy', 'sounds/pepper_sydney/sentence_05.wav')])
4.8726 	EXP 	window1: mouseVisible = True
2.0031 	WARNING 	User requested fullscreen with size [1440  810], but screen is actually [1920, 1080]. Using actual size
2.2327 	EXP 	Created window1 = Window(allowGUI=True, allowStencil=False, args=UNKNOWN, autoLog=True, bitsMode=UNKNOWN, blendMode='avg', color=array([ 0.,  0.,  0.]), colorSpace='rgb', fullscr=UNKNOWN, gamma=None, kwargs=UNKNOWN, lms=UNKNOWN, monitor=<psychopy.monitors.calibTools.Monitor object at 0x7fe9b338dcf8>, multiSample=False, name='window1', numSamples=2, pos=[0.0, 0.0], screen=0, size=array([1920, 1080]), stereo=False, units='norm', useFBO=True, useRetina=False, viewOri=0.0, viewPos=None, viewScale=None, waitBlanking=True, winType='pyglet')
2.2327 	EXP 	window1: recordFrameIntervals = False
2.2373 	EXP 	window1: recordFrameIntervals = True
2.2391 	WARNING 	t of last frame was 0.65ms (=1/1541)
2.2420 	EXP 	window1: recordFrameIntervals = False
2.2892 	EXP 	Created instText = TextStim(__class__=<class 'psychopy.visual.text.TextStim'>, alignHoriz='center', alignVert='center', antialias=True, autoLog=True, bold=False, color='white', colorSpace='named', contrast=1.0, depth=0.0, flipHoriz=False, flipVert=False, font='Arial', fontFiles=[], height=0.1, italic=False, name='instText', opacity=1.0, ori=0, pos=array([ 0.,  0.]), rgb=array([ 255.,  255.,  255.]), text='What is your user code?\n', units='norm', win=Window(...), wrapWidth=1)
2.2942 	EXP 	Created text = TextStim(__class__=<class 'psychopy.visual.text.TextStim'>, alignHoriz='center', alignVert='center', antialias=True, autoLog=True, bold=False, color='white', colorSpace='named', contrast=1.0, depth=0.0, flipHoriz=False, flipVert=False, font='Arial', fontFiles=[], height=0.1, italic=False, name='text', opacity=1.0, ori=0, pos=array([ 0. ,  0.8]), rgb=array([ 255.,  255.,  255.]), text='How much do you like me', units='norm', win=Window(...), wrapWidth=1)
2.3112 	EXP 	Created rating = RatingScale(__class__=type(...), acceptKeys=['return'], acceptPreText=UNKNOWN, acceptSize=UNKNOWN, acceptText='accept?', autoLog=True, choices=False, depth=0, disappear=False, flipVert=False, high=1, kwargs=UNKNOWN, labels=list(...), leftKeys=['left'], lineColor='White', low=0, marker=ShapeStim(...), markerColor='DarkBlue', markerExpansion=UNKNOWN, markerStart=None, maxTime=0.0, minTime=0.4, mouseOnly=False, name='rating', noMouse=False, pos=[0.0, 0.0], precision=100, respKeys=['0', '1'], rightKeys=['right'], scale='', self=UNKNOWN, showAccept=True, showValue=False, singleClick=False, size=0.6, skipKeys=['tab'], stretch=1.0, textColor='LightGray', textFont='Helvetica Bold', textSize=0.12, tickHeight=1.0, tickMarks=1.0, win=Window(...))
2.3187 	EXP 	Created rating_2 = RatingScale(__class__=type(...), acceptKeys=['return'], acceptPreText=UNKNOWN, acceptSize=UNKNOWN, acceptText=UNKNOWN, autoLog=True, choices=False, depth=0, disappear=False, flipVert=False, high=3, kwargs=UNKNOWN, labels=list(...), leftKeys=['left'], lineColor='White', low=1, marker=ShapeStim(...), markerColor='DarkBlue', markerExpansion=UNKNOWN, markerStart=None, maxTime=0.0, minTime=0.4, mouseOnly=False, name='rating_2', noMouse=False, pos=[0.0, -0.4], precision=1, respKeys=['1', '2', '3'], rightKeys=['right'], scale='', self=UNKNOWN, showAccept=False, showValue=True, singleClick=False, size=0.6, skipKeys=['tab'], stretch=1.0, textColor='LightGray', textFont='Helvetica Bold', textSize=0.12, tickHeight=1.0, tickMarks=2.0, win=Window(...))
2.3224 	EXP 	Created target = TextStim(__class__=<class 'psychopy.visual.text.TextStim'>, alignHoriz='center', alignVert='center', antialias=True, autoLog=True, bold=False, color='white', colorSpace='named', contrast=1.0, depth=0.0, flipHoriz=False, flipVert=False, font='Arial', fontFiles=[], height=0.1, italic=False, name='target', opacity=1.0, ori=0, pos=array([ 0.,  0.]), rgb=array([ 255.,  255.,  255.]), text='default text', units='norm', win=Window(...), wrapWidth=1)
2.3281 	EXP 	Sound  set volume 1.000
2.3289 	WARNING 	Requested image 'robot_imgs/pepper' not found but similar filename 'robot_imgs/pepper.png' exists. This will be used instead but changing the filename is advised.
2.4225 	EXP 	Created image = ImageStim(__class__=<class 'psychopy.visual.image.ImageStim'>, autoLog=True, color=array([ 1.,  1.,  1.]), colorSpace='rgb', contrast=1.0, depth=-3.0, flipHoriz=False, flipVert=False, image='robot_imgs/pepper', interpolate=True, mask=None, maskParams=None, name='image', opacity=1.0, ori=0.0, pos=array([ 0.,  0.]), size=array([ 256.        ,  316.66666667]), texRes=128, units='pix', win=Window(...))
2.4228 	WARNING 	Requested image 'robot_imgs/pr2' not found but similar filename 'robot_imgs/pr2.png' exists. This will be used instead but changing the filename is advised.
2.4725 	EXP 	Created image_2 = ImageStim(__class__=<class 'psychopy.visual.image.ImageStim'>, autoLog=True, color=array([ 1.,  1.,  1.]), colorSpace='rgb', contrast=1.0, depth=-4.0, flipHoriz=False, flipVert=False, image='robot_imgs/pr2', interpolate=True, mask=None, maskParams=None, name='image_2', opacity=1.0, ori=0.0, pos=array([-306.,    0.]), size=array([ 256.        ,  316.66666667]), texRes=128, units='pix', win=Window(...))
2.4728 	WARNING 	Requested image 'robot_imgs/casper' not found but similar filename 'robot_imgs/casper.png' exists. This will be used instead but changing the filename is advised.
2.5348 	EXP 	Created image_4 = ImageStim(__class__=<class 'psychopy.visual.image.ImageStim'>, autoLog=True, color=array([ 1.,  1.,  1.]), colorSpace='rgb', contrast=1.0, depth=-5.0, flipHoriz=False, flipVert=False, image='robot_imgs/casper', interpolate=True, mask=None, maskParams=None, name='image_4', opacity=1.0, ori=0.0, pos=array([ 306.,    0.]), size=array([ 256.        ,  316.66666667]), texRes=128, units='pix', win=Window(...))
2.5368 	EXP 	rating: flipVert = False
2.5368 	EXP 	rating: autoLog = True
2.5368 	EXP 	rating_2: flipVert = False
2.5368 	EXP 	rating_2: autoLog = True
2.5368 	EXP 	instText: autoDraw = True
2.6710 	DATA 	Keypress: down
2.6719 	EXP 	RatingScale rating: reset()
2.6723 	EXP 	RatingScale rating_2: reset()
2.6786 	EXP 	instText: autoDraw = False
2.6786 	EXP 	text: autoDraw = True
2.6786 	EXP 	rating: autoDraw = True
2.6786 	EXP 	rating_2: autoDraw = True
4.4618 	DATA 	Mouse: Left button down, pos=(953,326)
4.6293 	DATA 	Mouse:  Left button up, pos=(959,326)
4.9898 	DATA 	Mouse: Left button down, pos=(1045,327)
5.1096 	DATA 	Mouse:  Left button up, pos=(1045,327)
5.4294 	DATA 	Mouse: Left button down, pos=(1149,326)
5.5577 	DATA 	Mouse:  Left button up, pos=(1149,325)
6.1660 	DATA 	Mouse: Left button down, pos=(970,332)
6.3177 	DATA 	Mouse:  Left button up, pos=(970,332)
7.0781 	DATA 	Mouse: Left button down, pos=(684,321)
7.2454 	DATA 	Mouse:  Left button up, pos=(684,321)
9.7813 	DATA 	Mouse: Left button down, pos=(957,324)
9.9337 	DATA 	Mouse:  Left button up, pos=(960,327)
10.6059 	DATA 	Mouse: Left button down, pos=(1229,324)
10.7577 	DATA 	Mouse:  Left button up, pos=(1232,325)
10.9617 	DATA 	Keypress: escape
10.9700 	EXP 	Imported sounds.xlsx as conditions, 14 conditions, 5 params
10.9703 	EXP 	Created sequence: random, trialTypes=14, nReps=1, seed=None
10.9706 	EXP 	New trial (rep=0, index=0): OrderedDict([('task_1', 'sounds/pepper_sydney/sentence_09.wav'), ('task_1_raw', 2), ('task_1_duration', 3), ('task_2', None), ('dummy', 'sounds/pepper_sydney/sentence_05.wav')])
10.9792 	EXP 	window1: mouseVisible = True
