2.2205 	WARNING 	User requested fullscreen with size [1440  810], but screen is actually [1920, 1080]. Using actual size
2.4481 	EXP 	Created window1 = Window(allowGUI=False, allowStencil=False, args=UNKNOWN, autoLog=True, bitsMode=UNKNOWN, blendMode='avg', color=array([ 0.,  0.,  0.]), colorSpace='rgb', fullscr=UNKNOWN, gamma=None, kwargs=UNKNOWN, lms=UNKNOWN, monitor=<psychopy.monitors.calibTools.Monitor object at 0x7f6ce447b860>, multiSample=False, name='window1', numSamples=2, pos=[0.0, 0.0], screen=0, size=array([1920, 1080]), stereo=False, units='norm', useFBO=True, useRetina=False, viewOri=0.0, viewPos=None, viewScale=None, waitBlanking=True, winType='pyglet')
2.4481 	EXP 	window1: recordFrameIntervals = False
2.4534 	EXP 	window1: recordFrameIntervals = True
2.4585 	EXP 	window1: recordFrameIntervals = False
2.5049 	EXP 	Created instText = TextStim(__class__=<class 'psychopy.visual.text.TextStim'>, alignHoriz='center', alignVert='center', antialias=True, autoLog=True, bold=False, color='white', colorSpace='named', contrast=1.0, depth=0.0, flipHoriz=False, flipVert=False, font='Arial', fontFiles=[], height=0.1, italic=False, name='instText', opacity=1.0, ori=0, pos=array([ 0.,  0.]), rgb=array([ 255.,  255.,  255.]), text='What is your user code?\n', units='norm', win=Window(...), wrapWidth=1)
2.5091 	EXP 	Created target = TextStim(__class__=<class 'psychopy.visual.text.TextStim'>, alignHoriz='center', alignVert='center', antialias=True, autoLog=True, bold=False, color='white', colorSpace='named', contrast=1.0, depth=0.0, flipHoriz=False, flipVert=False, font='Arial', fontFiles=[], height=0.1, italic=False, name='target', opacity=1.0, ori=0, pos=array([ 0.,  0.]), rgb=array([ 255.,  255.,  255.]), text='default text', units='norm', win=Window(...), wrapWidth=1)
2.5128 	EXP 	Sound  set volume 1.000
2.5146 	EXP 	instText: autoDraw = True
3.3709 	DATA 	Keypress: down
3.3797 	EXP 	Imported sounds.xlsx as conditions, 14 conditions, 4 params
3.3800 	EXP 	Created sequence: random, trialTypes=14, nReps=1, seed=None
3.3803 	EXP 	New trial (rep=0, index=0): OrderedDict([('voice1', 'sounds/pepper_sydney/sentence_08.wav'), ('task_1_raw', 1), ('task_1_duration', 2), ('test', 'sounds/pepper_sydney/sentence_05.wav')])
3.3909 	EXP 	instText: autoDraw = False
3.3909 	EXP 	target: text = 'sounds/pepper_sydney/sentence_08.wav'
3.8816 	EXP 	target: autoDraw = True
4.7186 	DATA 	Keypress: down
4.7193 	EXP 	New trial (rep=0, index=1): OrderedDict([('voice1', 'sounds/pepper_sydney/sentence_04.wav'), ('task_1_raw', 1), ('task_1_duration', 2), ('test', 'sounds/pepper_sydney/sentence_05.wav')])
4.7252 	EXP 	target: autoDraw = False
4.7252 	EXP 	target: text = 'sounds/pepper_sydney/sentence_04.wav'
5.2206 	EXP 	target: autoDraw = True
7.2444 	DATA 	Keypress: down
7.2453 	EXP 	New trial (rep=0, index=2): OrderedDict([('voice1', 'sounds/pepper_sydney/sentence_07.wav'), ('task_1_raw', 2), ('task_1_duration', 3), ('test', 'sounds/pepper_sydney/sentence_05.wav')])
7.2519 	EXP 	target: autoDraw = False
7.2519 	EXP 	target: text = 'sounds/pepper_sydney/sentence_07.wav'
7.7469 	EXP 	target: autoDraw = True
8.4465 	DATA 	Keypress: down
8.4470 	EXP 	New trial (rep=0, index=3): OrderedDict([('voice1', 'sounds/pepper_sydney/sentence_14.wav'), ('task_1_raw', 1), ('task_1_duration', 2), ('test', 'sounds/pepper_sydney/sentence_05.wav')])
8.4535 	EXP 	target: autoDraw = False
8.4535 	EXP 	target: text = 'sounds/pepper_sydney/sentence_14.wav'
8.9486 	EXP 	target: autoDraw = True
9.7174 	DATA 	Keypress: escape
9.7228 	EXP 	window1: mouseVisible = True
1.9129 	WARNING 	User requested fullscreen with size [1440  810], but screen is actually [1920, 1080]. Using actual size
2.1578 	EXP 	Created window1 = Window(allowGUI=False, allowStencil=False, args=UNKNOWN, autoLog=True, bitsMode=UNKNOWN, blendMode='avg', color=array([ 0.,  0.,  0.]), colorSpace='rgb', fullscr=UNKNOWN, gamma=None, kwargs=UNKNOWN, lms=UNKNOWN, monitor=<psychopy.monitors.calibTools.Monitor object at 0x7f81f9cd1860>, multiSample=False, name='window1', numSamples=2, pos=[0.0, 0.0], screen=0, size=array([1920, 1080]), stereo=False, units='norm', useFBO=True, useRetina=False, viewOri=0.0, viewPos=None, viewScale=None, waitBlanking=True, winType='pyglet')
2.1578 	EXP 	window1: recordFrameIntervals = False
2.1625 	EXP 	window1: recordFrameIntervals = True
2.1669 	EXP 	window1: recordFrameIntervals = False
2.2135 	EXP 	Created instText = TextStim(__class__=<class 'psychopy.visual.text.TextStim'>, alignHoriz='center', alignVert='center', antialias=True, autoLog=True, bold=False, color='white', colorSpace='named', contrast=1.0, depth=0.0, flipHoriz=False, flipVert=False, font='Arial', fontFiles=[], height=0.1, italic=False, name='instText', opacity=1.0, ori=0, pos=array([ 0.,  0.]), rgb=array([ 255.,  255.,  255.]), text='What is your user code?\n', units='norm', win=Window(...), wrapWidth=1)
2.2177 	EXP 	Created target = TextStim(__class__=<class 'psychopy.visual.text.TextStim'>, alignHoriz='center', alignVert='center', antialias=True, autoLog=True, bold=False, color='white', colorSpace='named', contrast=1.0, depth=0.0, flipHoriz=False, flipVert=False, font='Arial', fontFiles=[], height=0.1, italic=False, name='target', opacity=1.0, ori=0, pos=array([ 0.,  0.]), rgb=array([ 255.,  255.,  255.]), text='default text', units='norm', win=Window(...), wrapWidth=1)
2.2212 	EXP 	Sound  set volume 1.000
2.2233 	EXP 	instText: autoDraw = True
2.9019 	DATA 	Keypress: down
2.9104 	EXP 	Imported sounds.xlsx as conditions, 14 conditions, 4 params
2.9107 	EXP 	Created sequence: random, trialTypes=14, nReps=1, seed=None
2.9110 	EXP 	New trial (rep=0, index=0): OrderedDict([('voice1', 'sounds/pepper_sydney/sentence_13.wav'), ('task_1_raw', 1), ('task_1_duration', 2), ('test', 'sounds/pepper_sydney/sentence_05.wav')])
2.9205 	EXP 	instText: autoDraw = False
2.9205 	EXP 	target: text = 'sounds/pepper_sydney/sentence_13.wav'
3.4124 	EXP 	target: autoDraw = True
6.3933 	DATA 	Keypress: down
6.3939 	EXP 	New trial (rep=0, index=1): OrderedDict([('voice1', 'sounds/pepper_sydney/sentence_16.wav'), ('task_1_raw', 1), ('task_1_duration', 2), ('test', 'sounds/pepper_sydney/sentence_05.wav')])
6.4000 	EXP 	target: autoDraw = False
6.4000 	EXP 	target: text = 'sounds/pepper_sydney/sentence_16.wav'
6.8953 	EXP 	target: autoDraw = True
9.0579 	DATA 	Keypress: down
9.0583 	EXP 	New trial (rep=0, index=2): OrderedDict([('voice1', 'sounds/pepper_sydney/sentence_15.wav'), ('task_1_raw', 1), ('task_1_duration', 2), ('test', 'sounds/pepper_sydney/sentence_05.wav')])
9.0644 	EXP 	target: autoDraw = False
9.0644 	EXP 	target: text = 'sounds/pepper_sydney/sentence_15.wav'
9.5595 	EXP 	target: autoDraw = True
10.9412 	DATA 	Keypress: down
10.9422 	EXP 	New trial (rep=0, index=3): OrderedDict([('voice1', 'sounds/pepper_sydney/sentence_06.wav'), ('task_1_raw', 1), ('task_1_duration', 2), ('test', 'sounds/pepper_sydney/sentence_05.wav')])
10.9480 	EXP 	target: autoDraw = False
10.9480 	EXP 	target: text = 'sounds/pepper_sydney/sentence_06.wav'
11.4436 	EXP 	target: autoDraw = True
12.5691 	DATA 	Keypress: down
12.5700 	EXP 	New trial (rep=0, index=4): OrderedDict([('voice1', 'sounds/pepper_sydney/sentence_10.wav'), ('task_1_raw', 2), ('task_1_duration', 3), ('test', 'sounds/pepper_sydney/sentence_05.wav')])
12.5758 	EXP 	target: autoDraw = False
12.5758 	EXP 	target: text = 'sounds/pepper_sydney/sentence_10.wav'
13.0714 	EXP 	target: autoDraw = True
13.9866 	DATA 	Keypress: escape
13.9949 	EXP 	window1: mouseVisible = True
