2.9187 	WARNING 	User requested fullscreen with size [1440  810], but screen is actually [2880, 1620]. Using actual size
4.5658 	EXP 	Created window1 = Window(allowGUI=False, allowStencil=False, args=UNKNOWN, autoLog=True, bitsMode=UNKNOWN, blendMode='avg', color=array([0., 0., 0.]), colorSpace='rgb', fullscr=UNKNOWN, gamma=None, kwargs=UNKNOWN, lms=UNKNOWN, monitor=<psychopy.monitors.calibTools.Monitor object at 0x0000000012F8E710>, multiSample=False, name='window1', numSamples=2, pos=[0, 0], screen=0, size=array([2880, 1620]), stereo=False, units=u'norm', useFBO=True, useRetina=False, viewOri=0.0, viewPos=None, viewScale=None, waitBlanking=True, winType=u'pyglet')
4.5658 	EXP 	window1: recordFrameIntervals = False
4.7312 	EXP 	window1: recordFrameIntervals = True
4.9153 	EXP 	window1: recordFrameIntervals = False
4.9766 	EXP 	Created instText = TextStim(alignHoriz='center', alignVert='center', antialias=True, autoLog=True, bold=False, color=u'white', colorSpace='named', contrast=1.0, depth=0.0, flipHoriz=False, flipVert=False, font=u'Arial', fontFiles=[], height=0.1, italic=False, name='instText', opacity=1.0, ori=0, pos=array([0., 0.]), rgb=array([255., 255., 255.]), text='What is your user code?\n', units=u'norm', win=Window(...), wrapWidth=1)
4.9853 	EXP 	Created target = TextStim(alignHoriz='center', alignVert='center', antialias=True, autoLog=True, bold=False, color=array([1., 1., 1.]), colorSpace='rgb', contrast=1.0, depth=0.0, flipHoriz=False, flipVert=False, font=u'Arial', fontFiles=[], height=0.1, italic=False, name='target', opacity=1.0, ori=0, pos=array([0., 0.]), rgb=array([1., 1., 1.]), text='default text', units=u'norm', win=Window(...), wrapWidth=1)
5.0305 	EXP 	Sound  set volume 1.000
5.0312 	WARNING 	Requested image u'robot_img/pr2' not found but similar filename u'robot_img/pr2.jpg' exists. This will be used instead but changing the filename is advised.
5.0357 	EXP 	Created image = ImageStim(autoLog=True, color=array([1., 1., 1.]), colorSpace='rgb', contrast=1.0, depth=-3.0, flipHoriz=False, flipVert=False, image=u'robot_img/pr2', interpolate=True, mask=None, maskParams=None, name='image', opacity=1.0, ori=0.0, pos=array([-0.3,  0. ]), size=array([1.8, 2.8]), texRes=128, units=u'norm', win=Window(...))
5.0362 	WARNING 	Requested image u'robot_img/pr2' not found but similar filename u'robot_img/pr2.jpg' exists. This will be used instead but changing the filename is advised.
5.0397 	EXP 	Created image_2 = ImageStim(autoLog=True, color=array([1., 1., 1.]), colorSpace='rgb', contrast=1.0, depth=-4.0, flipHoriz=False, flipVert=False, image=u'robot_img/pr2', interpolate=True, mask=None, maskParams=None, name='image_2', opacity=1.0, ori=0.0, pos=array([0., 0.]), size=array([1., 2.]), texRes=128, units='cm', win=Window(...))
5.0401 	WARNING 	Requested image u'robot_img/pr2' not found but similar filename u'robot_img/pr2.jpg' exists. This will be used instead but changing the filename is advised.
5.0427 	EXP 	Created image_3 = ImageStim(autoLog=True, color=array([1., 1., 1.]), colorSpace='rgb', contrast=1.0, depth=-5.0, flipHoriz=False, flipVert=False, image=u'robot_img/pr2', interpolate=True, mask=None, maskParams=None, name='image_3', opacity=1.0, ori=0.0, pos=array([-0.66,  0.  ]), size=array([0.125     , 0.34567901]), texRes=128, units=u'norm', win=Window(...))
5.0552 	EXP 	instText: autoDraw = True
6.0401 	DATA 	Keypress: down
6.0548 	EXP 	Imported conditions.xlsx as conditions, 6 conditions, 4 params
6.0551 	EXP 	Created sequence: random, trialTypes=6, nReps=1, seed=None
6.0554 	EXP 	New trial (rep=0, index=0): OrderedDict([(u'word', u'green'), (u'colour', u'green'), (u'congruent', 1), (u'corrAns', u'down')])
6.0801 	EXP 	instText: autoDraw = False
6.0801 	EXP 	target: color = u'green (named)'
6.0801 	EXP 	target: text = u'green'
6.0801 	EXP 	image: autoDraw = True
6.0801 	EXP 	image_2: autoDraw = True
6.0801 	EXP 	image_3: autoDraw = True
6.5880 	EXP 	target: autoDraw = True
10.5839 	EXP 	target: autoDraw = False
15.6720 	DATA 	Keypress: down
15.6762 	EXP 	New trial (rep=0, index=1): OrderedDict([(u'word', u'red'), (u'colour', u'green'), (u'congruent', 0), (u'corrAns', u'down')])
15.7046 	EXP 	target: autoDraw = False
15.7046 	EXP 	image: autoDraw = False
15.7046 	EXP 	image_2: autoDraw = False
15.7046 	EXP 	image_3: autoDraw = False
15.7046 	EXP 	target: color = u'green (named)'
15.7046 	EXP 	target: text = u'red'
15.7046 	EXP 	image: autoDraw = True
15.7046 	EXP 	image_2: autoDraw = True
15.7046 	EXP 	image_3: autoDraw = True
16.2058 	EXP 	target: autoDraw = True
17.2896 	DATA 	Keypress: escape
17.3706 	EXP 	window1: mouseVisible = True
