3.2443 	WARNING 	User requested fullscreen with size [1440  810], but screen is actually [2880, 1620]. Using actual size
6.1037 	WARNING 	Couldn't measure a consistent frame rate.
  - Is your graphics card set to sync to vertical blank?
  - Are you running other processes on your computer?

6.1048 	EXP 	Created window1 = Window(allowGUI=False, allowStencil=False, args=UNKNOWN, autoLog=True, bitsMode=UNKNOWN, blendMode='avg', color=array([0., 0., 0.]), colorSpace='rgb', fullscr=UNKNOWN, gamma=None, kwargs=UNKNOWN, lms=UNKNOWN, monitor=<psychopy.monitors.calibTools.Monitor object at 0x0000000012CE1710>, multiSample=False, name='window1', numSamples=2, pos=[0, 0], screen=0, size=array([2880, 1620]), stereo=False, units=u'norm', useFBO=True, useRetina=False, viewOri=0.0, viewPos=None, viewScale=None, waitBlanking=True, winType=u'pyglet')
6.1049 	EXP 	window1: recordFrameIntervals = False
6.3186 	EXP 	window1: recordFrameIntervals = True
6.3639 	WARNING 	t of last frame was 26.88ms (=1/37)
6.4312 	WARNING 	t of last frame was 28.32ms (=1/35)
6.4524 	WARNING 	t of last frame was 21.18ms (=1/47)
6.4762 	WARNING 	t of last frame was 23.82ms (=1/41)
6.5023 	WARNING 	Multiple dropped frames have occurred - I'll stop bothering you about them!
7.0796 	EXP 	window1: recordFrameIntervals = True
7.1715 	EXP 	Created instText = TextStim(alignHoriz='center', alignVert='center', antialias=True, autoLog=True, bold=False, color=u'white', colorSpace='named', contrast=1.0, depth=0.0, flipHoriz=False, flipVert=False, font=u'Arial', fontFiles=[], height=0.1, italic=False, name='instText', opacity=1.0, ori=0, pos=array([0., 0.]), rgb=array([255., 255., 255.]), text='What is your user code?\n', units=u'norm', win=Window(...), wrapWidth=1)
7.1802 	EXP 	Created target = TextStim(alignHoriz='center', alignVert='center', antialias=True, autoLog=True, bold=False, color=array([1., 1., 1.]), colorSpace='rgb', contrast=1.0, depth=0.0, flipHoriz=False, flipVert=False, font=u'Arial', fontFiles=[], height=0.1, italic=False, name='target', opacity=1.0, ori=0, pos=array([0., 0.]), rgb=array([1., 1., 1.]), text='default text', units=u'norm', win=Window(...), wrapWidth=1)
7.2596 	EXP 	Sound  set volume 1.000
7.2602 	WARNING 	Requested image u'robot_img/pr2' not found but similar filename u'robot_img/pr2.jpg' exists. This will be used instead but changing the filename is advised.
7.2685 	EXP 	Created image = ImageStim(autoLog=True, color=array([1., 1., 1.]), colorSpace='rgb', contrast=1.0, depth=-3.0, flipHoriz=False, flipVert=False, image=u'robot_img/pr2', interpolate=True, mask=None, maskParams=None, name='image', opacity=1.0, ori=0.0, pos=array([0., 0.]), size=array([0.5, 0.5]), texRes=128, units=u'norm', win=Window(...))
7.2832 	EXP 	instText: autoDraw = True
7.8473 	DATA 	Keypress: down
7.8893 	EXP 	Imported conditions.xlsx as conditions, 6 conditions, 4 params
7.8904 	EXP 	Created sequence: random, trialTypes=6, nReps=1, seed=None
7.8914 	EXP 	New trial (rep=0, index=0): OrderedDict([(u'word', u'blue'), (u'colour', u'blue'), (u'congruent', 1), (u'corrAns', u'right')])
7.9140 	EXP 	instText: autoDraw = False
7.9140 	EXP 	target: color = u'blue (named)'
7.9140 	EXP 	target: text = u'blue'
7.9140 	EXP 	image: autoDraw = True
8.4153 	EXP 	target: autoDraw = True
8.9319 	EXP 	image: autoDraw = False
10.4470 	DATA 	Keypress: down
10.4494 	EXP 	New trial (rep=0, index=1): OrderedDict([(u'word', u'green'), (u'colour', u'green'), (u'congruent', 1), (u'corrAns', u'down')])
10.4860 	EXP 	target: autoDraw = False
10.4860 	EXP 	image: autoDraw = False
10.4860 	EXP 	target: color = u'green (named)'
10.4860 	EXP 	target: text = u'green'
10.4860 	EXP 	image: autoDraw = True
10.9807 	EXP 	target: autoDraw = True
11.4754 	EXP 	image: autoDraw = False
11.6654 	DATA 	Keypress: down
11.6675 	EXP 	New trial (rep=0, index=2): OrderedDict([(u'word', u'red'), (u'colour', u'green'), (u'congruent', 0), (u'corrAns', u'down')])
11.6942 	EXP 	target: autoDraw = False
11.6942 	EXP 	image: autoDraw = False
11.6942 	EXP 	target: color = u'green (named)'
11.6942 	EXP 	target: text = u'red'
11.6942 	EXP 	image: autoDraw = True
12.1994 	EXP 	target: autoDraw = True
12.7007 	EXP 	image: autoDraw = False
13.2657 	DATA 	Keypress: escape
13.3435 	EXP 	window1: mouseVisible = True
