2.6632 	WARNING 	User requested fullscreen with size [1440  810], but screen is actually [2880, 1620]. Using actual size
3.9788 	EXP 	Created window1 = Window(allowGUI=False, allowStencil=False, args=UNKNOWN, autoLog=True, bitsMode=UNKNOWN, blendMode='avg', color=array([0., 0., 0.]), colorSpace='rgb', fullscr=UNKNOWN, gamma=None, kwargs=UNKNOWN, lms=UNKNOWN, monitor=<psychopy.monitors.calibTools.Monitor object at 0x0000000013363710>, multiSample=False, name='window1', numSamples=2, pos=[0, 0], screen=0, size=array([2880, 1620]), stereo=False, units=u'norm', useFBO=True, useRetina=False, viewOri=0.0, viewPos=None, viewScale=None, waitBlanking=True, winType=u'pyglet')
3.9789 	EXP 	window1: recordFrameIntervals = False
4.1438 	EXP 	window1: recordFrameIntervals = True
4.3275 	EXP 	window1: recordFrameIntervals = False
4.3967 	EXP 	Created instText = TextStim(alignHoriz='center', alignVert='center', antialias=True, autoLog=True, bold=False, color='white', colorSpace='named', contrast=1.0, depth=0.0, flipHoriz=False, flipVert=False, font='Arial', fontFiles=[], height=0.1, italic=False, name='instText', opacity=1.0, ori=0, pos=array([0., 0.]), rgb=array([255., 255., 255.]), text='What is your user code?\n', units=u'norm', win=Window(...), wrapWidth=1)
4.4071 	EXP 	Created target = TextStim(alignHoriz='center', alignVert='center', antialias=True, autoLog=True, bold=False, color=u'white', colorSpace='named', contrast=1.0, depth=0.0, flipHoriz=False, flipVert=False, font=u'Arial', fontFiles=[], height=0.1, italic=False, name='target', opacity=1.0, ori=0, pos=array([0., 0.]), rgb=array([255., 255., 255.]), text='default text', units=u'norm', win=Window(...), wrapWidth=1)
4.4489 	EXP 	Sound  set volume 1.000
4.4631 	EXP 	instText: autoDraw = True
5.6490 	DATA 	Keypress: down
5.7168 	EXP 	Imported sounds.xlsx as conditions, 14 conditions, 6 params
5.7173 	EXP 	Created sequence: random, trialTypes=14, nReps=1, seed=None
5.7179 	EXP 	New trial (rep=0, index=0): OrderedDict([(u'task_1', u'sounds/pepper_sydney/sentence_14'), (u'task_1_raw', 1), (u'task_1_duration', 2), (u'task_2', None), (u'task_2_raw', None), (u'task_2_duration', None)])
5.7781 	EXP 	window1: mouseVisible = True
2.6264 	WARNING 	User requested fullscreen with size [1440  810], but screen is actually [2880, 1620]. Using actual size
4.0045 	EXP 	Created window1 = Window(allowGUI=False, allowStencil=False, args=UNKNOWN, autoLog=True, bitsMode=UNKNOWN, blendMode='avg', color=array([0., 0., 0.]), colorSpace='rgb', fullscr=UNKNOWN, gamma=None, kwargs=UNKNOWN, lms=UNKNOWN, monitor=<psychopy.monitors.calibTools.Monitor object at 0x00000000136A6710>, multiSample=False, name='window1', numSamples=2, pos=[0, 0], screen=0, size=array([2880, 1620]), stereo=False, units=u'norm', useFBO=True, useRetina=False, viewOri=0.0, viewPos=None, viewScale=None, waitBlanking=True, winType=u'pyglet')
4.0046 	EXP 	window1: recordFrameIntervals = False
4.1863 	EXP 	window1: recordFrameIntervals = True
4.3701 	EXP 	window1: recordFrameIntervals = False
4.4623 	EXP 	Created instText = TextStim(alignHoriz='center', alignVert='center', antialias=True, autoLog=True, bold=False, color='white', colorSpace='named', contrast=1.0, depth=0.0, flipHoriz=False, flipVert=False, font='Arial', fontFiles=[], height=0.1, italic=False, name='instText', opacity=1.0, ori=0, pos=array([0., 0.]), rgb=array([255., 255., 255.]), text='What is your user code?\n', units=u'norm', win=Window(...), wrapWidth=1)
4.4705 	EXP 	Created target = TextStim(alignHoriz='center', alignVert='center', antialias=True, autoLog=True, bold=False, color=u'white', colorSpace='named', contrast=1.0, depth=0.0, flipHoriz=False, flipVert=False, font=u'Arial', fontFiles=[], height=0.1, italic=False, name='target', opacity=1.0, ori=0, pos=array([0., 0.]), rgb=array([255., 255., 255.]), text='default text', units=u'norm', win=Window(...), wrapWidth=1)
4.5028 	EXP 	window1: mouseVisible = True
1.9971 	WARNING 	User requested fullscreen with size [1440  810], but screen is actually [2880, 1620]. Using actual size
3.2853 	EXP 	Created window1 = Window(allowGUI=False, allowStencil=False, args=UNKNOWN, autoLog=True, bitsMode=UNKNOWN, blendMode='avg', color=array([0., 0., 0.]), colorSpace='rgb', fullscr=UNKNOWN, gamma=None, kwargs=UNKNOWN, lms=UNKNOWN, monitor=<psychopy.monitors.calibTools.Monitor object at 0x0000000013086710>, multiSample=False, name='window1', numSamples=2, pos=[0, 0], screen=0, size=array([2880, 1620]), stereo=False, units=u'norm', useFBO=True, useRetina=False, viewOri=0.0, viewPos=None, viewScale=None, waitBlanking=True, winType=u'pyglet')
3.2854 	EXP 	window1: recordFrameIntervals = False
3.4488 	EXP 	window1: recordFrameIntervals = True
3.6312 	EXP 	window1: recordFrameIntervals = False
3.6978 	EXP 	Created instText = TextStim(alignHoriz='center', alignVert='center', antialias=True, autoLog=True, bold=False, color='white', colorSpace='named', contrast=1.0, depth=0.0, flipHoriz=False, flipVert=False, font='Arial', fontFiles=[], height=0.1, italic=False, name='instText', opacity=1.0, ori=0, pos=array([0., 0.]), rgb=array([255., 255., 255.]), text='What is your user code?\n', units=u'norm', win=Window(...), wrapWidth=1)
3.7067 	EXP 	Created target = TextStim(alignHoriz='center', alignVert='center', antialias=True, autoLog=True, bold=False, color=u'white', colorSpace='named', contrast=1.0, depth=0.0, flipHoriz=False, flipVert=False, font=u'Arial', fontFiles=[], height=0.1, italic=False, name='target', opacity=1.0, ori=0, pos=array([0., 0.]), rgb=array([255., 255., 255.]), text='default text', units=u'norm', win=Window(...), wrapWidth=1)
3.7492 	EXP 	Sound  set volume 1.000
3.7633 	EXP 	instText: autoDraw = True
4.7207 	DATA 	Keypress: down
4.7574 	EXP 	Imported sounds.xlsx as conditions, 14 conditions, 6 params
4.7583 	EXP 	Created sequence: random, trialTypes=14, nReps=1, seed=None
4.7590 	EXP 	New trial (rep=0, index=0): OrderedDict([(u'task_1', u'sounds/pepper_sydney/sentence_12'), (u'task_1_raw', 2), (u'task_1_duration', 3), (u'task_2', None), (u'task_2_raw', None), (u'task_2_duration', None)])
4.7863 	EXP 	instText: autoDraw = False
4.7863 	EXP 	target: text = u'sounds/pepper_sydney/sentence_12'
5.2854 	EXP 	target: autoDraw = True
9.2691 	EXP 	target: autoDraw = False
10.4870 	DATA 	Keypress: down
10.4893 	EXP 	New trial (rep=0, index=1): OrderedDict([(u'task_1', u'sounds/pepper_sydney/sentence_16'), (u'task_1_raw', 1), (u'task_1_duration', 2), (u'task_2', None), (u'task_2_raw', None), (u'task_2_duration', None)])
10.5393 	EXP 	target: autoDraw = False
10.5393 	EXP 	target: text = u'sounds/pepper_sydney/sentence_16'
11.0216 	EXP 	target: autoDraw = True
12.7554 	DATA 	Keypress: escape
12.8458 	EXP 	window1: mouseVisible = True
