8.0355 	WARNING 	User requested fullscreen with size [1440  810], but screen is actually [2880, 1620]. Using actual size
10.8153 	WARNING 	Couldn't measure a consistent frame rate.
  - Is your graphics card set to sync to vertical blank?
  - Are you running other processes on your computer?

10.8164 	EXP 	Created window1 = Window(allowGUI=False, allowStencil=False, args=UNKNOWN, autoLog=True, bitsMode=UNKNOWN, blendMode='avg', color=array([0., 0., 0.]), colorSpace='rgb', fullscr=UNKNOWN, gamma=None, kwargs=UNKNOWN, lms=UNKNOWN, monitor=<psychopy.monitors.calibTools.Monitor object at 0x00000000134AB6D8>, multiSample=False, name='window1', numSamples=2, pos=[0, 0], screen=0, size=array([2880, 1620]), stereo=False, units=u'norm', useFBO=True, useRetina=False, viewOri=0.0, viewPos=None, viewScale=None, waitBlanking=True, winType=u'pyglet')
10.8165 	EXP 	window1: recordFrameIntervals = False
11.0188 	EXP 	window1: recordFrameIntervals = True
11.1296 	WARNING 	t of last frame was 27.41ms (=1/36)
11.2130 	WARNING 	t of last frame was 27.33ms (=1/36)
11.2964 	WARNING 	t of last frame was 27.22ms (=1/36)
11.3798 	WARNING 	t of last frame was 27.33ms (=1/36)
11.4631 	WARNING 	Multiple dropped frames have occurred - I'll stop bothering you about them!
13.1028 	WARNING 	Couldn't measure a consistent frame rate.
  - Is your graphics card set to sync to vertical blank?
  - Are you running other processes on your computer?

13.1935 	EXP 	Created instText = TextStim(alignHoriz='center', alignVert='center', antialias=True, autoLog=True, bold=False, color=u'white', colorSpace='named', contrast=1.0, depth=0.0, flipHoriz=False, flipVert=False, font=u'Arial', fontFiles=[], height=0.1, italic=False, name='instText', opacity=1.0, ori=0, pos=array([0., 0.]), rgb=array([255., 255., 255.]), text=newstr(...), units=u'norm', win=Window(...), wrapWidth=1)
13.2019 	EXP 	Created target = TextStim(alignHoriz='center', alignVert='center', antialias=True, autoLog=True, bold=False, color=array([1., 1., 1.]), colorSpace='rgb', contrast=1.0, depth=0.0, flipHoriz=False, flipVert=False, font=u'Arial', fontFiles=[], height=0.1, italic=False, name='target', opacity=1.0, ori=0, pos=array([0., 0.]), rgb=array([1., 1., 1.]), text='default text', units=u'norm', win=Window(...), wrapWidth=1)
13.2154 	EXP 	instText: autoDraw = True
16.4322 	DATA 	Keypress: left
16.4738 	EXP 	Imported conditions.xlsx as conditions, 6 conditions, 4 params
16.4744 	EXP 	Created sequence: random, trialTypes=6, nReps=5, seed=None
16.4750 	EXP 	New trial (rep=0, index=0): OrderedDict([(u'word', u'blue'), (u'colour', u'red'), (u'congruent', 0), (u'corrAns', u'left')])
16.4912 	EXP 	instText: autoDraw = False
16.4912 	EXP 	target: color = u'red (named)'
16.4912 	EXP 	target: text = u'blue'
16.9991 	EXP 	target: autoDraw = True
17.8649 	DATA 	Keypress: left
17.8660 	EXP 	New trial (rep=0, index=1): OrderedDict([(u'word', u'blue'), (u'colour', u'blue'), (u'congruent', 1), (u'corrAns', u'right')])
17.8810 	EXP 	target: autoDraw = False
17.8810 	EXP 	target: color = u'blue (named)'
17.8810 	EXP 	target: text = u'blue'
18.3981 	EXP 	target: autoDraw = True
18.6979 	DATA 	Keypress: left
18.7002 	EXP 	New trial (rep=0, index=2): OrderedDict([(u'word', u'green'), (u'colour', u'blue'), (u'congruent', 0), (u'corrAns', u'right')])
18.7244 	EXP 	target: autoDraw = False
18.7244 	EXP 	target: color = u'blue (named)'
18.7244 	EXP 	target: text = u'green'
19.2329 	EXP 	target: autoDraw = True
19.4980 	DATA 	Keypress: left
19.4988 	EXP 	New trial (rep=0, index=3): OrderedDict([(u'word', u'green'), (u'colour', u'green'), (u'congruent', 1), (u'corrAns', u'down')])
19.5147 	EXP 	target: autoDraw = False
19.5147 	EXP 	target: color = u'green (named)'
19.5147 	EXP 	target: text = u'green'
20.0161 	EXP 	target: autoDraw = True
20.6512 	DATA 	Keypress: left
20.6534 	EXP 	New trial (rep=0, index=4): OrderedDict([(u'word', u'red'), (u'colour', u'green'), (u'congruent', 0), (u'corrAns', u'down')])
20.6765 	EXP 	target: autoDraw = False
20.6765 	EXP 	target: color = u'green (named)'
20.6765 	EXP 	target: text = u'red'
21.1839 	EXP 	target: autoDraw = True
21.4997 	DATA 	Keypress: left
21.5003 	EXP 	New trial (rep=0, index=5): OrderedDict([(u'word', u'red'), (u'colour', u'red'), (u'congruent', 1), (u'corrAns', u'left')])
21.5163 	EXP 	target: autoDraw = False
21.5163 	EXP 	target: color = u'red (named)'
21.5163 	EXP 	target: text = u'red'
22.0338 	EXP 	target: autoDraw = True
22.3850 	DATA 	Keypress: left
22.3872 	EXP 	New trial (rep=1, index=0): OrderedDict([(u'word', u'blue'), (u'colour', u'blue'), (u'congruent', 1), (u'corrAns', u'right')])
22.4116 	EXP 	target: autoDraw = False
22.4116 	EXP 	target: color = u'blue (named)'
22.4116 	EXP 	target: text = u'blue'
22.9186 	EXP 	target: autoDraw = True
23.1523 	DATA 	Keypress: left
23.1545 	EXP 	New trial (rep=1, index=1): OrderedDict([(u'word', u'red'), (u'colour', u'red'), (u'congruent', 1), (u'corrAns', u'left')])
23.1791 	EXP 	target: autoDraw = False
23.1791 	EXP 	target: color = u'red (named)'
23.1791 	EXP 	target: text = u'red'
23.6857 	EXP 	target: autoDraw = True
23.9529 	DATA 	Keypress: left
23.9552 	EXP 	New trial (rep=1, index=2): OrderedDict([(u'word', u'blue'), (u'colour', u'red'), (u'congruent', 0), (u'corrAns', u'left')])
23.9788 	EXP 	target: autoDraw = False
23.9788 	EXP 	target: color = u'red (named)'
23.9788 	EXP 	target: text = u'blue'
24.4862 	EXP 	target: autoDraw = True
24.8034 	DATA 	Keypress: left
24.8057 	EXP 	New trial (rep=1, index=3): OrderedDict([(u'word', u'green'), (u'colour', u'blue'), (u'congruent', 0), (u'corrAns', u'right')])
24.8317 	EXP 	target: autoDraw = False
24.8317 	EXP 	target: color = u'blue (named)'
24.8317 	EXP 	target: text = u'green'
25.3367 	EXP 	target: autoDraw = True
25.5886 	DATA 	Keypress: left
25.5909 	EXP 	New trial (rep=1, index=4): OrderedDict([(u'word', u'red'), (u'colour', u'green'), (u'congruent', 0), (u'corrAns', u'down')])
25.6217 	EXP 	target: autoDraw = False
25.6217 	EXP 	target: color = u'green (named)'
25.6217 	EXP 	target: text = u'red'
26.1204 	EXP 	target: autoDraw = True
26.5204 	DATA 	Keypress: down
26.5227 	EXP 	New trial (rep=1, index=5): OrderedDict([(u'word', u'green'), (u'colour', u'green'), (u'congruent', 1), (u'corrAns', u'down')])
26.5475 	EXP 	target: autoDraw = False
26.5475 	EXP 	target: color = u'green (named)'
26.5475 	EXP 	target: text = u'green'
27.0543 	EXP 	target: autoDraw = True
27.3542 	DATA 	Keypress: down
27.3564 	EXP 	New trial (rep=2, index=0): OrderedDict([(u'word', u'blue'), (u'colour', u'red'), (u'congruent', 0), (u'corrAns', u'left')])
27.3801 	EXP 	target: autoDraw = False
27.3801 	EXP 	target: color = u'red (named)'
27.3801 	EXP 	target: text = u'blue'
27.8883 	EXP 	target: autoDraw = True
28.0050 	DATA 	Keypress: down
28.0073 	EXP 	New trial (rep=2, index=1): OrderedDict([(u'word', u'green'), (u'colour', u'green'), (u'congruent', 1), (u'corrAns', u'down')])
28.0310 	EXP 	target: autoDraw = False
28.0310 	EXP 	target: color = u'green (named)'
28.0310 	EXP 	target: text = u'green'
28.5385 	EXP 	target: autoDraw = True
28.7713 	DATA 	Keypress: down
28.7737 	EXP 	New trial (rep=2, index=2): OrderedDict([(u'word', u'red'), (u'colour', u'green'), (u'congruent', 0), (u'corrAns', u'down')])
28.7961 	EXP 	target: autoDraw = False
28.7961 	EXP 	target: color = u'green (named)'
28.7961 	EXP 	target: text = u'red'
29.3074 	EXP 	target: autoDraw = True
29.4556 	DATA 	Keypress: right
29.4578 	EXP 	New trial (rep=2, index=3): OrderedDict([(u'word', u'green'), (u'colour', u'blue'), (u'congruent', 0), (u'corrAns', u'right')])
29.4834 	EXP 	target: autoDraw = False
29.4834 	EXP 	target: color = u'blue (named)'
29.4834 	EXP 	target: text = u'green'
29.9896 	EXP 	target: autoDraw = True
30.2011 	DATA 	Keypress: right
30.2033 	EXP 	New trial (rep=2, index=4): OrderedDict([(u'word', u'red'), (u'colour', u'red'), (u'congruent', 1), (u'corrAns', u'left')])
30.2266 	EXP 	target: autoDraw = False
30.2266 	EXP 	target: color = u'red (named)'
30.2266 	EXP 	target: text = u'red'
30.7235 	EXP 	target: autoDraw = True
30.7898 	DATA 	Keypress: right
30.7920 	EXP 	New trial (rep=2, index=5): OrderedDict([(u'word', u'blue'), (u'colour', u'blue'), (u'congruent', 1), (u'corrAns', u'right')])
30.8167 	EXP 	target: autoDraw = False
30.8167 	EXP 	target: color = u'blue (named)'
30.8167 	EXP 	target: text = u'blue'
31.3237 	EXP 	target: autoDraw = True
31.4064 	DATA 	Keypress: right
31.4087 	EXP 	New trial (rep=3, index=0): OrderedDict([(u'word', u'blue'), (u'colour', u'red'), (u'congruent', 0), (u'corrAns', u'left')])
31.4245 	EXP 	target: autoDraw = False
31.4245 	EXP 	target: color = u'red (named)'
31.4245 	EXP 	target: text = u'blue'
31.9394 	EXP 	target: autoDraw = True
31.9415 	DATA 	Keypress: right
31.9702 	EXP 	New trial (rep=3, index=1): OrderedDict([(u'word', u'green'), (u'colour', u'blue'), (u'congruent', 0), (u'corrAns', u'right')])
31.9952 	EXP 	target: autoDraw = False
31.9952 	EXP 	target: color = u'blue (named)'
31.9952 	EXP 	target: text = u'green'
32.4908 	EXP 	target: autoDraw = True
32.5743 	DATA 	Keypress: right
32.5765 	EXP 	New trial (rep=3, index=2): OrderedDict([(u'word', u'blue'), (u'colour', u'blue'), (u'congruent', 1), (u'corrAns', u'right')])
32.6002 	EXP 	target: autoDraw = False
32.6002 	EXP 	target: color = u'blue (named)'
32.6002 	EXP 	target: text = u'blue'
33.1075 	EXP 	target: autoDraw = True
33.2412 	DATA 	Keypress: right
33.2435 	EXP 	New trial (rep=3, index=3): OrderedDict([(u'word', u'green'), (u'colour', u'green'), (u'congruent', 1), (u'corrAns', u'down')])
33.2688 	EXP 	target: autoDraw = False
33.2688 	EXP 	target: color = u'green (named)'
33.2688 	EXP 	target: text = u'green'
33.3243 	DATA 	Keypress: right
33.7750 	EXP 	target: autoDraw = True
33.8918 	DATA 	Keypress: right
33.8940 	EXP 	New trial (rep=3, index=4): OrderedDict([(u'word', u'red'), (u'colour', u'red'), (u'congruent', 1), (u'corrAns', u'left')])
33.9169 	EXP 	target: autoDraw = False
33.9169 	EXP 	target: color = u'red (named)'
33.9169 	EXP 	target: text = u'red'
34.4257 	EXP 	target: autoDraw = True
34.7918 	DATA 	Keypress: right
34.7940 	EXP 	New trial (rep=3, index=5): OrderedDict([(u'word', u'red'), (u'colour', u'green'), (u'congruent', 0), (u'corrAns', u'down')])
34.8098 	EXP 	target: autoDraw = False
34.8098 	EXP 	target: color = u'green (named)'
34.8098 	EXP 	target: text = u'red'
35.3248 	EXP 	target: autoDraw = True
35.3921 	DATA 	Keypress: right
35.3944 	EXP 	New trial (rep=4, index=0): OrderedDict([(u'word', u'red'), (u'colour', u'red'), (u'congruent', 1), (u'corrAns', u'left')])
35.4102 	EXP 	target: autoDraw = False
35.4102 	EXP 	target: color = u'red (named)'
35.4102 	EXP 	target: text = u'red'
35.9252 	EXP 	target: autoDraw = True
36.1930 	DATA 	Keypress: right
36.1952 	EXP 	New trial (rep=4, index=1): OrderedDict([(u'word', u'green'), (u'colour', u'green'), (u'congruent', 1), (u'corrAns', u'down')])
36.2193 	EXP 	target: autoDraw = False
36.2193 	EXP 	target: color = u'green (named)'
36.2193 	EXP 	target: text = u'green'
36.7268 	EXP 	target: autoDraw = True
37.0770 	DATA 	Keypress: right
37.0793 	EXP 	New trial (rep=4, index=2): OrderedDict([(u'word', u'red'), (u'colour', u'green'), (u'congruent', 0), (u'corrAns', u'down')])
37.1022 	EXP 	target: autoDraw = False
37.1022 	EXP 	target: color = u'green (named)'
37.1022 	EXP 	target: text = u'red'
37.6104 	EXP 	target: autoDraw = True
37.8935 	DATA 	Keypress: right
37.8957 	EXP 	New trial (rep=4, index=3): OrderedDict([(u'word', u'blue'), (u'colour', u'blue'), (u'congruent', 1), (u'corrAns', u'right')])
37.9197 	EXP 	target: autoDraw = False
37.9197 	EXP 	target: color = u'blue (named)'
37.9197 	EXP 	target: text = u'blue'
38.4275 	EXP 	target: autoDraw = True
38.7612 	DATA 	Keypress: right
38.7635 	EXP 	New trial (rep=4, index=4): OrderedDict([(u'word', u'blue'), (u'colour', u'red'), (u'congruent', 0), (u'corrAns', u'left')])
38.7793 	EXP 	target: autoDraw = False
38.7793 	EXP 	target: color = u'red (named)'
38.7793 	EXP 	target: text = u'blue'
39.2939 	EXP 	target: autoDraw = True
39.5952 	DATA 	Keypress: right
39.5974 	EXP 	New trial (rep=4, index=5): OrderedDict([(u'word', u'green'), (u'colour', u'blue'), (u'congruent', 0), (u'corrAns', u'right')])
39.6232 	EXP 	target: autoDraw = False
39.6232 	EXP 	target: color = u'blue (named)'
39.6232 	EXP 	target: text = u'green'
40.1288 	EXP 	target: autoDraw = True
40.4123 	DATA 	Keypress: right
40.5301 	EXP 	window1: mouseVisible = True
