5.6286 	WARNING 	User requested fullscreen with size [1440  810], but screen is actually [2880, 1620]. Using actual size
7.6305 	EXP 	Created window1 = Window(allowGUI=False, allowStencil=False, args=UNKNOWN, autoLog=True, bitsMode=UNKNOWN, blendMode='avg', color=array([0., 0., 0.]), colorSpace='rgb', fullscr=UNKNOWN, gamma=None, kwargs=UNKNOWN, lms=UNKNOWN, monitor=<psychopy.monitors.calibTools.Monitor object at 0x0000000012D566D8>, multiSample=False, name='window1', numSamples=2, pos=[0, 0], screen=0, size=array([2880, 1620]), stereo=False, units=u'norm', useFBO=True, useRetina=False, viewOri=0.0, viewPos=None, viewScale=None, waitBlanking=True, winType=u'pyglet')
7.6305 	EXP 	window1: recordFrameIntervals = False
7.7975 	EXP 	window1: recordFrameIntervals = True
7.9801 	EXP 	window1: recordFrameIntervals = False
8.0838 	EXP 	Created instText = TextStim(alignHoriz='center', alignVert='center', antialias=True, autoLog=True, bold=False, color=u'white', colorSpace='named', contrast=1.0, depth=0.0, flipHoriz=False, flipVert=False, font=u'Arial', fontFiles=[], height=0.1, italic=False, name='instText', opacity=1.0, ori=0, pos=array([0., 0.]), rgb=array([255., 255., 255.]), text=newstr(...), units=u'norm', win=Window(...), wrapWidth=1)
8.0928 	EXP 	Created target = TextStim(alignHoriz='center', alignVert='center', antialias=True, autoLog=True, bold=False, color=array([1., 1., 1.]), colorSpace='rgb', contrast=1.0, depth=0.0, flipHoriz=False, flipVert=False, font=u'Arial', fontFiles=[], height=0.1, italic=False, name='target', opacity=1.0, ori=0, pos=array([0., 0.]), rgb=array([1., 1., 1.]), text='default text', units=u'norm', win=Window(...), wrapWidth=1)
8.1066 	EXP 	instText: autoDraw = True
8.5590 	DATA 	Keypress: down
8.5711 	EXP 	Imported conditions.xlsx as conditions, 6 conditions, 4 params
8.5716 	EXP 	Created sequence: random, trialTypes=6, nReps=1, seed=None
8.5721 	EXP 	New trial (rep=0, index=0): OrderedDict([(u'word', u'green'), (u'colour', u'green'), (u'congruent', 1), (u'corrAns', u'down')])
8.5900 	EXP 	instText: autoDraw = False
8.5900 	EXP 	target: color = u'green (named)'
8.5900 	EXP 	target: text = u'green'
9.0980 	EXP 	target: autoDraw = True
9.3975 	DATA 	Keypress: down
9.3991 	EXP 	New trial (rep=0, index=1): OrderedDict([(u'word', u'green'), (u'colour', u'blue'), (u'congruent', 0), (u'corrAns', u'right')])
9.4146 	EXP 	target: autoDraw = False
9.4146 	EXP 	target: color = u'blue (named)'
9.4146 	EXP 	target: text = u'green'
9.9319 	EXP 	target: autoDraw = True
10.2146 	DATA 	Keypress: down
10.2158 	EXP 	New trial (rep=0, index=2): OrderedDict([(u'word', u'blue'), (u'colour', u'blue'), (u'congruent', 1), (u'corrAns', u'right')])
10.2349 	EXP 	target: autoDraw = False
10.2349 	EXP 	target: color = u'blue (named)'
10.2349 	EXP 	target: text = u'blue'
10.7499 	EXP 	target: autoDraw = True
10.9150 	DATA 	Keypress: down
10.9157 	EXP 	New trial (rep=0, index=3): OrderedDict([(u'word', u'red'), (u'colour', u'red'), (u'congruent', 1), (u'corrAns', u'left')])
10.9345 	EXP 	target: autoDraw = False
10.9345 	EXP 	target: color = u'red (named)'
10.9345 	EXP 	target: text = u'red'
11.4494 	EXP 	target: autoDraw = True
11.5161 	DATA 	Keypress: down
11.5168 	EXP 	New trial (rep=0, index=4): OrderedDict([(u'word', u'red'), (u'colour', u'green'), (u'congruent', 0), (u'corrAns', u'down')])
11.5331 	EXP 	target: autoDraw = False
11.5331 	EXP 	target: color = u'green (named)'
11.5331 	EXP 	target: text = u'red'
12.0484 	EXP 	target: autoDraw = True
12.3003 	DATA 	Keypress: down
12.3010 	EXP 	New trial (rep=0, index=5): OrderedDict([(u'word', u'blue'), (u'colour', u'red'), (u'congruent', 0), (u'corrAns', u'left')])
12.3240 	EXP 	target: autoDraw = False
12.3240 	EXP 	target: color = u'red (named)'
12.3240 	EXP 	target: text = u'blue'
12.8334 	EXP 	target: autoDraw = True
13.1497 	DATA 	Keypress: down
13.2807 	EXP 	window1: mouseVisible = True
